2025-08-05 00:01:09.907 [main] INFO  p.c.s.AutomationExerciseCompleteTest - === Starting AutomationExercise Complete Test Suite with Zipkin Integration ===
2025-08-05 00:01:10.689 [main] INFO  p.com.saucedemo.utils.ZipkinTracer - ZipkinTracer initialized with traceId: 277ea6831cc140c2, spanId: d39446b6f160424e
2025-08-05 00:01:10.970 [main] DEBUG p.com.saucedemo.utils.ZipkinTracer - Span sent successfully to Zipkin
2025-08-05 00:01:10.970 [main] INFO  p.com.saucedemo.utils.ZipkinTracer - Started span: test.suite.setup - Initialize test automation suite
2025-08-05 00:01:12.455 [main] INFO  i.g.bonigarcia.wdm.WebDriverManager - Using chromedriver 138.0.7204.183 (resolved driver for Chrome 138)
2025-08-05 00:01:12.506 [main] INFO  i.g.bonigarcia.wdm.WebDriverManager - Exporting webdriver.chrome.driver as C:\Users\kavci\.cache\selenium\chromedriver\win64\138.0.7204.183\chromedriver.exe
2025-08-05 00:01:15.313 [main] INFO  p.c.saucedemo.config.WebDriverConfig - WebDriver initialized successfully for browser: chrome
2025-08-05 00:01:15.320 [main] INFO  p.com.saucedemo.utils.ZipkinTracer - ZipkinTracer initialized with traceId: 50f0b19616874e0b, spanId: d3eb953bffdd456c
2025-08-05 00:01:15.323 [main] INFO  p.com.saucedemo.utils.ZipkinTracer - ZipkinTracer initialized with traceId: 638882f7861b4be6, spanId: c12345573ea4437f
2025-08-05 00:01:15.343 [main] DEBUG p.com.saucedemo.utils.ZipkinTracer - Span sent successfully to Zipkin
2025-08-05 00:01:15.343 [main] INFO  p.com.saucedemo.utils.ZipkinTracer - Started span: enable-network-logging - Enable network logging for browser
2025-08-05 00:01:15.344 [main] INFO  p.com.saucedemo.utils.NetworkTracer - Network logging enabled
2025-08-05 00:01:15.363 [main] DEBUG p.com.saucedemo.utils.ZipkinTracer - Span sent successfully to Zipkin
2025-08-05 00:01:15.363 [main] INFO  p.com.saucedemo.utils.ZipkinTracer - Ended span: enable-network-logging - Duration: 21ms, Success: true
2025-08-05 00:01:15.373 [main] DEBUG p.com.saucedemo.utils.ZipkinTracer - Span sent successfully to Zipkin
2025-08-05 00:01:15.374 [main] INFO  p.com.saucedemo.utils.ZipkinTracer - Started span: monitor-network-activity - Monitor network activity: AutomationExercise Network Monitoring
2025-08-05 00:01:15.398 [main] DEBUG p.com.saucedemo.utils.ZipkinTracer - Span sent successfully to Zipkin
2025-08-05 00:01:15.400 [main] INFO  p.com.saucedemo.utils.ZipkinTracer - Tracked test step: Network Monitoring - Network monitoring enabled for: AutomationExercise Network Monitoring (1754341275391ms, PASS)
2025-08-05 00:01:15.408 [main] DEBUG p.com.saucedemo.utils.ZipkinTracer - Span sent successfully to Zipkin
2025-08-05 00:01:15.408 [main] INFO  p.com.saucedemo.utils.ZipkinTracer - Ended span: monitor-network-activity - Duration: 79ms, Success: true
2025-08-05 00:01:15.684 [main] INFO  p.c.s.utils.TestDataGenerator - Generated user info: UserInfo{firstName='Fred', lastName='Emmerich', email='joesph.mohr@hotmail.com', password='8uMrv8%*#@PH'}
2025-08-05 00:01:15.694 [main] DEBUG p.com.saucedemo.utils.ZipkinTracer - Span sent successfully to Zipkin
2025-08-05 00:01:15.694 [main] INFO  p.com.saucedemo.utils.ZipkinTracer - Ended span: test.suite.setup - Duration: 4998ms, Success: true
2025-08-05 00:01:15.694 [main] INFO  p.c.s.AutomationExerciseCompleteTest - Test setup completed successfully with Zipkin tracing
2025-08-05 00:01:15.715 [main] INFO  p.c.s.AutomationExerciseCompleteTest - === Step 1: Creating new account ===
2025-08-05 00:01:15.721 [main] DEBUG p.com.saucedemo.utils.ZipkinTracer - Span sent successfully to Zipkin
2025-08-05 00:01:15.721 [main] INFO  p.com.saucedemo.utils.ZipkinTracer - Started span: test.create.account - Create new user account
2025-08-05 00:01:15.722 [main] INFO  proje.com.saucedemo.pages.HomePage - Navigating to AutomationExercise home page
2025-08-05 00:01:19.637 [main] INFO  proje.com.saucedemo.pages.HomePage - Successfully navigated to home page
2025-08-05 00:01:19.643 [main] DEBUG p.com.saucedemo.utils.ZipkinTracer - Span sent successfully to Zipkin
2025-08-05 00:01:19.644 [main] INFO  p.com.saucedemo.utils.ZipkinTracer - Tracked page navigation: Home - https://www.automationexercise.com (3922ms)
2025-08-05 00:01:19.653 [main] DEBUG p.com.saucedemo.utils.ZipkinTracer - Span sent successfully to Zipkin
2025-08-05 00:01:19.653 [main] INFO  p.com.saucedemo.utils.ZipkinTracer - Started span: capture-network-requests - Capture network requests for operation: home-page-navigation
2025-08-05 00:01:19.671 [main] ERROR p.com.saucedemo.utils.NetworkTracer - Failed to capture network requests: invalid argument: log type 'performance' not found
  (Session info: chrome=138.0.7204.184)
Build info: version: '4.18.1', revision: 'b1d3319b48'
System info: os.name: 'Windows 10', os.arch: 'amd64', os.version: '10.0', java.version: '21'
Driver info: org.openqa.selenium.chrome.ChromeDriver
Command: [a4272decb9ba633c9ed8e459c68e0a12, getLog {type=performance}]
Capabilities {acceptInsecureCerts: false, browserName: chrome, browserVersion: 138.0.7204.184, chrome: {chromedriverVersion: 138.0.7204.183 (e90faf484dd..., userDataDir: C:\Users\kavci\AppData\Loca...}, fedcm:accounts: true, goog:chromeOptions: {debuggerAddress: localhost:59805}, networkConnectionEnabled: false, pageLoadStrategy: normal, platformName: windows, proxy: Proxy(), se:cdp: ws://localhost:59805/devtoo..., se:cdpVersion: 138.0.7204.184, setWindowRect: true, strictFileInteractability: false, timeouts: {implicit: 0, pageLoad: 300000, script: 30000}, unhandledPromptBehavior: dismiss and notify, webauthn:extension:credBlob: true, webauthn:extension:largeBlob: true, webauthn:extension:minPinLength: true, webauthn:extension:prf: true, webauthn:virtualAuthenticators: true}
Session ID: a4272decb9ba633c9ed8e459c68e0a12
2025-08-05 00:01:19.680 [main] DEBUG p.com.saucedemo.utils.ZipkinTracer - Span sent successfully to Zipkin
2025-08-05 00:01:19.681 [main] INFO  p.com.saucedemo.utils.ZipkinTracer - Tracked test step: Network Capture - Failed to capture network requests (1754341279671ms, FAIL)
2025-08-05 00:01:19.688 [main] DEBUG p.com.saucedemo.utils.ZipkinTracer - Span sent successfully to Zipkin
2025-08-05 00:01:19.688 [main] INFO  p.com.saucedemo.utils.ZipkinTracer - Ended span: capture-network-requests - Duration: 4358ms, Success: false
2025-08-05 00:01:19.688 [main] INFO  proje.com.saucedemo.pages.HomePage - Clicking on Signup/Login link
2025-08-05 00:01:20.723 [main] INFO  proje.com.saucedemo.pages.HomePage - Successfully clicked on Signup/Login link
2025-08-05 00:01:20.732 [main] DEBUG p.com.saucedemo.utils.ZipkinTracer - Span sent successfully to Zipkin
2025-08-05 00:01:20.733 [main] INFO  p.com.saucedemo.utils.ZipkinTracer - Tracked element interaction: SignupLogin Link - click (5008ms)
2025-08-05 00:01:20.741 [main] DEBUG p.com.saucedemo.utils.ZipkinTracer - Span sent successfully to Zipkin
2025-08-05 00:01:20.742 [main] INFO  p.com.saucedemo.utils.ZipkinTracer - Started span: capture-network-requests - Capture network requests for operation: signup-page-load
2025-08-05 00:01:20.750 [main] ERROR p.com.saucedemo.utils.NetworkTracer - Failed to capture network requests: invalid argument: log type 'performance' not found
  (Session info: chrome=138.0.7204.184)
Build info: version: '4.18.1', revision: 'b1d3319b48'
System info: os.name: 'Windows 10', os.arch: 'amd64', os.version: '10.0', java.version: '21'
Driver info: org.openqa.selenium.chrome.ChromeDriver
Command: [a4272decb9ba633c9ed8e459c68e0a12, getLog {type=performance}]
Capabilities {acceptInsecureCerts: false, browserName: chrome, browserVersion: 138.0.7204.184, chrome: {chromedriverVersion: 138.0.7204.183 (e90faf484dd..., userDataDir: C:\Users\kavci\AppData\Loca...}, fedcm:accounts: true, goog:chromeOptions: {debuggerAddress: localhost:59805}, networkConnectionEnabled: false, pageLoadStrategy: normal, platformName: windows, proxy: Proxy(), se:cdp: ws://localhost:59805/devtoo..., se:cdpVersion: 138.0.7204.184, setWindowRect: true, strictFileInteractability: false, timeouts: {implicit: 0, pageLoad: 300000, script: 30000}, unhandledPromptBehavior: dismiss and notify, webauthn:extension:credBlob: true, webauthn:extension:largeBlob: true, webauthn:extension:minPinLength: true, webauthn:extension:prf: true, webauthn:virtualAuthenticators: true}
Session ID: a4272decb9ba633c9ed8e459c68e0a12
2025-08-05 00:01:20.759 [main] DEBUG p.com.saucedemo.utils.ZipkinTracer - Span sent successfully to Zipkin
2025-08-05 00:01:20.759 [main] INFO  p.com.saucedemo.utils.ZipkinTracer - Tracked test step: Network Capture - Failed to capture network requests (1754341280751ms, FAIL)
2025-08-05 00:01:20.768 [main] DEBUG p.com.saucedemo.utils.ZipkinTracer - Span sent successfully to Zipkin
2025-08-05 00:01:20.768 [main] INFO  p.com.saucedemo.utils.ZipkinTracer - Ended span: capture-network-requests - Duration: 5436ms, Success: false
2025-08-05 00:01:20.768 [main] INFO  p.c.saucedemo.pages.SignupLoginPage - Starting signup process with name: Fred Emmerich and email: joesph.mohr@hotmail.com
2025-08-05 00:01:23.266 [main] INFO  p.c.saucedemo.pages.SignupLoginPage - Signup form submitted
2025-08-05 00:01:23.285 [main] DEBUG p.com.saucedemo.utils.ZipkinTracer - Span sent successfully to Zipkin
2025-08-05 00:01:23.285 [main] INFO  p.com.saucedemo.utils.ZipkinTracer - Tracked element interaction: Signup Form - submit (7551ms)
2025-08-05 00:01:23.304 [main] DEBUG p.com.saucedemo.utils.ZipkinTracer - Span sent successfully to Zipkin
2025-08-05 00:01:23.305 [main] INFO  p.com.saucedemo.utils.ZipkinTracer - Started span: capture-network-requests - Capture network requests for operation: signup-form-submission
2025-08-05 00:01:23.332 [main] ERROR p.com.saucedemo.utils.NetworkTracer - Failed to capture network requests: invalid argument: log type 'performance' not found
  (Session info: chrome=138.0.7204.184)
Build info: version: '4.18.1', revision: 'b1d3319b48'
System info: os.name: 'Windows 10', os.arch: 'amd64', os.version: '10.0', java.version: '21'
Driver info: org.openqa.selenium.chrome.ChromeDriver
Command: [a4272decb9ba633c9ed8e459c68e0a12, getLog {type=performance}]
Capabilities {acceptInsecureCerts: false, browserName: chrome, browserVersion: 138.0.7204.184, chrome: {chromedriverVersion: 138.0.7204.183 (e90faf484dd..., userDataDir: C:\Users\kavci\AppData\Loca...}, fedcm:accounts: true, goog:chromeOptions: {debuggerAddress: localhost:59805}, networkConnectionEnabled: false, pageLoadStrategy: normal, platformName: windows, proxy: Proxy(), se:cdp: ws://localhost:59805/devtoo..., se:cdpVersion: 138.0.7204.184, setWindowRect: true, strictFileInteractability: false, timeouts: {implicit: 0, pageLoad: 300000, script: 30000}, unhandledPromptBehavior: dismiss and notify, webauthn:extension:credBlob: true, webauthn:extension:largeBlob: true, webauthn:extension:minPinLength: true, webauthn:extension:prf: true, webauthn:virtualAuthenticators: true}
Session ID: a4272decb9ba633c9ed8e459c68e0a12
2025-08-05 00:01:23.351 [main] DEBUG p.com.saucedemo.utils.ZipkinTracer - Span sent successfully to Zipkin
2025-08-05 00:01:23.351 [main] INFO  p.com.saucedemo.utils.ZipkinTracer - Tracked test step: Network Capture - Failed to capture network requests (1754341283332ms, FAIL)
2025-08-05 00:01:23.357 [main] DEBUG p.com.saucedemo.utils.ZipkinTracer - Span sent successfully to Zipkin
2025-08-05 00:01:23.357 [main] INFO  p.com.saucedemo.utils.ZipkinTracer - Ended span: capture-network-requests - Duration: 8028ms, Success: false
2025-08-05 00:01:33.454 [main] INFO  p.c.s.utils.TestDataGenerator - Generated account info: AccountInfo{title='Mr', firstName='Quinn', lastName='Hagenes', company='Parisian, Mante and Gerhold', address1='24657 Strosin Wells, North Thomas, CO 56573-5155', address2='426 Boehm Run, Indiastad, CA 72490', country='Ecuador', state='Connecticut', city='New Stanleyside', zipcode='76572-9436', mobileNumber='070-365-3942', day='19', month='5', year='1985'}
2025-08-05 00:01:33.479 [main] INFO  p.c.saucedemo.pages.SignupLoginPage - Filling account information form
2025-08-05 00:01:35.476 [main] INFO  p.c.saucedemo.pages.SignupLoginPage - Account information form filled successfully
2025-08-05 00:01:35.484 [main] DEBUG p.com.saucedemo.utils.ZipkinTracer - Span sent successfully to Zipkin
2025-08-05 00:01:35.484 [main] INFO  p.com.saucedemo.utils.ZipkinTracer - Tracked element interaction: Account Details - fill (19761ms)
2025-08-05 00:01:35.491 [main] DEBUG p.com.saucedemo.utils.ZipkinTracer - Span sent successfully to Zipkin
2025-08-05 00:01:35.492 [main] INFO  p.com.saucedemo.utils.ZipkinTracer - Started span: capture-network-requests - Capture network requests for operation: account-creation
2025-08-05 00:01:35.497 [main] ERROR p.com.saucedemo.utils.NetworkTracer - Failed to capture network requests: invalid argument: log type 'performance' not found
  (Session info: chrome=138.0.7204.184)
Build info: version: '4.18.1', revision: 'b1d3319b48'
System info: os.name: 'Windows 10', os.arch: 'amd64', os.version: '10.0', java.version: '21'
Driver info: org.openqa.selenium.chrome.ChromeDriver
Command: [a4272decb9ba633c9ed8e459c68e0a12, getLog {type=performance}]
Capabilities {acceptInsecureCerts: false, browserName: chrome, browserVersion: 138.0.7204.184, chrome: {chromedriverVersion: 138.0.7204.183 (e90faf484dd..., userDataDir: C:\Users\kavci\AppData\Loca...}, fedcm:accounts: true, goog:chromeOptions: {debuggerAddress: localhost:59805}, networkConnectionEnabled: false, pageLoadStrategy: normal, platformName: windows, proxy: Proxy(), se:cdp: ws://localhost:59805/devtoo..., se:cdpVersion: 138.0.7204.184, setWindowRect: true, strictFileInteractability: false, timeouts: {implicit: 0, pageLoad: 300000, script: 30000}, unhandledPromptBehavior: dismiss and notify, webauthn:extension:credBlob: true, webauthn:extension:largeBlob: true, webauthn:extension:minPinLength: true, webauthn:extension:prf: true, webauthn:virtualAuthenticators: true}
Session ID: a4272decb9ba633c9ed8e459c68e0a12
2025-08-05 00:01:35.502 [main] DEBUG p.com.saucedemo.utils.ZipkinTracer - Span sent successfully to Zipkin
2025-08-05 00:01:35.502 [main] INFO  p.com.saucedemo.utils.ZipkinTracer - Tracked test step: Network Capture - Failed to capture network requests (1754341295497ms, FAIL)
2025-08-05 00:01:35.511 [main] DEBUG p.com.saucedemo.utils.ZipkinTracer - Span sent successfully to Zipkin
2025-08-05 00:01:35.511 [main] INFO  p.com.saucedemo.utils.ZipkinTracer - Ended span: capture-network-requests - Duration: 20179ms, Success: false
2025-08-05 00:01:35.511 [main] INFO  p.c.saucedemo.pages.SignupLoginPage - Creating account
2025-08-05 00:01:37.574 [main] INFO  p.c.saucedemo.pages.SignupLoginPage - Account creation initiated
2025-08-05 00:01:37.584 [main] DEBUG p.com.saucedemo.utils.ZipkinTracer - Span sent successfully to Zipkin
2025-08-05 00:01:37.584 [main] INFO  p.com.saucedemo.utils.ZipkinTracer - Tracked element interaction: Create Account Button - click (21859ms)
2025-08-05 00:01:37.594 [main] DEBUG p.com.saucedemo.utils.ZipkinTracer - Span sent successfully to Zipkin
2025-08-05 00:01:37.595 [main] INFO  p.com.saucedemo.utils.ZipkinTracer - Started span: wait-for-network-idle - Wait for network to become idle
2025-08-05 00:02:07.621 [main] ERROR p.com.saucedemo.utils.NetworkTracer - Failed to wait for network idle: script timeout
  (Session info: chrome=138.0.7204.184)
Build info: version: '4.18.1', revision: 'b1d3319b48'
System info: os.name: 'Windows 10', os.arch: 'amd64', os.version: '10.0', java.version: '21'
Driver info: org.openqa.selenium.chrome.ChromeDriver
Command: [a4272decb9ba633c9ed8e459c68e0a12, executeAsyncScript {args=[], script=return new Promise((resolve) => {
    let lastRequestTime = Date.now();
    let checkInterval = setInterval(() => {
        if (Date.now() - lastRequestTime > 1000) {
            clearInterval(checkInterval);
            resolve(true);
        }
    }, 100);

    // Override fetch to track requests
    let originalFetch = window.fetch;
    window.fetch = function(...args) {
        lastRequestTime = Date.now();
        return originalFetch.apply(this, args);
    };

    // Override XHR to track requests
    let originalOpen = XMLHttpRequest.prototype.open;
    XMLHttpRequest.prototype.open = function() {
        lastRequestTime = Date.now();
        return originalOpen.apply(this, arguments);
    };
});
}]
Capabilities {acceptInsecureCerts: false, browserName: chrome, browserVersion: 138.0.7204.184, chrome: {chromedriverVersion: 138.0.7204.183 (e90faf484dd..., userDataDir: C:\Users\kavci\AppData\Loca...}, fedcm:accounts: true, goog:chromeOptions: {debuggerAddress: localhost:59805}, networkConnectionEnabled: false, pageLoadStrategy: normal, platformName: windows, proxy: Proxy(), se:cdp: ws://localhost:59805/devtoo..., se:cdpVersion: 138.0.7204.184, setWindowRect: true, strictFileInteractability: false, timeouts: {implicit: 0, pageLoad: 300000, script: 30000}, unhandledPromptBehavior: dismiss and notify, webauthn:extension:credBlob: true, webauthn:extension:largeBlob: true, webauthn:extension:minPinLength: true, webauthn:extension:prf: true, webauthn:virtualAuthenticators: true}
Session ID: a4272decb9ba633c9ed8e459c68e0a12
2025-08-05 00:02:07.638 [main] DEBUG p.com.saucedemo.utils.ZipkinTracer - Span sent successfully to Zipkin
2025-08-05 00:02:07.639 [main] INFO  p.com.saucedemo.utils.ZipkinTracer - Tracked test step: Network Idle - Failed to wait for network idle (1754341327622ms, FAIL)
2025-08-05 00:02:07.645 [main] DEBUG p.com.saucedemo.utils.ZipkinTracer - Span sent successfully to Zipkin
2025-08-05 00:02:07.645 [main] INFO  p.com.saucedemo.utils.ZipkinTracer - Ended span: wait-for-network-idle - Duration: 52316ms, Success: false
2025-08-05 00:02:07.681 [main] INFO  p.c.saucedemo.pages.SignupLoginPage - Account created successfully
2025-08-05 00:02:07.681 [main] INFO  p.c.s.v.VerificationHelper - Account created successfully
2025-08-05 00:02:07.689 [main] DEBUG p.com.saucedemo.utils.ZipkinTracer - Span sent successfully to Zipkin
2025-08-05 00:02:07.690 [main] INFO  p.com.saucedemo.utils.ZipkinTracer - Tracked test step: Account Creation Verification - Verify account was created successfully (51966ms, PASS)
2025-08-05 00:02:07.696 [main] DEBUG p.com.saucedemo.utils.ZipkinTracer - Span sent successfully to Zipkin
2025-08-05 00:02:07.696 [main] INFO  p.com.saucedemo.utils.ZipkinTracer - Tracked test step: Create Account - Successfully created user account (51975ms, PASS)
2025-08-05 00:02:07.702 [main] DEBUG p.com.saucedemo.utils.ZipkinTracer - Span sent successfully to Zipkin
2025-08-05 00:02:07.702 [main] INFO  p.com.saucedemo.utils.ZipkinTracer - Ended span: test.create.account - Duration: 57007ms, Success: true
2025-08-05 00:02:07.702 [main] INFO  p.c.s.AutomationExerciseCompleteTest - === Step 1 completed: Account created successfully ===
2025-08-05 00:02:07.715 [main] INFO  p.c.s.AutomationExerciseCompleteTest - === Step 2: Adding products to cart ===
2025-08-05 00:02:07.723 [main] DEBUG p.com.saucedemo.utils.ZipkinTracer - Span sent successfully to Zipkin
2025-08-05 00:02:07.724 [main] INFO  p.com.saucedemo.utils.ZipkinTracer - Started span: test.add.products - Add random products to cart
2025-08-05 00:02:07.724 [main] INFO  p.com.saucedemo.pages.ProductsPage - Navigating to products page
2025-08-05 00:02:10.318 [main] INFO  p.com.saucedemo.pages.ProductsPage - Successfully navigated to products page
2025-08-05 00:02:10.324 [main] DEBUG p.com.saucedemo.utils.ZipkinTracer - Span sent successfully to Zipkin
2025-08-05 00:02:10.324 [main] INFO  p.com.saucedemo.utils.ZipkinTracer - Tracked page navigation: Products - https://www.automationexercise.com/products (2603ms)
2025-08-05 00:02:10.362 [main] INFO  p.c.s.v.VerificationHelper - Products page loaded successfully
2025-08-05 00:02:10.370 [main] DEBUG p.com.saucedemo.utils.ZipkinTracer - Span sent successfully to Zipkin
2025-08-05 00:02:10.370 [main] INFO  p.com.saucedemo.utils.ZipkinTracer - Started span: capture-network-requests - Capture network requests for operation: products-page-load
2025-08-05 00:02:10.381 [main] ERROR p.com.saucedemo.utils.NetworkTracer - Failed to capture network requests: invalid argument: log type 'performance' not found
  (Session info: chrome=138.0.7204.184)
Build info: version: '4.18.1', revision: 'b1d3319b48'
System info: os.name: 'Windows 10', os.arch: 'amd64', os.version: '10.0', java.version: '21'
Driver info: org.openqa.selenium.chrome.ChromeDriver
Command: [a4272decb9ba633c9ed8e459c68e0a12, getLog {type=performance}]
Capabilities {acceptInsecureCerts: false, browserName: chrome, browserVersion: 138.0.7204.184, chrome: {chromedriverVersion: 138.0.7204.183 (e90faf484dd..., userDataDir: C:\Users\kavci\AppData\Loca...}, fedcm:accounts: true, goog:chromeOptions: {debuggerAddress: localhost:59805}, networkConnectionEnabled: false, pageLoadStrategy: normal, platformName: windows, proxy: Proxy(), se:cdp: ws://localhost:59805/devtoo..., se:cdpVersion: 138.0.7204.184, setWindowRect: true, strictFileInteractability: false, timeouts: {implicit: 0, pageLoad: 300000, script: 30000}, unhandledPromptBehavior: dismiss and notify, webauthn:extension:credBlob: true, webauthn:extension:largeBlob: true, webauthn:extension:minPinLength: true, webauthn:extension:prf: true, webauthn:virtualAuthenticators: true}
Session ID: a4272decb9ba633c9ed8e459c68e0a12
2025-08-05 00:02:10.390 [main] DEBUG p.com.saucedemo.utils.ZipkinTracer - Span sent successfully to Zipkin
2025-08-05 00:02:10.390 [main] INFO  p.com.saucedemo.utils.ZipkinTracer - Tracked test step: Network Capture - Failed to capture network requests (1754341330381ms, FAIL)
2025-08-05 00:02:10.401 [main] DEBUG p.com.saucedemo.utils.ZipkinTracer - Span sent successfully to Zipkin
2025-08-05 00:02:10.402 [main] INFO  p.com.saucedemo.utils.ZipkinTracer - Ended span: capture-network-requests - Duration: 55067ms, Success: false
2025-08-05 00:02:10.402 [main] INFO  p.com.saucedemo.pages.ProductsPage - Adding random product to cart
2025-08-05 00:02:10.402 [main] INFO  p.com.saucedemo.pages.ProductsPage - Getting all add to cart buttons
2025-08-05 00:02:20.726 [main] ERROR p.c.s.AutomationExerciseCompleteTest - Step 2 failed: Expected condition failed: waiting for element to be clickable: [[ChromeDriver: chrome on windows (a4272decb9ba633c9ed8e459c68e0a12)] -> css selector: .add-to-cart] (tried for 10 second(s) with 500 milliseconds interval)
Build info: version: '4.18.1', revision: 'b1d3319b48'
System info: os.name: 'Windows 10', os.arch: 'amd64', os.version: '10.0', java.version: '21'
Driver info: org.openqa.selenium.chrome.ChromeDriver
Capabilities {acceptInsecureCerts: false, browserName: chrome, browserVersion: 138.0.7204.184, chrome: {chromedriverVersion: 138.0.7204.183 (e90faf484dd..., userDataDir: C:\Users\kavci\AppData\Loca...}, fedcm:accounts: true, goog:chromeOptions: {debuggerAddress: localhost:59805}, networkConnectionEnabled: false, pageLoadStrategy: normal, platformName: windows, proxy: Proxy(), se:cdp: ws://localhost:59805/devtoo..., se:cdpVersion: 138.0.7204.184, setWindowRect: true, strictFileInteractability: false, timeouts: {implicit: 0, pageLoad: 300000, script: 30000}, unhandledPromptBehavior: dismiss and notify, webauthn:extension:credBlob: true, webauthn:extension:largeBlob: true, webauthn:extension:minPinLength: true, webauthn:extension:prf: true, webauthn:virtualAuthenticators: true}
Session ID: a4272decb9ba633c9ed8e459c68e0a12
2025-08-05 00:02:20.732 [main] DEBUG p.com.saucedemo.utils.ZipkinTracer - Span sent successfully to Zipkin
2025-08-05 00:02:20.732 [main] INFO  p.com.saucedemo.utils.ZipkinTracer - Tracked test step: Add Products - Failed to add products to cart (13011ms, FAIL)
2025-08-05 00:02:20.736 [main] DEBUG p.com.saucedemo.utils.ZipkinTracer - Span sent successfully to Zipkin
2025-08-05 00:02:20.736 [main] INFO  p.com.saucedemo.utils.ZipkinTracer - Ended span: test.add.products - Duration: 70043ms, Success: false
2025-08-05 00:02:20.756 [main] INFO  p.c.s.AutomationExerciseCompleteTest - === Step 3: Verifying cart products ===
2025-08-05 00:02:20.763 [main] DEBUG p.com.saucedemo.utils.ZipkinTracer - Span sent successfully to Zipkin
2025-08-05 00:02:20.763 [main] INFO  p.com.saucedemo.utils.ZipkinTracer - Started span: test.verify.cart - Verify products in cart
2025-08-05 00:02:20.763 [main] INFO  proje.com.saucedemo.pages.CartPage - Navigating to cart page
2025-08-05 00:02:32.083 [main] ERROR p.c.s.AutomationExerciseCompleteTest - Step 3 failed: Expected condition failed: waiting for visibility of element located by By.cssSelector: .breadcrumbs h2 (tried for 10 second(s) with 500 milliseconds interval)
Build info: version: '4.18.1', revision: 'b1d3319b48'
System info: os.name: 'Windows 10', os.arch: 'amd64', os.version: '10.0', java.version: '21'
Driver info: org.openqa.selenium.chrome.ChromeDriver
Capabilities {acceptInsecureCerts: false, browserName: chrome, browserVersion: 138.0.7204.184, chrome: {chromedriverVersion: 138.0.7204.183 (e90faf484dd..., userDataDir: C:\Users\kavci\AppData\Loca...}, fedcm:accounts: true, goog:chromeOptions: {debuggerAddress: localhost:59805}, networkConnectionEnabled: false, pageLoadStrategy: normal, platformName: windows, proxy: Proxy(), se:cdp: ws://localhost:59805/devtoo..., se:cdpVersion: 138.0.7204.184, setWindowRect: true, strictFileInteractability: false, timeouts: {implicit: 0, pageLoad: 300000, script: 30000}, unhandledPromptBehavior: dismiss and notify, webauthn:extension:credBlob: true, webauthn:extension:largeBlob: true, webauthn:extension:minPinLength: true, webauthn:extension:prf: true, webauthn:virtualAuthenticators: true}
Session ID: a4272decb9ba633c9ed8e459c68e0a12
2025-08-05 00:02:32.091 [main] DEBUG p.com.saucedemo.utils.ZipkinTracer - Span sent successfully to Zipkin
2025-08-05 00:02:32.091 [main] INFO  p.com.saucedemo.utils.ZipkinTracer - Tracked test step: Verify Cart - Failed to verify cart products (11328ms, FAIL)
2025-08-05 00:02:32.096 [main] DEBUG p.com.saucedemo.utils.ZipkinTracer - Span sent successfully to Zipkin
2025-08-05 00:02:32.096 [main] INFO  p.com.saucedemo.utils.ZipkinTracer - Ended span: test.verify.cart - Duration: 81402ms, Success: false
2025-08-05 00:02:32.102 [main] INFO  p.c.s.AutomationExerciseCompleteTest - === Step 4: Proceeding to checkout ===
2025-08-05 00:02:32.113 [main] DEBUG p.com.saucedemo.utils.ZipkinTracer - Span sent successfully to Zipkin
2025-08-05 00:02:32.113 [main] INFO  p.com.saucedemo.utils.ZipkinTracer - Started span: test.proceed.checkout - Proceed to checkout
2025-08-05 00:02:32.113 [main] INFO  proje.com.saucedemo.pages.CartPage - Clicking on Proceed to Checkout button
2025-08-05 00:02:42.173 [main] ERROR p.c.s.AutomationExerciseCompleteTest - Step 4 failed: Expected condition failed: waiting for element to be clickable: By.cssSelector: .btn.check_out (tried for 10 second(s) with 500 milliseconds interval)
Build info: version: '4.18.1', revision: 'b1d3319b48'
System info: os.name: 'Windows 10', os.arch: 'amd64', os.version: '10.0', java.version: '21'
Driver info: org.openqa.selenium.chrome.ChromeDriver
Capabilities {acceptInsecureCerts: false, browserName: chrome, browserVersion: 138.0.7204.184, chrome: {chromedriverVersion: 138.0.7204.183 (e90faf484dd..., userDataDir: C:\Users\kavci\AppData\Loca...}, fedcm:accounts: true, goog:chromeOptions: {debuggerAddress: localhost:59805}, networkConnectionEnabled: false, pageLoadStrategy: normal, platformName: windows, proxy: Proxy(), se:cdp: ws://localhost:59805/devtoo..., se:cdpVersion: 138.0.7204.184, setWindowRect: true, strictFileInteractability: false, timeouts: {implicit: 0, pageLoad: 300000, script: 30000}, unhandledPromptBehavior: dismiss and notify, webauthn:extension:credBlob: true, webauthn:extension:largeBlob: true, webauthn:extension:minPinLength: true, webauthn:extension:prf: true, webauthn:virtualAuthenticators: true}
Session ID: a4272decb9ba633c9ed8e459c68e0a12
2025-08-05 00:02:42.179 [main] DEBUG p.com.saucedemo.utils.ZipkinTracer - Span sent successfully to Zipkin
2025-08-05 00:02:42.179 [main] INFO  p.com.saucedemo.utils.ZipkinTracer - Tracked test step: Proceed Checkout - Failed to proceed to checkout (10071ms, FAIL)
2025-08-05 00:02:42.185 [main] DEBUG p.com.saucedemo.utils.ZipkinTracer - Span sent successfully to Zipkin
2025-08-05 00:02:42.186 [main] INFO  p.com.saucedemo.utils.ZipkinTracer - Ended span: test.proceed.checkout - Duration: 91490ms, Success: false
2025-08-05 00:02:42.189 [main] INFO  p.c.s.AutomationExerciseCompleteTest - === Step 5: Filling checkout information ===
2025-08-05 00:02:42.196 [main] DEBUG p.com.saucedemo.utils.ZipkinTracer - Span sent successfully to Zipkin
2025-08-05 00:02:42.196 [main] INFO  p.com.saucedemo.utils.ZipkinTracer - Started span: test.fill.checkout - Fill checkout information
2025-08-05 00:02:42.200 [main] INFO  p.c.s.utils.TestDataGenerator - Generated checkout info: CheckoutInfo{firstName='Jeffrey', lastName='Cronin', postalCode='36816', address='3216 Streich Club, Littelmouth, CT 77834', city='Dooleyshire', state='Arkansas', phone='1-451-966-5070 x5204', country='Antarctica (the territory South of 60 deg S)'}
2025-08-05 00:02:42.205 [main] INFO  p.com.saucedemo.pages.CheckoutPage - Filling delivery address information
2025-08-05 00:02:52.235 [main] ERROR p.c.s.AutomationExerciseCompleteTest - Step 5 failed: Expected condition failed: waiting for visibility of element located by By.id: name (tried for 10 second(s) with 500 milliseconds interval)
Build info: version: '4.18.1', revision: 'b1d3319b48'
System info: os.name: 'Windows 10', os.arch: 'amd64', os.version: '10.0', java.version: '21'
Driver info: org.openqa.selenium.chrome.ChromeDriver
Capabilities {acceptInsecureCerts: false, browserName: chrome, browserVersion: 138.0.7204.184, chrome: {chromedriverVersion: 138.0.7204.183 (e90faf484dd..., userDataDir: C:\Users\kavci\AppData\Loca...}, fedcm:accounts: true, goog:chromeOptions: {debuggerAddress: localhost:59805}, networkConnectionEnabled: false, pageLoadStrategy: normal, platformName: windows, proxy: Proxy(), se:cdp: ws://localhost:59805/devtoo..., se:cdpVersion: 138.0.7204.184, setWindowRect: true, strictFileInteractability: false, timeouts: {implicit: 0, pageLoad: 300000, script: 30000}, unhandledPromptBehavior: dismiss and notify, webauthn:extension:credBlob: true, webauthn:extension:largeBlob: true, webauthn:extension:minPinLength: true, webauthn:extension:prf: true, webauthn:virtualAuthenticators: true}
Session ID: a4272decb9ba633c9ed8e459c68e0a12
2025-08-05 00:02:52.240 [main] DEBUG p.com.saucedemo.utils.ZipkinTracer - Span sent successfully to Zipkin
2025-08-05 00:02:52.241 [main] INFO  p.com.saucedemo.utils.ZipkinTracer - Tracked test step: Fill Checkout - Failed to fill checkout information (10046ms, FAIL)
2025-08-05 00:02:52.246 [main] DEBUG p.com.saucedemo.utils.ZipkinTracer - Span sent successfully to Zipkin
2025-08-05 00:02:52.246 [main] INFO  p.com.saucedemo.utils.ZipkinTracer - Ended span: test.fill.checkout - Duration: 101552ms, Success: false
2025-08-05 00:02:52.251 [main] INFO  p.c.s.AutomationExerciseCompleteTest - === Step 6: Completing payment ===
2025-08-05 00:02:52.259 [main] DEBUG p.com.saucedemo.utils.ZipkinTracer - Span sent successfully to Zipkin
2025-08-05 00:02:52.259 [main] INFO  p.com.saucedemo.utils.ZipkinTracer - Started span: test.complete.payment - Complete payment process
2025-08-05 00:02:52.259 [main] INFO  p.com.saucedemo.pages.PaymentPage - Completing payment with random card data
2025-08-05 00:02:52.260 [main] INFO  p.com.saucedemo.pages.PaymentPage - Filling card information
2025-08-05 00:03:02.296 [main] ERROR p.c.s.AutomationExerciseCompleteTest - Step 6 failed: Expected condition failed: waiting for visibility of element located by By.id: name_on_card (tried for 10 second(s) with 500 milliseconds interval)
Build info: version: '4.18.1', revision: 'b1d3319b48'
System info: os.name: 'Windows 10', os.arch: 'amd64', os.version: '10.0', java.version: '21'
Driver info: org.openqa.selenium.chrome.ChromeDriver
Capabilities {acceptInsecureCerts: false, browserName: chrome, browserVersion: 138.0.7204.184, chrome: {chromedriverVersion: 138.0.7204.183 (e90faf484dd..., userDataDir: C:\Users\kavci\AppData\Loca...}, fedcm:accounts: true, goog:chromeOptions: {debuggerAddress: localhost:59805}, networkConnectionEnabled: false, pageLoadStrategy: normal, platformName: windows, proxy: Proxy(), se:cdp: ws://localhost:59805/devtoo..., se:cdpVersion: 138.0.7204.184, setWindowRect: true, strictFileInteractability: false, timeouts: {implicit: 0, pageLoad: 300000, script: 30000}, unhandledPromptBehavior: dismiss and notify, webauthn:extension:credBlob: true, webauthn:extension:largeBlob: true, webauthn:extension:minPinLength: true, webauthn:extension:prf: true, webauthn:virtualAuthenticators: true}
Session ID: a4272decb9ba633c9ed8e459c68e0a12
2025-08-05 00:03:02.304 [main] DEBUG p.com.saucedemo.utils.ZipkinTracer - Span sent successfully to Zipkin
2025-08-05 00:03:02.305 [main] INFO  p.com.saucedemo.utils.ZipkinTracer - Tracked test step: Complete Payment - Failed to complete payment (10045ms, FAIL)
2025-08-05 00:03:02.312 [main] DEBUG p.com.saucedemo.utils.ZipkinTracer - Span sent successfully to Zipkin
2025-08-05 00:03:02.312 [main] INFO  p.com.saucedemo.utils.ZipkinTracer - Ended span: test.complete.payment - Duration: 111616ms, Success: false
2025-08-05 00:03:02.318 [main] INFO  p.c.s.AutomationExerciseCompleteTest - === Step 7: Verifying order completion ===
2025-08-05 00:03:02.326 [main] DEBUG p.com.saucedemo.utils.ZipkinTracer - Span sent successfully to Zipkin
2025-08-05 00:03:02.326 [main] INFO  p.com.saucedemo.utils.ZipkinTracer - Started span: test.verify.completion - Verify order completion
2025-08-05 00:03:02.327 [main] INFO  proje.com.saucedemo.pages.HomePage - Navigating to AutomationExercise home page
2025-08-05 00:03:04.820 [main] INFO  proje.com.saucedemo.pages.HomePage - Successfully navigated to home page
2025-08-05 00:03:04.827 [main] DEBUG p.com.saucedemo.utils.ZipkinTracer - Span sent successfully to Zipkin
2025-08-05 00:03:04.827 [main] INFO  p.com.saucedemo.utils.ZipkinTracer - Tracked page navigation: Home - https://www.automationexercise.com (2502ms)
2025-08-05 00:03:04.851 [main] INFO  p.c.s.v.VerificationHelper - Home page loaded successfully
2025-08-05 00:03:04.859 [main] INFO  p.c.s.v.VerificationHelper - URL verification successful: https://www.automationexercise.com/
2025-08-05 00:03:04.865 [main] DEBUG p.com.saucedemo.utils.ZipkinTracer - Span sent successfully to Zipkin
2025-08-05 00:03:04.865 [main] INFO  p.com.saucedemo.utils.ZipkinTracer - Tracked test step: Verify Completion - Successfully verified order completion (2541ms, PASS)
2025-08-05 00:03:04.871 [main] DEBUG p.com.saucedemo.utils.ZipkinTracer - Span sent successfully to Zipkin
2025-08-05 00:03:04.871 [main] INFO  p.com.saucedemo.utils.ZipkinTracer - Ended span: test.verify.completion - Duration: 114176ms, Success: true
2025-08-05 00:03:04.871 [main] INFO  p.c.s.AutomationExerciseCompleteTest - === Step 7 completed: Order completion verified ===
2025-08-05 00:03:04.873 [main] INFO  p.c.s.AutomationExerciseCompleteTest - === Complete End-to-End Test Flow ===
2025-08-05 00:03:04.881 [main] DEBUG p.com.saucedemo.utils.ZipkinTracer - Span sent successfully to Zipkin
2025-08-05 00:03:04.881 [main] INFO  p.com.saucedemo.utils.ZipkinTracer - Started span: test.complete.flow - Complete end-to-end test flow
2025-08-05 00:03:04.886 [main] DEBUG p.com.saucedemo.utils.ZipkinTracer - Span sent successfully to Zipkin
2025-08-05 00:03:04.886 [main] INFO  p.com.saucedemo.utils.ZipkinTracer - Tracked test step: Complete Flow - All test steps completed successfully (8ms, PASS)
2025-08-05 00:03:04.893 [main] DEBUG p.com.saucedemo.utils.ZipkinTracer - Span sent successfully to Zipkin
2025-08-05 00:03:04.894 [main] INFO  p.com.saucedemo.utils.ZipkinTracer - Ended span: test.complete.flow - Duration: 114198ms, Success: true
2025-08-05 00:03:04.894 [main] INFO  p.c.s.AutomationExerciseCompleteTest - All test steps completed successfully!
2025-08-05 00:03:04.894 [main] INFO  p.c.s.AutomationExerciseCompleteTest - User created: joesph.mohr@hotmail.com
2025-08-05 00:03:04.894 [main] INFO  p.c.s.AutomationExerciseCompleteTest - Products added to cart and order completed
2025-08-05 00:03:04.894 [main] INFO  p.c.s.AutomationExerciseCompleteTest - Trace ID: 277ea6831cc140c2
2025-08-05 00:03:04.894 [main] INFO  p.c.s.AutomationExerciseCompleteTest - === Complete End-to-End Test Flow completed ===
2025-08-05 00:03:04.897 [main] INFO  p.c.s.AutomationExerciseCompleteTest - === Cleaning up test resources ===
2025-08-05 00:03:05.848 [main] INFO  p.c.saucedemo.config.WebDriverConfig - WebDriver quit successfully
2025-08-05 00:03:05.849 [main] INFO  p.c.s.AutomationExerciseCompleteTest - WebDriver quit successfully
2025-08-05 00:03:05.849 [main] INFO  p.com.saucedemo.utils.ZipkinTracer - ZipkinTracer cleanup completed
2025-08-05 00:03:05.849 [main] INFO  p.c.s.AutomationExerciseCompleteTest - === Test suite cleanup completed ===
2025-08-05 00:14:16.894 [main] INFO  p.c.s.AutomationExerciseCompleteTest - === Starting AutomationExercise Complete Test Suite with Zipkin Integration ===
2025-08-05 00:14:17.792 [main] INFO  p.com.saucedemo.utils.ZipkinTracer - ZipkinTracer initialized with traceId: 3110216afbc748f8, spanId: acfafb8fc7134308
2025-08-05 00:14:17.964 [main] DEBUG p.com.saucedemo.utils.ZipkinTracer - Span sent successfully to Zipkin
2025-08-05 00:14:17.965 [main] INFO  p.com.saucedemo.utils.ZipkinTracer - Started span: test.suite.setup - Initialize test automation suite
2025-08-05 00:14:18.268 [main] INFO  i.g.bonigarcia.wdm.WebDriverManager - Using chromedriver 138.0.7204.183 (resolved driver for Chrome 138)
2025-08-05 00:14:18.304 [main] INFO  i.g.bonigarcia.wdm.WebDriverManager - Exporting webdriver.chrome.driver as C:\Users\kavci\.cache\selenium\chromedriver\win64\138.0.7204.183\chromedriver.exe
2025-08-05 00:14:20.016 [main] INFO  p.c.saucedemo.config.WebDriverConfig - WebDriver initialized successfully for browser: chrome
2025-08-05 00:14:20.020 [main] INFO  p.com.saucedemo.utils.ZipkinTracer - ZipkinTracer initialized with traceId: 7d5bec2843f14cf2, spanId: 2d5be6ac03ae4f7e
2025-08-05 00:14:20.022 [main] INFO  p.com.saucedemo.utils.ZipkinTracer - ZipkinTracer initialized with traceId: 4a72d62994cd4f5e, spanId: f514e83eafc54153
2025-08-05 00:14:20.047 [main] DEBUG p.com.saucedemo.utils.ZipkinTracer - Span sent successfully to Zipkin
2025-08-05 00:14:20.048 [main] INFO  p.com.saucedemo.utils.ZipkinTracer - Started span: enable-network-logging - Enable network logging for browser
2025-08-05 00:14:20.049 [main] INFO  p.com.saucedemo.utils.NetworkTracer - Network logging enabled
2025-08-05 00:14:20.075 [main] DEBUG p.com.saucedemo.utils.ZipkinTracer - Span sent successfully to Zipkin
2025-08-05 00:14:20.078 [main] INFO  p.com.saucedemo.utils.ZipkinTracer - Ended span: enable-network-logging - Duration: 28ms, Success: true
2025-08-05 00:14:20.085 [main] DEBUG p.com.saucedemo.utils.ZipkinTracer - Span sent successfully to Zipkin
2025-08-05 00:14:20.086 [main] INFO  p.com.saucedemo.utils.ZipkinTracer - Started span: monitor-network-activity - Monitor network activity: AutomationExercise Network Monitoring
2025-08-05 00:14:20.119 [main] DEBUG p.com.saucedemo.utils.ZipkinTracer - Span sent successfully to Zipkin
2025-08-05 00:14:20.119 [main] INFO  p.com.saucedemo.utils.ZipkinTracer - Tracked test step: Network Monitoring - Network monitoring enabled for: AutomationExercise Network Monitoring (1754342060108ms, PASS)
2025-08-05 00:14:20.131 [main] DEBUG p.com.saucedemo.utils.ZipkinTracer - Span sent successfully to Zipkin
2025-08-05 00:14:20.132 [main] INFO  p.com.saucedemo.utils.ZipkinTracer - Ended span: monitor-network-activity - Duration: 97ms, Success: true
2025-08-05 00:14:20.470 [main] INFO  p.c.s.utils.TestDataGenerator - Generated user info: UserInfo{firstName='Phylis', lastName='Grady', email='fairy.rath@hotmail.com', password='*^@8a5UDi#7el@'}
2025-08-05 00:14:20.482 [main] DEBUG p.com.saucedemo.utils.ZipkinTracer - Span sent successfully to Zipkin
2025-08-05 00:14:20.482 [main] INFO  p.com.saucedemo.utils.ZipkinTracer - Ended span: test.suite.setup - Duration: 2683ms, Success: true
2025-08-05 00:14:20.482 [main] INFO  p.c.s.AutomationExerciseCompleteTest - Test setup completed successfully with Zipkin tracing
2025-08-05 00:14:20.501 [main] INFO  p.c.s.AutomationExerciseCompleteTest - === Step 1: Creating new account ===
2025-08-05 00:14:20.509 [main] DEBUG p.com.saucedemo.utils.ZipkinTracer - Span sent successfully to Zipkin
2025-08-05 00:14:20.509 [main] INFO  p.com.saucedemo.utils.ZipkinTracer - Started span: test.create.account - Create new user account
2025-08-05 00:14:20.509 [main] INFO  proje.com.saucedemo.pages.HomePage - Navigating to AutomationExercise home page
2025-08-05 00:14:24.547 [main] INFO  proje.com.saucedemo.pages.HomePage - Successfully navigated to home page
2025-08-05 00:14:24.554 [main] DEBUG p.com.saucedemo.utils.ZipkinTracer - Span sent successfully to Zipkin
2025-08-05 00:14:24.554 [main] INFO  p.com.saucedemo.utils.ZipkinTracer - Tracked page navigation: Home - https://www.automationexercise.com (4046ms)
2025-08-05 00:14:24.563 [main] DEBUG p.com.saucedemo.utils.ZipkinTracer - Span sent successfully to Zipkin
2025-08-05 00:14:24.564 [main] INFO  p.com.saucedemo.utils.ZipkinTracer - Started span: capture-network-requests - Capture network requests for operation: home-page-navigation
2025-08-05 00:14:24.576 [main] INFO  p.com.saucedemo.utils.NetworkTracer - Performance logs not supported, using JavaScript monitoring instead
2025-08-05 00:14:24.582 [main] DEBUG p.com.saucedemo.utils.ZipkinTracer - Span sent successfully to Zipkin
2025-08-05 00:14:24.582 [main] INFO  p.com.saucedemo.utils.ZipkinTracer - Tracked test step: Network Capture - Performance logs not supported, using JS monitoring (1754342064576ms, PASS)
2025-08-05 00:14:24.588 [main] DEBUG p.com.saucedemo.utils.ZipkinTracer - Span sent successfully to Zipkin
2025-08-05 00:14:24.589 [main] INFO  p.com.saucedemo.utils.ZipkinTracer - Ended span: capture-network-requests - Duration: 4560ms, Success: true
2025-08-05 00:14:24.589 [main] INFO  proje.com.saucedemo.pages.HomePage - Clicking on Signup/Login link
2025-08-05 00:14:25.514 [main] INFO  proje.com.saucedemo.pages.HomePage - Successfully clicked on Signup/Login link
2025-08-05 00:14:25.523 [main] DEBUG p.com.saucedemo.utils.ZipkinTracer - Span sent successfully to Zipkin
2025-08-05 00:14:25.524 [main] INFO  p.com.saucedemo.utils.ZipkinTracer - Tracked element interaction: SignupLogin Link - click (5013ms)
2025-08-05 00:14:25.530 [main] DEBUG p.com.saucedemo.utils.ZipkinTracer - Span sent successfully to Zipkin
2025-08-05 00:14:25.531 [main] INFO  p.com.saucedemo.utils.ZipkinTracer - Started span: capture-network-requests - Capture network requests for operation: signup-page-load
2025-08-05 00:14:25.540 [main] INFO  p.com.saucedemo.utils.NetworkTracer - Performance logs not supported, using JavaScript monitoring instead
2025-08-05 00:14:25.546 [main] DEBUG p.com.saucedemo.utils.ZipkinTracer - Span sent successfully to Zipkin
2025-08-05 00:14:25.547 [main] INFO  p.com.saucedemo.utils.ZipkinTracer - Tracked test step: Network Capture - Performance logs not supported, using JS monitoring (1754342065540ms, PASS)
2025-08-05 00:14:25.550 [main] DEBUG p.com.saucedemo.utils.ZipkinTracer - Span sent successfully to Zipkin
2025-08-05 00:14:25.551 [main] INFO  p.com.saucedemo.utils.ZipkinTracer - Ended span: capture-network-requests - Duration: 5525ms, Success: true
2025-08-05 00:14:25.551 [main] INFO  p.c.saucedemo.pages.SignupLoginPage - Starting signup process with name: Phylis Grady and email: fairy.rath@hotmail.com
2025-08-05 00:14:26.935 [main] INFO  p.c.saucedemo.pages.SignupLoginPage - Signup form submitted
2025-08-05 00:14:26.945 [main] DEBUG p.com.saucedemo.utils.ZipkinTracer - Span sent successfully to Zipkin
2025-08-05 00:14:26.946 [main] INFO  p.com.saucedemo.utils.ZipkinTracer - Tracked element interaction: Signup Form - submit (6434ms)
2025-08-05 00:14:26.953 [main] DEBUG p.com.saucedemo.utils.ZipkinTracer - Span sent successfully to Zipkin
2025-08-05 00:14:26.954 [main] INFO  p.com.saucedemo.utils.ZipkinTracer - Started span: capture-network-requests - Capture network requests for operation: signup-form-submission
2025-08-05 00:14:26.963 [main] INFO  p.com.saucedemo.utils.NetworkTracer - Performance logs not supported, using JavaScript monitoring instead
2025-08-05 00:14:26.972 [main] DEBUG p.com.saucedemo.utils.ZipkinTracer - Span sent successfully to Zipkin
2025-08-05 00:14:26.973 [main] INFO  p.com.saucedemo.utils.ZipkinTracer - Tracked test step: Network Capture - Performance logs not supported, using JS monitoring (1754342066963ms, PASS)
2025-08-05 00:14:26.979 [main] DEBUG p.com.saucedemo.utils.ZipkinTracer - Span sent successfully to Zipkin
2025-08-05 00:14:26.980 [main] INFO  p.com.saucedemo.utils.ZipkinTracer - Ended span: capture-network-requests - Duration: 6951ms, Success: true
2025-08-05 00:14:37.045 [main] INFO  p.c.s.utils.TestDataGenerator - Generated account info: AccountInfo{title='Mrs', firstName='Whitney', lastName='Blanda', company='Kovacek-Rempel', address1='905 Mellisa Via, Portertown, AK 63187', address2='Apt. 031 35609 Smith Oval, Wittingtown, TX 87041', country='Netherlands', state='Illinois', city='Jerefurt', zipcode='83732', mobileNumber='652.912.1886 x798', day='9', month='6', year='2000'}
2025-08-05 00:14:37.064 [main] INFO  p.c.saucedemo.pages.SignupLoginPage - Filling account information form
2025-08-05 00:14:39.165 [main] INFO  p.c.saucedemo.pages.SignupLoginPage - Account information form filled successfully
2025-08-05 00:14:39.174 [main] DEBUG p.com.saucedemo.utils.ZipkinTracer - Span sent successfully to Zipkin
2025-08-05 00:14:39.175 [main] INFO  p.com.saucedemo.utils.ZipkinTracer - Tracked element interaction: Account Details - fill (18667ms)
2025-08-05 00:14:39.179 [main] DEBUG p.com.saucedemo.utils.ZipkinTracer - Span sent successfully to Zipkin
2025-08-05 00:14:39.180 [main] INFO  p.com.saucedemo.utils.ZipkinTracer - Started span: capture-network-requests - Capture network requests for operation: account-creation
2025-08-05 00:14:39.186 [main] INFO  p.com.saucedemo.utils.NetworkTracer - Performance logs not supported, using JavaScript monitoring instead
2025-08-05 00:14:39.192 [main] DEBUG p.com.saucedemo.utils.ZipkinTracer - Span sent successfully to Zipkin
2025-08-05 00:14:39.192 [main] INFO  p.com.saucedemo.utils.ZipkinTracer - Tracked test step: Network Capture - Performance logs not supported, using JS monitoring (1754342079187ms, PASS)
2025-08-05 00:14:39.197 [main] DEBUG p.com.saucedemo.utils.ZipkinTracer - Span sent successfully to Zipkin
2025-08-05 00:14:39.197 [main] INFO  p.com.saucedemo.utils.ZipkinTracer - Ended span: capture-network-requests - Duration: 19170ms, Success: true
2025-08-05 00:14:39.198 [main] INFO  p.c.saucedemo.pages.SignupLoginPage - Creating account
2025-08-05 00:14:41.038 [main] INFO  p.c.saucedemo.pages.SignupLoginPage - Account creation initiated
2025-08-05 00:14:41.046 [main] DEBUG p.com.saucedemo.utils.ZipkinTracer - Span sent successfully to Zipkin
2025-08-05 00:14:41.047 [main] INFO  p.com.saucedemo.utils.ZipkinTracer - Tracked element interaction: Create Account Button - click (20537ms)
2025-08-05 00:14:41.055 [main] DEBUG p.com.saucedemo.utils.ZipkinTracer - Span sent successfully to Zipkin
2025-08-05 00:14:41.056 [main] INFO  p.com.saucedemo.utils.ZipkinTracer - Started span: wait-for-network-idle - Wait for network to become idle
2025-08-05 00:15:11.077 [main] ERROR p.com.saucedemo.utils.NetworkTracer - Failed to wait for network idle: script timeout
  (Session info: chrome=138.0.7204.184)
Build info: version: '4.18.1', revision: 'b1d3319b48'
System info: os.name: 'Windows 10', os.arch: 'amd64', os.version: '10.0', java.version: '21'
Driver info: org.openqa.selenium.chrome.ChromeDriver
Command: [98632bb5108aea23e398510ed56b5873, executeAsyncScript {args=[], script=return new Promise((resolve) => {
    let lastRequestTime = Date.now();
    let checkInterval = setInterval(() => {
        if (Date.now() - lastRequestTime > 1000) {
            clearInterval(checkInterval);
            resolve(true);
        }
    }, 100);

    // Override fetch to track requests
    let originalFetch = window.fetch;
    window.fetch = function(...args) {
        lastRequestTime = Date.now();
        return originalFetch.apply(this, args);
    };

    // Override XHR to track requests
    let originalOpen = XMLHttpRequest.prototype.open;
    XMLHttpRequest.prototype.open = function() {
        lastRequestTime = Date.now();
        return originalOpen.apply(this, arguments);
    };
});
}]
Capabilities {acceptInsecureCerts: false, browserName: chrome, browserVersion: 138.0.7204.184, chrome: {chromedriverVersion: 138.0.7204.183 (e90faf484dd..., userDataDir: C:\Users\kavci\AppData\Loca...}, fedcm:accounts: true, goog:chromeOptions: {debuggerAddress: localhost:60607}, networkConnectionEnabled: false, pageLoadStrategy: normal, platformName: windows, proxy: Proxy(), se:cdp: ws://localhost:60607/devtoo..., se:cdpVersion: 138.0.7204.184, setWindowRect: true, strictFileInteractability: false, timeouts: {implicit: 0, pageLoad: 300000, script: 30000}, unhandledPromptBehavior: dismiss and notify, webauthn:extension:credBlob: true, webauthn:extension:largeBlob: true, webauthn:extension:minPinLength: true, webauthn:extension:prf: true, webauthn:virtualAuthenticators: true}
Session ID: 98632bb5108aea23e398510ed56b5873
2025-08-05 00:15:11.117 [main] DEBUG p.com.saucedemo.utils.ZipkinTracer - Span sent successfully to Zipkin
2025-08-05 00:15:11.117 [main] INFO  p.com.saucedemo.utils.ZipkinTracer - Tracked test step: Network Idle - Failed to wait for network idle (1754342111077ms, FAIL)
2025-08-05 00:15:11.127 [main] DEBUG p.com.saucedemo.utils.ZipkinTracer - Span sent successfully to Zipkin
2025-08-05 00:15:11.127 [main] INFO  p.com.saucedemo.utils.ZipkinTracer - Ended span: wait-for-network-idle - Duration: 51095ms, Success: false
2025-08-05 00:15:11.181 [main] INFO  p.c.saucedemo.pages.SignupLoginPage - Account created successfully
2025-08-05 00:15:11.181 [main] INFO  p.c.s.v.VerificationHelper - Account created successfully
2025-08-05 00:15:11.200 [main] DEBUG p.com.saucedemo.utils.ZipkinTracer - Span sent successfully to Zipkin
2025-08-05 00:15:11.201 [main] INFO  p.com.saucedemo.utils.ZipkinTracer - Tracked test step: Account Creation Verification - Verify account was created successfully (50680ms, PASS)
2025-08-05 00:15:11.215 [main] DEBUG p.com.saucedemo.utils.ZipkinTracer - Span sent successfully to Zipkin
2025-08-05 00:15:11.216 [main] INFO  p.com.saucedemo.utils.ZipkinTracer - Tracked test step: Create Account - Successfully created user account (50700ms, PASS)
2025-08-05 00:15:11.226 [main] DEBUG p.com.saucedemo.utils.ZipkinTracer - Span sent successfully to Zipkin
2025-08-05 00:15:11.226 [main] INFO  p.com.saucedemo.utils.ZipkinTracer - Ended span: test.create.account - Duration: 53424ms, Success: true
2025-08-05 00:15:11.226 [main] INFO  p.c.s.AutomationExerciseCompleteTest - === Step 1 completed: Account created successfully ===
2025-08-05 00:15:11.248 [main] INFO  p.c.s.AutomationExerciseCompleteTest - === Step 2: Adding products to cart ===
2025-08-05 00:15:11.259 [main] DEBUG p.com.saucedemo.utils.ZipkinTracer - Span sent successfully to Zipkin
2025-08-05 00:15:11.259 [main] INFO  p.com.saucedemo.utils.ZipkinTracer - Started span: test.add.products - Add random products to cart
2025-08-05 00:15:11.260 [main] INFO  p.com.saucedemo.pages.ProductsPage - Navigating to products page
2025-08-05 00:15:13.816 [main] INFO  p.com.saucedemo.pages.ProductsPage - Successfully navigated to products page
2025-08-05 00:15:13.825 [main] DEBUG p.com.saucedemo.utils.ZipkinTracer - Span sent successfully to Zipkin
2025-08-05 00:15:13.825 [main] INFO  p.com.saucedemo.utils.ZipkinTracer - Tracked page navigation: Products - https://www.automationexercise.com/products (2568ms)
2025-08-05 00:15:13.861 [main] INFO  p.c.s.v.VerificationHelper - Products page loaded successfully
2025-08-05 00:15:13.875 [main] DEBUG p.com.saucedemo.utils.ZipkinTracer - Span sent successfully to Zipkin
2025-08-05 00:15:13.876 [main] INFO  p.com.saucedemo.utils.ZipkinTracer - Started span: capture-network-requests - Capture network requests for operation: products-page-load
2025-08-05 00:15:13.916 [main] INFO  p.com.saucedemo.utils.NetworkTracer - Performance logs not supported, using JavaScript monitoring instead
2025-08-05 00:15:13.926 [main] DEBUG p.com.saucedemo.utils.ZipkinTracer - Span sent successfully to Zipkin
2025-08-05 00:15:13.927 [main] INFO  p.com.saucedemo.utils.ZipkinTracer - Tracked test step: Network Capture - Performance logs not supported, using JS monitoring (1754342113917ms, PASS)
2025-08-05 00:15:13.935 [main] DEBUG p.com.saucedemo.utils.ZipkinTracer - Span sent successfully to Zipkin
2025-08-05 00:15:13.935 [main] INFO  p.com.saucedemo.utils.ZipkinTracer - Ended span: capture-network-requests - Duration: 53905ms, Success: true
2025-08-05 00:15:13.935 [main] INFO  p.com.saucedemo.pages.ProductsPage - Adding random product to cart
2025-08-05 00:15:13.936 [main] INFO  p.com.saucedemo.pages.ProductsPage - Getting all add to cart buttons
2025-08-05 00:15:24.280 [main] ERROR p.c.s.AutomationExerciseCompleteTest - Step 2 failed: Expected condition failed: waiting for element to be clickable: [[ChromeDriver: chrome on windows (98632bb5108aea23e398510ed56b5873)] -> css selector: .add-to-cart] (tried for 10 second(s) with 500 milliseconds interval)
Build info: version: '4.18.1', revision: 'b1d3319b48'
System info: os.name: 'Windows 10', os.arch: 'amd64', os.version: '10.0', java.version: '21'
Driver info: org.openqa.selenium.chrome.ChromeDriver
Capabilities {acceptInsecureCerts: false, browserName: chrome, browserVersion: 138.0.7204.184, chrome: {chromedriverVersion: 138.0.7204.183 (e90faf484dd..., userDataDir: C:\Users\kavci\AppData\Loca...}, fedcm:accounts: true, goog:chromeOptions: {debuggerAddress: localhost:60607}, networkConnectionEnabled: false, pageLoadStrategy: normal, platformName: windows, proxy: Proxy(), se:cdp: ws://localhost:60607/devtoo..., se:cdpVersion: 138.0.7204.184, setWindowRect: true, strictFileInteractability: false, timeouts: {implicit: 0, pageLoad: 300000, script: 30000}, unhandledPromptBehavior: dismiss and notify, webauthn:extension:credBlob: true, webauthn:extension:largeBlob: true, webauthn:extension:minPinLength: true, webauthn:extension:prf: true, webauthn:virtualAuthenticators: true}
Session ID: 98632bb5108aea23e398510ed56b5873
2025-08-05 00:15:24.290 [main] DEBUG p.com.saucedemo.utils.ZipkinTracer - Span sent successfully to Zipkin
2025-08-05 00:15:24.290 [main] INFO  p.com.saucedemo.utils.ZipkinTracer - Tracked test step: Add Products - Failed to add products to cart (13032ms, FAIL)
2025-08-05 00:15:24.296 [main] DEBUG p.com.saucedemo.utils.ZipkinTracer - Span sent successfully to Zipkin
2025-08-05 00:15:24.297 [main] INFO  p.com.saucedemo.utils.ZipkinTracer - Ended span: test.add.products - Duration: 66498ms, Success: false
2025-08-05 00:15:24.314 [main] INFO  p.c.s.AutomationExerciseCompleteTest - === Step 3: Verifying cart products ===
2025-08-05 00:15:24.324 [main] DEBUG p.com.saucedemo.utils.ZipkinTracer - Span sent successfully to Zipkin
2025-08-05 00:15:24.325 [main] INFO  p.com.saucedemo.utils.ZipkinTracer - Started span: test.verify.cart - Verify products in cart
2025-08-05 00:15:24.325 [main] INFO  proje.com.saucedemo.pages.CartPage - Navigating to cart page
2025-08-05 00:15:35.684 [main] ERROR p.c.s.AutomationExerciseCompleteTest - Step 3 failed: Expected condition failed: waiting for visibility of element located by By.cssSelector: .breadcrumbs h2 (tried for 10 second(s) with 500 milliseconds interval)
Build info: version: '4.18.1', revision: 'b1d3319b48'
System info: os.name: 'Windows 10', os.arch: 'amd64', os.version: '10.0', java.version: '21'
Driver info: org.openqa.selenium.chrome.ChromeDriver
Capabilities {acceptInsecureCerts: false, browserName: chrome, browserVersion: 138.0.7204.184, chrome: {chromedriverVersion: 138.0.7204.183 (e90faf484dd..., userDataDir: C:\Users\kavci\AppData\Loca...}, fedcm:accounts: true, goog:chromeOptions: {debuggerAddress: localhost:60607}, networkConnectionEnabled: false, pageLoadStrategy: normal, platformName: windows, proxy: Proxy(), se:cdp: ws://localhost:60607/devtoo..., se:cdpVersion: 138.0.7204.184, setWindowRect: true, strictFileInteractability: false, timeouts: {implicit: 0, pageLoad: 300000, script: 30000}, unhandledPromptBehavior: dismiss and notify, webauthn:extension:credBlob: true, webauthn:extension:largeBlob: true, webauthn:extension:minPinLength: true, webauthn:extension:prf: true, webauthn:virtualAuthenticators: true}
Session ID: 98632bb5108aea23e398510ed56b5873
2025-08-05 00:15:35.690 [main] DEBUG p.com.saucedemo.utils.ZipkinTracer - Span sent successfully to Zipkin
2025-08-05 00:15:35.690 [main] INFO  p.com.saucedemo.utils.ZipkinTracer - Tracked test step: Verify Cart - Failed to verify cart products (11370ms, FAIL)
2025-08-05 00:15:35.695 [main] DEBUG p.com.saucedemo.utils.ZipkinTracer - Span sent successfully to Zipkin
2025-08-05 00:15:35.696 [main] INFO  p.com.saucedemo.utils.ZipkinTracer - Ended span: test.verify.cart - Duration: 77898ms, Success: false
2025-08-05 00:15:35.702 [main] INFO  p.c.s.AutomationExerciseCompleteTest - === Step 4: Proceeding to checkout ===
2025-08-05 00:15:35.709 [main] DEBUG p.com.saucedemo.utils.ZipkinTracer - Span sent successfully to Zipkin
2025-08-05 00:15:35.709 [main] INFO  p.com.saucedemo.utils.ZipkinTracer - Started span: test.proceed.checkout - Proceed to checkout
2025-08-05 00:15:35.709 [main] INFO  proje.com.saucedemo.pages.CartPage - Clicking on Proceed to Checkout button
2025-08-05 00:15:45.755 [main] ERROR p.c.s.AutomationExerciseCompleteTest - Step 4 failed: Expected condition failed: waiting for element to be clickable: By.cssSelector: .btn.check_out (tried for 10 second(s) with 500 milliseconds interval)
Build info: version: '4.18.1', revision: 'b1d3319b48'
System info: os.name: 'Windows 10', os.arch: 'amd64', os.version: '10.0', java.version: '21'
Driver info: org.openqa.selenium.chrome.ChromeDriver
Capabilities {acceptInsecureCerts: false, browserName: chrome, browserVersion: 138.0.7204.184, chrome: {chromedriverVersion: 138.0.7204.183 (e90faf484dd..., userDataDir: C:\Users\kavci\AppData\Loca...}, fedcm:accounts: true, goog:chromeOptions: {debuggerAddress: localhost:60607}, networkConnectionEnabled: false, pageLoadStrategy: normal, platformName: windows, proxy: Proxy(), se:cdp: ws://localhost:60607/devtoo..., se:cdpVersion: 138.0.7204.184, setWindowRect: true, strictFileInteractability: false, timeouts: {implicit: 0, pageLoad: 300000, script: 30000}, unhandledPromptBehavior: dismiss and notify, webauthn:extension:credBlob: true, webauthn:extension:largeBlob: true, webauthn:extension:minPinLength: true, webauthn:extension:prf: true, webauthn:virtualAuthenticators: true}
Session ID: 98632bb5108aea23e398510ed56b5873
2025-08-05 00:15:45.761 [main] DEBUG p.com.saucedemo.utils.ZipkinTracer - Span sent successfully to Zipkin
2025-08-05 00:15:45.762 [main] INFO  p.com.saucedemo.utils.ZipkinTracer - Tracked test step: Proceed Checkout - Failed to proceed to checkout (10053ms, FAIL)
2025-08-05 00:15:45.766 [main] DEBUG p.com.saucedemo.utils.ZipkinTracer - Span sent successfully to Zipkin
2025-08-05 00:15:45.766 [main] INFO  p.com.saucedemo.utils.ZipkinTracer - Ended span: test.proceed.checkout - Duration: 87970ms, Success: false
2025-08-05 00:15:45.769 [main] INFO  p.c.s.AutomationExerciseCompleteTest - === Step 5: Filling checkout information ===
2025-08-05 00:15:45.775 [main] DEBUG p.com.saucedemo.utils.ZipkinTracer - Span sent successfully to Zipkin
2025-08-05 00:15:45.775 [main] INFO  p.com.saucedemo.utils.ZipkinTracer - Started span: test.fill.checkout - Fill checkout information
2025-08-05 00:15:45.778 [main] INFO  p.c.s.utils.TestDataGenerator - Generated checkout info: CheckoutInfo{firstName='Blake', lastName='Turcotte', postalCode='61001-8074', address='4248 Patricia Views, West Marcelburgh, OK 31473-0412', city='New Leonton', state='Massachusetts', phone='1-367-302-9306 x3859', country='Saint Helena'}
2025-08-05 00:15:45.781 [main] INFO  p.com.saucedemo.pages.CheckoutPage - Filling delivery address information
2025-08-05 00:15:55.791 [main] ERROR p.c.s.AutomationExerciseCompleteTest - Step 5 failed: Expected condition failed: waiting for visibility of element located by By.id: name (tried for 10 second(s) with 500 milliseconds interval)
Build info: version: '4.18.1', revision: 'b1d3319b48'
System info: os.name: 'Windows 10', os.arch: 'amd64', os.version: '10.0', java.version: '21'
Driver info: org.openqa.selenium.chrome.ChromeDriver
Capabilities {acceptInsecureCerts: false, browserName: chrome, browserVersion: 138.0.7204.184, chrome: {chromedriverVersion: 138.0.7204.183 (e90faf484dd..., userDataDir: C:\Users\kavci\AppData\Loca...}, fedcm:accounts: true, goog:chromeOptions: {debuggerAddress: localhost:60607}, networkConnectionEnabled: false, pageLoadStrategy: normal, platformName: windows, proxy: Proxy(), se:cdp: ws://localhost:60607/devtoo..., se:cdpVersion: 138.0.7204.184, setWindowRect: true, strictFileInteractability: false, timeouts: {implicit: 0, pageLoad: 300000, script: 30000}, unhandledPromptBehavior: dismiss and notify, webauthn:extension:credBlob: true, webauthn:extension:largeBlob: true, webauthn:extension:minPinLength: true, webauthn:extension:prf: true, webauthn:virtualAuthenticators: true}
Session ID: 98632bb5108aea23e398510ed56b5873
2025-08-05 00:15:55.796 [main] DEBUG p.com.saucedemo.utils.ZipkinTracer - Span sent successfully to Zipkin
2025-08-05 00:15:55.796 [main] INFO  p.com.saucedemo.utils.ZipkinTracer - Tracked test step: Fill Checkout - Failed to fill checkout information (10023ms, FAIL)
2025-08-05 00:15:55.801 [main] DEBUG p.com.saucedemo.utils.ZipkinTracer - Span sent successfully to Zipkin
2025-08-05 00:15:55.801 [main] INFO  p.com.saucedemo.utils.ZipkinTracer - Ended span: test.fill.checkout - Duration: 98004ms, Success: false
2025-08-05 00:15:55.805 [main] INFO  p.c.s.AutomationExerciseCompleteTest - === Step 6: Completing payment ===
2025-08-05 00:15:55.812 [main] DEBUG p.com.saucedemo.utils.ZipkinTracer - Span sent successfully to Zipkin
2025-08-05 00:15:55.812 [main] INFO  p.com.saucedemo.utils.ZipkinTracer - Started span: test.complete.payment - Complete payment process
2025-08-05 00:15:55.812 [main] INFO  p.com.saucedemo.pages.PaymentPage - Completing payment with random card data
2025-08-05 00:15:55.813 [main] INFO  p.com.saucedemo.pages.PaymentPage - Filling card information
2025-08-05 00:16:05.879 [main] ERROR p.c.s.AutomationExerciseCompleteTest - Step 6 failed: Expected condition failed: waiting for visibility of element located by By.id: name_on_card (tried for 10 second(s) with 500 milliseconds interval)
Build info: version: '4.18.1', revision: 'b1d3319b48'
System info: os.name: 'Windows 10', os.arch: 'amd64', os.version: '10.0', java.version: '21'
Driver info: org.openqa.selenium.chrome.ChromeDriver
Capabilities {acceptInsecureCerts: false, browserName: chrome, browserVersion: 138.0.7204.184, chrome: {chromedriverVersion: 138.0.7204.183 (e90faf484dd..., userDataDir: C:\Users\kavci\AppData\Loca...}, fedcm:accounts: true, goog:chromeOptions: {debuggerAddress: localhost:60607}, networkConnectionEnabled: false, pageLoadStrategy: normal, platformName: windows, proxy: Proxy(), se:cdp: ws://localhost:60607/devtoo..., se:cdpVersion: 138.0.7204.184, setWindowRect: true, strictFileInteractability: false, timeouts: {implicit: 0, pageLoad: 300000, script: 30000}, unhandledPromptBehavior: dismiss and notify, webauthn:extension:credBlob: true, webauthn:extension:largeBlob: true, webauthn:extension:minPinLength: true, webauthn:extension:prf: true, webauthn:virtualAuthenticators: true}
Session ID: 98632bb5108aea23e398510ed56b5873
2025-08-05 00:16:05.885 [main] DEBUG p.com.saucedemo.utils.ZipkinTracer - Span sent successfully to Zipkin
2025-08-05 00:16:05.886 [main] INFO  p.com.saucedemo.utils.ZipkinTracer - Tracked test step: Complete Payment - Failed to complete payment (10074ms, FAIL)
2025-08-05 00:16:05.892 [main] DEBUG p.com.saucedemo.utils.ZipkinTracer - Span sent successfully to Zipkin
2025-08-05 00:16:05.892 [main] INFO  p.com.saucedemo.utils.ZipkinTracer - Ended span: test.complete.payment - Duration: 108094ms, Success: false
2025-08-05 00:16:05.897 [main] INFO  p.c.s.AutomationExerciseCompleteTest - === Step 7: Verifying order completion ===
2025-08-05 00:16:05.903 [main] DEBUG p.com.saucedemo.utils.ZipkinTracer - Span sent successfully to Zipkin
2025-08-05 00:16:05.903 [main] INFO  p.com.saucedemo.utils.ZipkinTracer - Started span: test.verify.completion - Verify order completion
2025-08-05 00:16:05.903 [main] INFO  proje.com.saucedemo.pages.HomePage - Navigating to AutomationExercise home page
2025-08-05 00:16:08.326 [main] INFO  proje.com.saucedemo.pages.HomePage - Successfully navigated to home page
2025-08-05 00:16:08.332 [main] DEBUG p.com.saucedemo.utils.ZipkinTracer - Span sent successfully to Zipkin
2025-08-05 00:16:08.333 [main] INFO  p.com.saucedemo.utils.ZipkinTracer - Tracked page navigation: Home - https://www.automationexercise.com (2430ms)
2025-08-05 00:16:08.364 [main] INFO  p.c.s.v.VerificationHelper - Home page loaded successfully
2025-08-05 00:16:08.374 [main] INFO  p.c.s.v.VerificationHelper - URL verification successful: https://www.automationexercise.com/
2025-08-05 00:16:08.381 [main] DEBUG p.com.saucedemo.utils.ZipkinTracer - Span sent successfully to Zipkin
2025-08-05 00:16:08.381 [main] INFO  p.com.saucedemo.utils.ZipkinTracer - Tracked test step: Verify Completion - Successfully verified order completion (2477ms, PASS)
2025-08-05 00:16:08.388 [main] DEBUG p.com.saucedemo.utils.ZipkinTracer - Span sent successfully to Zipkin
2025-08-05 00:16:08.389 [main] INFO  p.com.saucedemo.utils.ZipkinTracer - Ended span: test.verify.completion - Duration: 110589ms, Success: true
2025-08-05 00:16:08.389 [main] INFO  p.c.s.AutomationExerciseCompleteTest - === Step 7 completed: Order completion verified ===
2025-08-05 00:16:08.391 [main] INFO  p.c.s.AutomationExerciseCompleteTest - === Complete End-to-End Test Flow ===
2025-08-05 00:16:08.398 [main] DEBUG p.com.saucedemo.utils.ZipkinTracer - Span sent successfully to Zipkin
2025-08-05 00:16:08.398 [main] INFO  p.com.saucedemo.utils.ZipkinTracer - Started span: test.complete.flow - Complete end-to-end test flow
2025-08-05 00:16:08.404 [main] DEBUG p.com.saucedemo.utils.ZipkinTracer - Span sent successfully to Zipkin
2025-08-05 00:16:08.404 [main] INFO  p.com.saucedemo.utils.ZipkinTracer - Tracked test step: Complete Flow - All test steps completed successfully (7ms, PASS)
2025-08-05 00:16:08.409 [main] DEBUG p.com.saucedemo.utils.ZipkinTracer - Span sent successfully to Zipkin
2025-08-05 00:16:08.410 [main] INFO  p.com.saucedemo.utils.ZipkinTracer - Ended span: test.complete.flow - Duration: 110612ms, Success: true
2025-08-05 00:16:08.410 [main] INFO  p.c.s.AutomationExerciseCompleteTest - All test steps completed successfully!
2025-08-05 00:16:08.410 [main] INFO  p.c.s.AutomationExerciseCompleteTest - User created: fairy.rath@hotmail.com
2025-08-05 00:16:08.410 [main] INFO  p.c.s.AutomationExerciseCompleteTest - Products added to cart and order completed
2025-08-05 00:16:08.410 [main] INFO  p.c.s.AutomationExerciseCompleteTest - Trace ID: 3110216afbc748f8
2025-08-05 00:16:08.410 [main] INFO  p.c.s.AutomationExerciseCompleteTest - === Complete End-to-End Test Flow completed ===
2025-08-05 00:16:08.413 [main] INFO  p.c.s.AutomationExerciseCompleteTest - === Cleaning up test resources ===
2025-08-05 00:16:09.421 [main] INFO  p.c.saucedemo.config.WebDriverConfig - WebDriver quit successfully
2025-08-05 00:16:09.421 [main] INFO  p.c.s.AutomationExerciseCompleteTest - WebDriver quit successfully
2025-08-05 00:16:09.422 [main] INFO  p.com.saucedemo.utils.ZipkinTracer - ZipkinTracer cleanup completed
2025-08-05 00:16:09.422 [main] INFO  p.c.s.AutomationExerciseCompleteTest - === Test suite cleanup completed ===
2025-08-05 00:25:50.793 [main] INFO  p.c.s.AutomationExerciseCompleteTest - === Starting AutomationExercise Complete Test Suite with Zipkin Integration ===
2025-08-05 00:25:51.671 [main] INFO  p.com.saucedemo.utils.ZipkinTracer - ZipkinTracer initialized with traceId: 9236e697627e471d, spanId: 868de9930b8540a7, serviceName: automation-exercise-test
2025-08-05 00:25:51.893 [main] DEBUG p.com.saucedemo.utils.ZipkinTracer - Span sent successfully to Zipkin
2025-08-05 00:25:51.893 [main] INFO  p.com.saucedemo.utils.ZipkinTracer - Started span: test.suite.setup - Initialize test automation suite
2025-08-05 00:25:52.434 [main] INFO  i.g.bonigarcia.wdm.WebDriverManager - Using chromedriver 138.0.7204.183 (resolved driver for Chrome 138)
2025-08-05 00:25:52.488 [main] INFO  i.g.bonigarcia.wdm.WebDriverManager - Exporting webdriver.chrome.driver as C:\Users\kavci\.cache\selenium\chromedriver\win64\138.0.7204.183\chromedriver.exe
2025-08-05 00:25:54.808 [main] INFO  p.c.saucedemo.config.WebDriverConfig - WebDriver initialized successfully for browser: chrome
2025-08-05 00:25:54.813 [main] INFO  p.com.saucedemo.utils.ZipkinTracer - ZipkinTracer initialized with traceId: a8ed1eaa154d40b1, spanId: a1226a53490045cd, serviceName: automation-exercise-test
2025-08-05 00:25:54.819 [main] INFO  p.com.saucedemo.utils.ZipkinTracer - ZipkinTracer initialized with traceId: 3b0795fe408b490a, spanId: 0e3474675bc74354, serviceName: automation-exercise-test
2025-08-05 00:25:54.840 [main] DEBUG p.com.saucedemo.utils.ZipkinTracer - Span sent successfully to Zipkin
2025-08-05 00:25:54.841 [main] INFO  p.com.saucedemo.utils.ZipkinTracer - Started span: enable-network-logging - Enable network logging with DevTools
2025-08-05 00:25:54.843 [main] ERROR p.com.saucedemo.utils.NetworkTracer - Failed to enable network logging: You are using a no-op implementation of the CDP. The most likely reason for this is that Selenium was unable to find an implementation of the CDP protocol that matches your browser. Please be sure to include an implementation on the classpath, possibly by adding a new (maven) dependency of `org.seleniumhq.selenium:selenium-devtools-vNN:4.18.1` where `NN` matches the major version of the browser you're using.
Build info: version: '4.18.1', revision: 'b1d3319b48'
System info: os.name: 'Windows 10', os.arch: 'amd64', os.version: '10.0', java.version: '21'
Driver info: DevTools Connection
2025-08-05 00:25:54.855 [main] DEBUG p.com.saucedemo.utils.ZipkinTracer - Span sent successfully to Zipkin
2025-08-05 00:25:54.855 [main] INFO  p.com.saucedemo.utils.ZipkinTracer - Ended span: enable-network-logging - Duration: 26ms, Success: false
2025-08-05 00:25:54.862 [main] DEBUG p.com.saucedemo.utils.ZipkinTracer - Span sent successfully to Zipkin
2025-08-05 00:25:54.862 [main] INFO  p.com.saucedemo.utils.ZipkinTracer - Started span: monitor-network-activity - Monitor network activity: AutomationExercise Network Monitoring
2025-08-05 00:25:54.884 [main] DEBUG p.com.saucedemo.utils.ZipkinTracer - Span sent successfully to Zipkin
2025-08-05 00:25:54.885 [main] INFO  p.com.saucedemo.utils.ZipkinTracer - Tracked test step: Network Monitoring - Network monitoring enabled for: AutomationExercise Network Monitoring (1754342754878ms, PASS)
2025-08-05 00:25:54.893 [main] DEBUG p.com.saucedemo.utils.ZipkinTracer - Span sent successfully to Zipkin
2025-08-05 00:25:54.893 [main] INFO  p.com.saucedemo.utils.ZipkinTracer - Ended span: monitor-network-activity - Duration: 67ms, Success: true
2025-08-05 00:25:55.209 [main] INFO  p.c.s.utils.TestDataGenerator - Generated user info: UserInfo{firstName='Augustus', lastName='Satterfield', email='gerard.morar@hotmail.com', password='#klpao523HI'}
2025-08-05 00:25:55.220 [main] DEBUG p.com.saucedemo.utils.ZipkinTracer - Span sent successfully to Zipkin
2025-08-05 00:25:55.220 [main] INFO  p.com.saucedemo.utils.ZipkinTracer - Ended span: test.suite.setup - Duration: 3544ms, Success: true
2025-08-05 00:25:55.221 [main] INFO  p.c.s.AutomationExerciseCompleteTest - Test setup completed successfully with Zipkin tracing
2025-08-05 00:25:55.236 [main] INFO  p.c.s.AutomationExerciseCompleteTest - === Step 1: Creating new account ===
2025-08-05 00:25:55.242 [main] DEBUG p.com.saucedemo.utils.ZipkinTracer - Span sent successfully to Zipkin
2025-08-05 00:25:55.242 [main] INFO  p.com.saucedemo.utils.ZipkinTracer - Started span: test.create.account - Create new user account
2025-08-05 00:25:55.243 [main] INFO  proje.com.saucedemo.pages.HomePage - Navigating to AutomationExercise home page
2025-08-05 00:25:58.855 [main] INFO  proje.com.saucedemo.pages.HomePage - Successfully navigated to home page
2025-08-05 00:25:58.861 [main] DEBUG p.com.saucedemo.utils.ZipkinTracer - Span sent successfully to Zipkin
2025-08-05 00:25:58.861 [main] INFO  p.com.saucedemo.utils.ZipkinTracer - Tracked page navigation: Home - https://www.automationexercise.com (3619ms)
2025-08-05 00:25:58.869 [main] DEBUG p.com.saucedemo.utils.ZipkinTracer - Span sent successfully to Zipkin
2025-08-05 00:25:58.869 [main] INFO  p.com.saucedemo.utils.ZipkinTracer - Started span: capture-network-requests - Capture network requests for operation: home-page-navigation
2025-08-05 00:25:58.870 [main] INFO  p.com.saucedemo.utils.NetworkTracer - DevTools already capturing network requests in real-time
2025-08-05 00:25:58.877 [main] DEBUG p.com.saucedemo.utils.ZipkinTracer - Span sent successfully to Zipkin
2025-08-05 00:25:58.878 [main] INFO  p.com.saucedemo.utils.ZipkinTracer - Tracked test step: Network Capture - DevTools monitoring active (1754342758870ms, PASS)
2025-08-05 00:25:58.885 [main] DEBUG p.com.saucedemo.utils.ZipkinTracer - Span sent successfully to Zipkin
2025-08-05 00:25:58.885 [main] INFO  p.com.saucedemo.utils.ZipkinTracer - Ended span: capture-network-requests - Duration: 4060ms, Success: true
2025-08-05 00:25:58.885 [main] INFO  proje.com.saucedemo.pages.HomePage - Clicking on Signup/Login link
2025-08-05 00:25:59.863 [main] INFO  proje.com.saucedemo.pages.HomePage - Successfully clicked on Signup/Login link
2025-08-05 00:25:59.872 [main] DEBUG p.com.saucedemo.utils.ZipkinTracer - Span sent successfully to Zipkin
2025-08-05 00:25:59.872 [main] INFO  p.com.saucedemo.utils.ZipkinTracer - Tracked element interaction: SignupLogin Link - click (4627ms)
2025-08-05 00:25:59.883 [main] DEBUG p.com.saucedemo.utils.ZipkinTracer - Span sent successfully to Zipkin
2025-08-05 00:25:59.884 [main] INFO  p.com.saucedemo.utils.ZipkinTracer - Started span: capture-network-requests - Capture network requests for operation: signup-page-load
2025-08-05 00:25:59.884 [main] INFO  p.com.saucedemo.utils.NetworkTracer - DevTools already capturing network requests in real-time
2025-08-05 00:25:59.890 [main] DEBUG p.com.saucedemo.utils.ZipkinTracer - Span sent successfully to Zipkin
2025-08-05 00:25:59.891 [main] INFO  p.com.saucedemo.utils.ZipkinTracer - Tracked test step: Network Capture - DevTools monitoring active (1754342759885ms, PASS)
2025-08-05 00:25:59.895 [main] DEBUG p.com.saucedemo.utils.ZipkinTracer - Span sent successfully to Zipkin
2025-08-05 00:25:59.896 [main] INFO  p.com.saucedemo.utils.ZipkinTracer - Ended span: capture-network-requests - Duration: 5073ms, Success: true
2025-08-05 00:25:59.896 [main] INFO  p.c.saucedemo.pages.SignupLoginPage - Starting signup process with name: Augustus Satterfield and email: gerard.morar@hotmail.com
2025-08-05 00:26:02.305 [main] INFO  p.c.saucedemo.pages.SignupLoginPage - Signup form submitted
2025-08-05 00:26:02.312 [main] DEBUG p.com.saucedemo.utils.ZipkinTracer - Span sent successfully to Zipkin
2025-08-05 00:26:02.312 [main] INFO  p.com.saucedemo.utils.ZipkinTracer - Tracked element interaction: Signup Form - submit (7069ms)
2025-08-05 00:26:02.323 [main] DEBUG p.com.saucedemo.utils.ZipkinTracer - Span sent successfully to Zipkin
2025-08-05 00:26:02.323 [main] INFO  p.com.saucedemo.utils.ZipkinTracer - Started span: capture-network-requests - Capture network requests for operation: signup-form-submission
2025-08-05 00:26:02.323 [main] INFO  p.com.saucedemo.utils.NetworkTracer - DevTools already capturing network requests in real-time
2025-08-05 00:26:02.329 [main] DEBUG p.com.saucedemo.utils.ZipkinTracer - Span sent successfully to Zipkin
2025-08-05 00:26:02.329 [main] INFO  p.com.saucedemo.utils.ZipkinTracer - Tracked test step: Network Capture - DevTools monitoring active (1754342762323ms, PASS)
2025-08-05 00:26:02.341 [main] DEBUG p.com.saucedemo.utils.ZipkinTracer - Span sent successfully to Zipkin
2025-08-05 00:26:02.342 [main] INFO  p.com.saucedemo.utils.ZipkinTracer - Ended span: capture-network-requests - Duration: 7512ms, Success: true
2025-08-05 00:26:12.441 [main] INFO  p.c.s.utils.TestDataGenerator - Generated account info: AccountInfo{title='Mrs', firstName='Elease', lastName='Kutch', company='Durgan, Krajcik and Moore', address1='Apt. 488 4151 Randell Tunnel, South Raeann, TN 42520', address2='2036 Emil Glen, Georgannborough, IL 23069', country='Algeria', state='New Jersey', city='Morarhaven', zipcode='30927', mobileNumber='(647) 907-4941 x35794', day='11', month='6', year='1983'}
2025-08-05 00:26:12.455 [main] INFO  p.c.saucedemo.pages.SignupLoginPage - Filling account information form
2025-08-05 00:26:14.524 [main] INFO  p.c.saucedemo.pages.SignupLoginPage - Account information form filled successfully
2025-08-05 00:26:14.533 [main] DEBUG p.com.saucedemo.utils.ZipkinTracer - Span sent successfully to Zipkin
2025-08-05 00:26:14.533 [main] INFO  p.com.saucedemo.utils.ZipkinTracer - Tracked element interaction: Account Details - fill (19288ms)
2025-08-05 00:26:14.537 [main] DEBUG p.com.saucedemo.utils.ZipkinTracer - Span sent successfully to Zipkin
2025-08-05 00:26:14.538 [main] INFO  p.com.saucedemo.utils.ZipkinTracer - Started span: capture-network-requests - Capture network requests for operation: account-creation
2025-08-05 00:26:14.538 [main] INFO  p.com.saucedemo.utils.NetworkTracer - DevTools already capturing network requests in real-time
2025-08-05 00:26:14.542 [main] DEBUG p.com.saucedemo.utils.ZipkinTracer - Span sent successfully to Zipkin
2025-08-05 00:26:14.544 [main] INFO  p.com.saucedemo.utils.ZipkinTracer - Tracked test step: Network Capture - DevTools monitoring active (1754342774538ms, PASS)
2025-08-05 00:26:14.551 [main] DEBUG p.com.saucedemo.utils.ZipkinTracer - Span sent successfully to Zipkin
2025-08-05 00:26:14.551 [main] INFO  p.com.saucedemo.utils.ZipkinTracer - Ended span: capture-network-requests - Duration: 19726ms, Success: true
2025-08-05 00:26:14.551 [main] INFO  p.c.saucedemo.pages.SignupLoginPage - Creating account
2025-08-05 00:26:16.340 [main] INFO  p.c.saucedemo.pages.SignupLoginPage - Account creation initiated
2025-08-05 00:26:16.354 [main] DEBUG p.com.saucedemo.utils.ZipkinTracer - Span sent successfully to Zipkin
2025-08-05 00:26:16.355 [main] INFO  p.com.saucedemo.utils.ZipkinTracer - Tracked element interaction: Create Account Button - click (21105ms)
2025-08-05 00:26:16.364 [main] DEBUG p.com.saucedemo.utils.ZipkinTracer - Span sent successfully to Zipkin
2025-08-05 00:26:16.364 [main] INFO  p.com.saucedemo.utils.ZipkinTracer - Started span: wait-for-network-idle - Wait for network to become idle
2025-08-05 00:26:46.390 [main] ERROR p.com.saucedemo.utils.NetworkTracer - Failed to wait for network idle: script timeout
  (Session info: chrome=138.0.7204.184)
Build info: version: '4.18.1', revision: 'b1d3319b48'
System info: os.name: 'Windows 10', os.arch: 'amd64', os.version: '10.0', java.version: '21'
Driver info: org.openqa.selenium.chrome.ChromeDriver
Command: [68565535ca3eb888aec86b77fd7dd1ee, executeAsyncScript {script=return new Promise((resolve) => {
    let lastRequestTime = Date.now();
    let checkInterval = setInterval(() => {
        if (Date.now() - lastRequestTime > 1000) {
            clearInterval(checkInterval);
            resolve(true);
        }
    }, 100);

    // Override fetch to track requests
    let originalFetch = window.fetch;
    window.fetch = function(...args) {
        lastRequestTime = Date.now();
        return originalFetch.apply(this, args);
    };

    // Override XHR to track requests
    let originalOpen = XMLHttpRequest.prototype.open;
    XMLHttpRequest.prototype.open = function() {
        lastRequestTime = Date.now();
        return originalOpen.apply(this, arguments);
    };
});
, args=[]}]
Capabilities {acceptInsecureCerts: false, browserName: chrome, browserVersion: 138.0.7204.184, chrome: {chromedriverVersion: 138.0.7204.183 (e90faf484dd..., userDataDir: C:\Users\kavci\AppData\Loca...}, fedcm:accounts: true, goog:chromeOptions: {debuggerAddress: localhost:61507}, networkConnectionEnabled: false, pageLoadStrategy: normal, platformName: windows, proxy: Proxy(), se:cdp: ws://localhost:61507/devtoo..., se:cdpVersion: 138.0.7204.184, setWindowRect: true, strictFileInteractability: false, timeouts: {implicit: 0, pageLoad: 300000, script: 30000}, unhandledPromptBehavior: dismiss and notify, webauthn:extension:credBlob: true, webauthn:extension:largeBlob: true, webauthn:extension:minPinLength: true, webauthn:extension:prf: true, webauthn:virtualAuthenticators: true}
Session ID: 68565535ca3eb888aec86b77fd7dd1ee
2025-08-05 00:26:46.403 [main] DEBUG p.com.saucedemo.utils.ZipkinTracer - Span sent successfully to Zipkin
2025-08-05 00:26:46.404 [main] INFO  p.com.saucedemo.utils.ZipkinTracer - Tracked test step: Network Idle - Failed to wait for network idle (1754342806391ms, FAIL)
2025-08-05 00:26:46.410 [main] DEBUG p.com.saucedemo.utils.ZipkinTracer - Span sent successfully to Zipkin
2025-08-05 00:26:46.410 [main] INFO  p.com.saucedemo.utils.ZipkinTracer - Ended span: wait-for-network-idle - Duration: 51586ms, Success: false
2025-08-05 00:26:46.441 [main] INFO  p.c.saucedemo.pages.SignupLoginPage - Account created successfully
2025-08-05 00:26:46.441 [main] INFO  p.c.s.v.VerificationHelper - Account created successfully
2025-08-05 00:26:46.450 [main] DEBUG p.com.saucedemo.utils.ZipkinTracer - Span sent successfully to Zipkin
2025-08-05 00:26:46.451 [main] INFO  p.com.saucedemo.utils.ZipkinTracer - Tracked test step: Account Creation Verification - Verify account was created successfully (51205ms, PASS)
2025-08-05 00:26:46.457 [main] DEBUG p.com.saucedemo.utils.ZipkinTracer - Span sent successfully to Zipkin
2025-08-05 00:26:46.457 [main] INFO  p.com.saucedemo.utils.ZipkinTracer - Tracked test step: Create Account - Successfully created user account (51215ms, PASS)
2025-08-05 00:26:46.462 [main] DEBUG p.com.saucedemo.utils.ZipkinTracer - Span sent successfully to Zipkin
2025-08-05 00:26:46.462 [main] INFO  p.com.saucedemo.utils.ZipkinTracer - Ended span: test.create.account - Duration: 54787ms, Success: true
2025-08-05 00:26:46.462 [main] INFO  p.c.s.AutomationExerciseCompleteTest - === Step 1 completed: Account created successfully ===
2025-08-05 00:26:46.473 [main] INFO  p.c.s.AutomationExerciseCompleteTest - === Cleaning up test resources ===
2025-08-05 00:26:46.477 [main] INFO  p.com.saucedemo.utils.NetworkTracer - DevTools session closed
2025-08-05 00:26:47.392 [main] INFO  p.c.saucedemo.config.WebDriverConfig - WebDriver quit successfully
2025-08-05 00:26:47.393 [main] INFO  p.c.s.AutomationExerciseCompleteTest - WebDriver quit successfully
2025-08-05 00:26:47.393 [main] INFO  p.com.saucedemo.utils.ZipkinTracer - ZipkinTracer cleanup completed
2025-08-05 00:26:47.393 [main] INFO  p.c.s.AutomationExerciseCompleteTest - === Test suite cleanup completed ===
2025-08-05 00:44:51.511 [main] INFO  p.c.s.AutomationExerciseCompleteTest - === Setting up test suite ===
2025-08-05 00:44:52.053 [main] INFO  p.com.saucedemo.utils.ZipkinTracer - ZipkinTracer initialized with traceId: e24f209c0ad64810, spanId: 72f69cf33a2d41bb, serviceName: automation-exercise-test
2025-08-05 00:44:52.256 [main] DEBUG p.com.saucedemo.utils.ZipkinTracer - Span sent successfully to Zipkin
2025-08-05 00:44:52.256 [main] INFO  p.com.saucedemo.utils.ZipkinTracer - Started span: test.suite.setup - Initialize test suite
2025-08-05 00:44:52.573 [main] INFO  i.g.bonigarcia.wdm.WebDriverManager - Using chromedriver 138.0.7204.183 (resolved driver for Chrome 138)
2025-08-05 00:44:52.615 [main] INFO  i.g.bonigarcia.wdm.WebDriverManager - Exporting webdriver.chrome.driver as C:\Users\kavci\.cache\selenium\chromedriver\win64\138.0.7204.183\chromedriver.exe
2025-08-05 00:44:54.405 [main] INFO  p.c.saucedemo.config.WebDriverConfig - WebDriver initialized successfully for browser: chrome
2025-08-05 00:44:54.413 [main] INFO  p.com.saucedemo.utils.ZipkinTracer - ZipkinTracer initialized with traceId: 073591e4e72b47b6, spanId: 19eb751e61354e73, serviceName: automation-exercise-test
2025-08-05 00:44:54.417 [main] INFO  p.com.saucedemo.utils.ZipkinTracer - ZipkinTracer initialized with traceId: a80f3eb8c0e3443f, spanId: 90ab1dbcd3db496c, serviceName: automation-exercise-test
2025-08-05 00:44:54.433 [main] DEBUG p.com.saucedemo.utils.ZipkinTracer - Span sent successfully to Zipkin
2025-08-05 00:44:54.434 [main] INFO  p.com.saucedemo.utils.ZipkinTracer - Started span: enable-network-logging - Enable network logging with DevTools
2025-08-05 00:44:54.434 [main] INFO  p.com.saucedemo.utils.NetworkTracer - Enabling JavaScript-based network monitoring
2025-08-05 00:44:54.451 [main] INFO  p.com.saucedemo.utils.NetworkTracer - JavaScript network monitoring enabled successfully
2025-08-05 00:44:54.453 [main] WARN  p.com.saucedemo.utils.NetworkTracer - DevTools failed to initialize: You are using a no-op implementation of the CDP. The most likely reason for this is that Selenium was unable to find an implementation of the CDP protocol that matches your browser. Please be sure to include an implementation on the classpath, possibly by adding a new (maven) dependency of `org.seleniumhq.selenium:selenium-devtools-vNN:4.18.1` where `NN` matches the major version of the browser you're using.
Build info: version: '4.18.1', revision: 'b1d3319b48'
System info: os.name: 'Windows 10', os.arch: 'amd64', os.version: '10.0', java.version: '21'
Driver info: DevTools Connection, using JavaScript monitoring only
2025-08-05 00:44:54.466 [main] DEBUG p.com.saucedemo.utils.ZipkinTracer - Span sent successfully to Zipkin
2025-08-05 00:44:54.466 [main] INFO  p.com.saucedemo.utils.ZipkinTracer - Ended span: enable-network-logging - Duration: 36ms, Success: true
2025-08-05 00:44:54.473 [main] DEBUG p.com.saucedemo.utils.ZipkinTracer - Span sent successfully to Zipkin
2025-08-05 00:44:54.473 [main] INFO  p.com.saucedemo.utils.ZipkinTracer - Started span: monitor-network-activity - Monitor network activity: AutomationExercise Network Monitoring
2025-08-05 00:44:54.501 [main] DEBUG p.com.saucedemo.utils.ZipkinTracer - Span sent successfully to Zipkin
2025-08-05 00:44:54.501 [main] INFO  p.com.saucedemo.utils.ZipkinTracer - Tracked test step: Network Monitoring - Network monitoring enabled for: AutomationExercise Network Monitoring (1754343894489ms, PASS)
2025-08-05 00:44:54.506 [main] DEBUG p.com.saucedemo.utils.ZipkinTracer - Span sent successfully to Zipkin
2025-08-05 00:44:54.506 [main] INFO  p.com.saucedemo.utils.ZipkinTracer - Ended span: monitor-network-activity - Duration: 84ms, Success: true
2025-08-05 00:44:54.816 [main] INFO  p.c.s.utils.TestDataGenerator - Generated user info: UserInfo{firstName='Aurore', lastName='Sauer', email='jackelyn.volkman@hotmail.com', password='@g2@CwaJ5f'}
2025-08-05 00:44:54.830 [main] DEBUG p.com.saucedemo.utils.ZipkinTracer - Span sent successfully to Zipkin
2025-08-05 00:44:54.830 [main] INFO  p.com.saucedemo.utils.ZipkinTracer - Ended span: test.suite.setup - Duration: 2769ms, Success: true
2025-08-05 00:44:54.830 [main] INFO  p.c.s.AutomationExerciseCompleteTest - Test setup completed successfully with Zipkin tracing
2025-08-05 00:44:54.850 [main] INFO  p.c.s.AutomationExerciseCompleteTest - === Testing HTTP Methods in Zipkin ===
2025-08-05 00:44:54.857 [main] DEBUG p.com.saucedemo.utils.ZipkinTracer - Span sent successfully to Zipkin
2025-08-05 00:44:54.861 [main] INFO  p.com.saucedemo.utils.ZipkinTracer - Started span: test.http.methods - Test HTTP methods visibility in Zipkin
2025-08-05 00:44:54.862 [main] INFO  proje.com.saucedemo.pages.HomePage - Navigating to AutomationExercise home page
2025-08-05 00:44:57.713 [main] INFO  proje.com.saucedemo.pages.HomePage - Successfully navigated to home page
2025-08-05 00:44:57.719 [main] DEBUG p.com.saucedemo.utils.ZipkinTracer - Span sent successfully to Zipkin
2025-08-05 00:44:57.719 [main] INFO  p.com.saucedemo.utils.ZipkinTracer - Tracked page navigation: Home - https://www.automationexercise.com (2863ms)
2025-08-05 00:44:57.721 [main] INFO  p.com.saucedemo.utils.ZipkinTracer - ZipkinTracer initialized with traceId: e29c96db54c04741, spanId: 340e7ce283b04ce2, serviceName: automation-exercise-get
2025-08-05 00:44:57.735 [main] DEBUG p.com.saucedemo.utils.ZipkinTracer - Span sent successfully to Zipkin
2025-08-05 00:44:57.735 [main] INFO  p.com.saucedemo.utils.ZipkinTracer - Started span: http-request - GET https://www.automationexercise.com
2025-08-05 00:44:57.744 [main] DEBUG p.com.saucedemo.utils.ZipkinTracer - Span sent successfully to Zipkin
2025-08-05 00:44:57.745 [main] INFO  p.com.saucedemo.utils.ZipkinTracer - Tracked element interaction: HTTP Request - GET https://www.automationexercise.com (home-page) (1754343897737ms)
2025-08-05 00:44:57.750 [main] DEBUG p.com.saucedemo.utils.ZipkinTracer - Span sent successfully to Zipkin
2025-08-05 00:44:57.750 [main] INFO  p.com.saucedemo.utils.ZipkinTracer - Ended span: http-request - Duration: 24ms, Success: true
2025-08-05 00:44:57.750 [main] INFO  p.com.saucedemo.utils.ZipkinTracer - ZipkinTracer cleanup completed
2025-08-05 00:44:57.750 [main] INFO  p.c.s.AutomationExerciseCompleteTest - Manually sent to Zipkin: GET request to https://www.automationexercise.com with service name: automation-exercise-get (home-page)
2025-08-05 00:44:57.755 [main] DEBUG p.com.saucedemo.utils.ZipkinTracer - Span sent successfully to Zipkin
2025-08-05 00:44:57.755 [main] INFO  p.com.saucedemo.utils.ZipkinTracer - Started span: capture-network-requests - Capture network requests for operation: home-page-navigation
2025-08-05 00:44:57.767 [main] INFO  p.com.saucedemo.utils.NetworkTracer - Captured 0 network requests via JavaScript
2025-08-05 00:44:57.779 [main] INFO  p.com.saucedemo.utils.ZipkinTracer - ZipkinTracer initialized with traceId: ac6a765be6744bee, spanId: cc7f2dbfeceb4d98, serviceName: automation-exercise-get
2025-08-05 00:44:57.790 [main] DEBUG p.com.saucedemo.utils.ZipkinTracer - Span sent successfully to Zipkin
2025-08-05 00:44:57.791 [main] INFO  p.com.saucedemo.utils.ZipkinTracer - Tracked element interaction: Page Navigation - GET https://www.automationexercise.com/ (navigation) (1754343897779ms)
2025-08-05 00:44:57.791 [main] INFO  p.com.saucedemo.utils.ZipkinTracer - ZipkinTracer cleanup completed
2025-08-05 00:44:57.791 [main] INFO  p.com.saucedemo.utils.NetworkTracer - Sent page navigation to Zipkin: GET https://www.automationexercise.com/ with service name: automation-exercise-get
2025-08-05 00:44:57.807 [main] DEBUG p.com.saucedemo.utils.ZipkinTracer - Span sent successfully to Zipkin
2025-08-05 00:44:57.807 [main] INFO  p.com.saucedemo.utils.ZipkinTracer - Ended span: capture-network-requests - Duration: 3384ms, Success: true
2025-08-05 00:45:02.063 [main] DEBUG p.com.saucedemo.utils.ZipkinTracer - Span sent successfully to Zipkin
2025-08-05 00:45:02.064 [main] INFO  p.com.saucedemo.utils.ZipkinTracer - Tracked page navigation: Products - https://www.automationexercise.com/products (7206ms)
2025-08-05 00:45:02.066 [main] INFO  p.com.saucedemo.utils.ZipkinTracer - ZipkinTracer initialized with traceId: d87d47c1ffb04ac8, spanId: 142866cc0c594534, serviceName: automation-exercise-get
2025-08-05 00:45:02.080 [main] DEBUG p.com.saucedemo.utils.ZipkinTracer - Span sent successfully to Zipkin
2025-08-05 00:45:02.080 [main] INFO  p.com.saucedemo.utils.ZipkinTracer - Started span: http-request - GET https://www.automationexercise.com/products
2025-08-05 00:45:02.085 [main] DEBUG p.com.saucedemo.utils.ZipkinTracer - Span sent successfully to Zipkin
2025-08-05 00:45:02.085 [main] INFO  p.com.saucedemo.utils.ZipkinTracer - Tracked element interaction: HTTP Request - GET https://www.automationexercise.com/products (products-page) (1754343902080ms)
2025-08-05 00:45:02.094 [main] DEBUG p.com.saucedemo.utils.ZipkinTracer - Span sent successfully to Zipkin
2025-08-05 00:45:02.094 [main] INFO  p.com.saucedemo.utils.ZipkinTracer - Ended span: http-request - Duration: 19ms, Success: true
2025-08-05 00:45:02.094 [main] INFO  p.com.saucedemo.utils.ZipkinTracer - ZipkinTracer cleanup completed
2025-08-05 00:45:02.094 [main] INFO  p.c.s.AutomationExerciseCompleteTest - Manually sent to Zipkin: GET request to https://www.automationexercise.com/products with service name: automation-exercise-get (products-page)
2025-08-05 00:45:02.099 [main] DEBUG p.com.saucedemo.utils.ZipkinTracer - Span sent successfully to Zipkin
2025-08-05 00:45:02.099 [main] INFO  p.com.saucedemo.utils.ZipkinTracer - Started span: capture-network-requests - Capture network requests for operation: products-page-navigation
2025-08-05 00:45:02.110 [main] INFO  p.com.saucedemo.utils.NetworkTracer - Captured 0 network requests via JavaScript
2025-08-05 00:45:02.123 [main] INFO  p.com.saucedemo.utils.ZipkinTracer - ZipkinTracer initialized with traceId: ecdcd745b5f24e57, spanId: 62c147263161432a, serviceName: automation-exercise-get
2025-08-05 00:45:02.135 [main] DEBUG p.com.saucedemo.utils.ZipkinTracer - Span sent successfully to Zipkin
2025-08-05 00:45:02.135 [main] INFO  p.com.saucedemo.utils.ZipkinTracer - Tracked element interaction: Page Navigation - GET https://www.automationexercise.com/products (navigation) (1754343902124ms)
2025-08-05 00:45:02.135 [main] INFO  p.com.saucedemo.utils.ZipkinTracer - ZipkinTracer cleanup completed
2025-08-05 00:45:02.135 [main] INFO  p.com.saucedemo.utils.NetworkTracer - Sent page navigation to Zipkin: GET https://www.automationexercise.com/products with service name: automation-exercise-get
2025-08-05 00:45:02.154 [main] DEBUG p.com.saucedemo.utils.ZipkinTracer - Span sent successfully to Zipkin
2025-08-05 00:45:02.154 [main] INFO  p.com.saucedemo.utils.ZipkinTracer - Ended span: capture-network-requests - Duration: 7730ms, Success: true
2025-08-05 00:45:05.184 [main] DEBUG p.com.saucedemo.utils.ZipkinTracer - Span sent successfully to Zipkin
2025-08-05 00:45:05.185 [main] INFO  p.com.saucedemo.utils.ZipkinTracer - Tracked page navigation: Cart - https://www.automationexercise.com/view_cart (10326ms)
2025-08-05 00:45:05.197 [main] INFO  p.com.saucedemo.utils.ZipkinTracer - ZipkinTracer initialized with traceId: 50030def7a7c49a6, spanId: 82f7572a6c954138, serviceName: automation-exercise-get
2025-08-05 00:45:05.213 [main] DEBUG p.com.saucedemo.utils.ZipkinTracer - Span sent successfully to Zipkin
2025-08-05 00:45:05.214 [main] INFO  p.com.saucedemo.utils.ZipkinTracer - Started span: http-request - GET https://www.automationexercise.com/view_cart
2025-08-05 00:45:05.218 [main] DEBUG p.com.saucedemo.utils.ZipkinTracer - Span sent successfully to Zipkin
2025-08-05 00:45:05.219 [main] INFO  p.com.saucedemo.utils.ZipkinTracer - Tracked element interaction: HTTP Request - GET https://www.automationexercise.com/view_cart (cart-page) (1754343905214ms)
2025-08-05 00:45:05.226 [main] DEBUG p.com.saucedemo.utils.ZipkinTracer - Span sent successfully to Zipkin
2025-08-05 00:45:05.226 [main] INFO  p.com.saucedemo.utils.ZipkinTracer - Ended span: http-request - Duration: 22ms, Success: true
2025-08-05 00:45:05.226 [main] INFO  p.com.saucedemo.utils.ZipkinTracer - ZipkinTracer cleanup completed
2025-08-05 00:45:05.226 [main] INFO  p.c.s.AutomationExerciseCompleteTest - Manually sent to Zipkin: GET request to https://www.automationexercise.com/view_cart with service name: automation-exercise-get (cart-page)
2025-08-05 00:45:05.231 [main] DEBUG p.com.saucedemo.utils.ZipkinTracer - Span sent successfully to Zipkin
2025-08-05 00:45:05.232 [main] INFO  p.com.saucedemo.utils.ZipkinTracer - Started span: capture-network-requests - Capture network requests for operation: cart-page-navigation
2025-08-05 00:45:05.295 [main] INFO  p.com.saucedemo.utils.NetworkTracer - Captured 0 network requests via JavaScript
2025-08-05 00:45:05.371 [main] INFO  p.com.saucedemo.utils.ZipkinTracer - ZipkinTracer initialized with traceId: bd94310f02e047f7, spanId: 6682062dba504812, serviceName: automation-exercise-get
2025-08-05 00:45:05.402 [main] DEBUG p.com.saucedemo.utils.ZipkinTracer - Span sent successfully to Zipkin
2025-08-05 00:45:05.405 [main] INFO  p.com.saucedemo.utils.ZipkinTracer - Tracked element interaction: Page Navigation - GET https://www.automationexercise.com/view_cart (navigation) (1754343905372ms)
2025-08-05 00:45:05.406 [main] INFO  p.com.saucedemo.utils.ZipkinTracer - ZipkinTracer cleanup completed
2025-08-05 00:45:05.406 [main] INFO  p.com.saucedemo.utils.NetworkTracer - Sent page navigation to Zipkin: GET https://www.automationexercise.com/view_cart with service name: automation-exercise-get
2025-08-05 00:45:05.434 [main] DEBUG p.com.saucedemo.utils.ZipkinTracer - Span sent successfully to Zipkin
2025-08-05 00:45:05.434 [main] INFO  p.com.saucedemo.utils.ZipkinTracer - Ended span: capture-network-requests - Duration: 11002ms, Success: true
2025-08-05 00:45:05.448 [main] DEBUG p.com.saucedemo.utils.ZipkinTracer - Span sent successfully to Zipkin
2025-08-05 00:45:05.449 [main] INFO  p.com.saucedemo.utils.ZipkinTracer - Tracked test step: HTTP Methods Test - Successfully tested HTTP methods in Zipkin (10584ms, PASS)
2025-08-05 00:45:05.460 [main] DEBUG p.com.saucedemo.utils.ZipkinTracer - Span sent successfully to Zipkin
2025-08-05 00:45:05.460 [main] INFO  p.com.saucedemo.utils.ZipkinTracer - Ended span: test.http.methods - Duration: 13396ms, Success: true
2025-08-05 00:45:05.460 [main] INFO  p.c.s.AutomationExerciseCompleteTest - === HTTP Methods test completed ===
2025-08-05 00:45:05.460 [main] INFO  p.c.s.AutomationExerciseCompleteTest - Trace ID: e24f209c0ad64810
2025-08-05 00:45:05.496 [main] INFO  p.c.s.AutomationExerciseCompleteTest - === Step 1: Creating new account ===
2025-08-05 00:45:05.511 [main] DEBUG p.com.saucedemo.utils.ZipkinTracer - Span sent successfully to Zipkin
2025-08-05 00:45:05.512 [main] INFO  p.com.saucedemo.utils.ZipkinTracer - Started span: test.create.account - Create new user account
2025-08-05 00:45:05.512 [main] INFO  proje.com.saucedemo.pages.HomePage - Navigating to AutomationExercise home page
2025-08-05 00:45:07.193 [main] INFO  proje.com.saucedemo.pages.HomePage - Successfully navigated to home page
2025-08-05 00:45:07.198 [main] DEBUG p.com.saucedemo.utils.ZipkinTracer - Span sent successfully to Zipkin
2025-08-05 00:45:07.198 [main] INFO  p.com.saucedemo.utils.ZipkinTracer - Tracked page navigation: Home - https://www.automationexercise.com (1697ms)
2025-08-05 00:45:07.202 [main] DEBUG p.com.saucedemo.utils.ZipkinTracer - Span sent successfully to Zipkin
2025-08-05 00:45:07.203 [main] INFO  p.com.saucedemo.utils.ZipkinTracer - Started span: capture-network-requests - Capture network requests for operation: home-page-navigation
2025-08-05 00:45:07.212 [main] INFO  p.com.saucedemo.utils.NetworkTracer - Captured 0 network requests via JavaScript
2025-08-05 00:45:07.221 [main] INFO  p.com.saucedemo.utils.ZipkinTracer - ZipkinTracer initialized with traceId: 9f0a8b72bc7f4573, spanId: 8a10983a3b944e54, serviceName: automation-exercise-get
2025-08-05 00:45:07.232 [main] DEBUG p.com.saucedemo.utils.ZipkinTracer - Span sent successfully to Zipkin
2025-08-05 00:45:07.232 [main] INFO  p.com.saucedemo.utils.ZipkinTracer - Tracked element interaction: Page Navigation - GET https://www.automationexercise.com/ (navigation) (1754343907221ms)
2025-08-05 00:45:07.232 [main] INFO  p.com.saucedemo.utils.ZipkinTracer - ZipkinTracer cleanup completed
2025-08-05 00:45:07.232 [main] INFO  p.com.saucedemo.utils.NetworkTracer - Sent page navigation to Zipkin: GET https://www.automationexercise.com/ with service name: automation-exercise-get
2025-08-05 00:45:07.245 [main] DEBUG p.com.saucedemo.utils.ZipkinTracer - Span sent successfully to Zipkin
2025-08-05 00:45:07.245 [main] INFO  p.com.saucedemo.utils.ZipkinTracer - Ended span: capture-network-requests - Duration: 12823ms, Success: true
2025-08-05 00:45:07.245 [main] INFO  proje.com.saucedemo.pages.HomePage - Clicking on Signup/Login link
2025-08-05 00:45:08.049 [main] INFO  proje.com.saucedemo.pages.HomePage - Successfully clicked on Signup/Login link
2025-08-05 00:45:08.059 [main] DEBUG p.com.saucedemo.utils.ZipkinTracer - Span sent successfully to Zipkin
2025-08-05 00:45:08.059 [main] INFO  p.com.saucedemo.utils.ZipkinTracer - Tracked element interaction: SignupLogin Link - click (2553ms)
2025-08-05 00:45:08.066 [main] DEBUG p.com.saucedemo.utils.ZipkinTracer - Span sent successfully to Zipkin
2025-08-05 00:45:08.067 [main] INFO  p.com.saucedemo.utils.ZipkinTracer - Started span: capture-network-requests - Capture network requests for operation: signup-page-load
2025-08-05 00:45:08.078 [main] INFO  p.com.saucedemo.utils.NetworkTracer - Captured 0 network requests via JavaScript
2025-08-05 00:45:08.092 [main] INFO  p.com.saucedemo.utils.ZipkinTracer - ZipkinTracer initialized with traceId: e7f8afa131bd4d09, spanId: 6e42cc12d3094db1, serviceName: automation-exercise-get
2025-08-05 00:45:08.107 [main] DEBUG p.com.saucedemo.utils.ZipkinTracer - Span sent successfully to Zipkin
2025-08-05 00:45:08.108 [main] INFO  p.com.saucedemo.utils.ZipkinTracer - Tracked element interaction: Page Navigation - GET https://www.automationexercise.com/login (navigation) (1754343908092ms)
2025-08-05 00:45:08.108 [main] INFO  p.com.saucedemo.utils.ZipkinTracer - ZipkinTracer cleanup completed
2025-08-05 00:45:08.108 [main] INFO  p.com.saucedemo.utils.NetworkTracer - Sent page navigation to Zipkin: GET https://www.automationexercise.com/login with service name: automation-exercise-get
2025-08-05 00:45:08.127 [main] DEBUG p.com.saucedemo.utils.ZipkinTracer - Span sent successfully to Zipkin
2025-08-05 00:45:08.128 [main] INFO  p.com.saucedemo.utils.ZipkinTracer - Ended span: capture-network-requests - Duration: 13701ms, Success: true
2025-08-05 00:45:08.128 [main] INFO  p.c.saucedemo.pages.SignupLoginPage - Starting signup process with name: Aurore Sauer and email: jackelyn.volkman@hotmail.com
2025-08-05 00:45:10.273 [main] INFO  p.c.saucedemo.pages.SignupLoginPage - Signup form submitted
2025-08-05 00:45:10.284 [main] DEBUG p.com.saucedemo.utils.ZipkinTracer - Span sent successfully to Zipkin
2025-08-05 00:45:10.289 [main] INFO  p.com.saucedemo.utils.ZipkinTracer - Tracked element interaction: Signup Form - submit (4778ms)
2025-08-05 00:45:10.297 [main] DEBUG p.com.saucedemo.utils.ZipkinTracer - Span sent successfully to Zipkin
2025-08-05 00:45:10.297 [main] INFO  p.com.saucedemo.utils.ZipkinTracer - Started span: capture-network-requests - Capture network requests for operation: signup-form-submission
2025-08-05 00:45:10.309 [main] INFO  p.com.saucedemo.utils.NetworkTracer - Captured 0 network requests via JavaScript
2025-08-05 00:45:10.320 [main] INFO  p.com.saucedemo.utils.ZipkinTracer - ZipkinTracer initialized with traceId: 85b615bfc01c40c9, spanId: 80b00091a1964367, serviceName: automation-exercise-get
2025-08-05 00:45:10.334 [main] DEBUG p.com.saucedemo.utils.ZipkinTracer - Span sent successfully to Zipkin
2025-08-05 00:45:10.334 [main] INFO  p.com.saucedemo.utils.ZipkinTracer - Tracked element interaction: Page Navigation - GET https://www.automationexercise.com/signup (navigation) (1754343910320ms)
2025-08-05 00:45:10.334 [main] INFO  p.com.saucedemo.utils.ZipkinTracer - ZipkinTracer cleanup completed
2025-08-05 00:45:10.334 [main] INFO  p.com.saucedemo.utils.NetworkTracer - Sent page navigation to Zipkin: GET https://www.automationexercise.com/signup with service name: automation-exercise-get
2025-08-05 00:45:10.349 [main] DEBUG p.com.saucedemo.utils.ZipkinTracer - Span sent successfully to Zipkin
2025-08-05 00:45:10.349 [main] INFO  p.com.saucedemo.utils.ZipkinTracer - Ended span: capture-network-requests - Duration: 15928ms, Success: true
2025-08-05 00:45:20.481 [main] INFO  p.c.s.utils.TestDataGenerator - Generated account info: AccountInfo{title='Mrs', firstName='Cami', lastName='Crist', company='Turcotte, Hoeger and Considine', address1='9203 Tory Drives, East Warner, VT 63281-1624', address2='61665 Wisozk Mount, Port Lamont, CA 63153', country='Armenia', state='Delaware', city='East Masonborough', zipcode='28267-5686', mobileNumber='(096) 185-7883 x52731', day='1', month='3', year='2018'}
2025-08-05 00:45:20.494 [main] INFO  p.c.saucedemo.pages.SignupLoginPage - Filling account information form
2025-08-05 00:45:22.578 [main] INFO  p.c.saucedemo.pages.SignupLoginPage - Account information form filled successfully
2025-08-05 00:45:22.587 [main] DEBUG p.com.saucedemo.utils.ZipkinTracer - Span sent successfully to Zipkin
2025-08-05 00:45:22.587 [main] INFO  p.com.saucedemo.utils.ZipkinTracer - Tracked element interaction: Account Details - fill (17082ms)
2025-08-05 00:45:22.592 [main] DEBUG p.com.saucedemo.utils.ZipkinTracer - Span sent successfully to Zipkin
2025-08-05 00:45:22.592 [main] INFO  p.com.saucedemo.utils.ZipkinTracer - Started span: capture-network-requests - Capture network requests for operation: account-creation
2025-08-05 00:45:22.598 [main] INFO  p.com.saucedemo.utils.NetworkTracer - Captured 0 network requests via JavaScript
2025-08-05 00:45:22.608 [main] INFO  p.com.saucedemo.utils.ZipkinTracer - ZipkinTracer initialized with traceId: 75e6f9750e6b4d9d, spanId: 82b6e4388a5042b0, serviceName: automation-exercise-get
2025-08-05 00:45:22.629 [main] DEBUG p.com.saucedemo.utils.ZipkinTracer - Span sent successfully to Zipkin
2025-08-05 00:45:22.630 [main] INFO  p.com.saucedemo.utils.ZipkinTracer - Tracked element interaction: Page Navigation - GET https://www.automationexercise.com/signup (navigation) (1754343922609ms)
2025-08-05 00:45:22.631 [main] INFO  p.com.saucedemo.utils.ZipkinTracer - ZipkinTracer cleanup completed
2025-08-05 00:45:22.631 [main] INFO  p.com.saucedemo.utils.NetworkTracer - Sent page navigation to Zipkin: GET https://www.automationexercise.com/signup with service name: automation-exercise-get
2025-08-05 00:45:22.646 [main] DEBUG p.com.saucedemo.utils.ZipkinTracer - Span sent successfully to Zipkin
2025-08-05 00:45:22.646 [main] INFO  p.com.saucedemo.utils.ZipkinTracer - Ended span: capture-network-requests - Duration: 28225ms, Success: true
2025-08-05 00:45:22.646 [main] INFO  p.c.saucedemo.pages.SignupLoginPage - Creating account
2025-08-05 00:45:24.537 [main] INFO  p.c.saucedemo.pages.SignupLoginPage - Account creation initiated
2025-08-05 00:45:24.544 [main] DEBUG p.com.saucedemo.utils.ZipkinTracer - Span sent successfully to Zipkin
2025-08-05 00:45:24.544 [main] INFO  p.com.saucedemo.utils.ZipkinTracer - Tracked element interaction: Create Account Button - click (19041ms)
2025-08-05 00:45:24.552 [main] DEBUG p.com.saucedemo.utils.ZipkinTracer - Span sent successfully to Zipkin
2025-08-05 00:45:24.552 [main] INFO  p.com.saucedemo.utils.ZipkinTracer - Started span: wait-for-network-idle - Wait for network to become idle
2025-08-05 00:45:54.578 [main] ERROR p.com.saucedemo.utils.NetworkTracer - Failed to wait for network idle: script timeout
  (Session info: chrome=138.0.7204.184)
Build info: version: '4.18.1', revision: 'b1d3319b48'
System info: os.name: 'Windows 10', os.arch: 'amd64', os.version: '10.0', java.version: '21'
Driver info: org.openqa.selenium.chrome.ChromeDriver
Command: [2a2362f3e99cc1b93c7798e0c3ed2152, executeAsyncScript {args=[], script=return new Promise((resolve) => {
    let lastRequestTime = Date.now();
    let checkInterval = setInterval(() => {
        if (Date.now() - lastRequestTime > 1000) {
            clearInterval(checkInterval);
            resolve(true);
        }
    }, 100);

    // Override fetch to track requests
    let originalFetch = window.fetch;
    window.fetch = function(...args) {
        lastRequestTime = Date.now();
        return originalFetch.apply(this, args);
    };

    // Override XHR to track requests
    let originalOpen = XMLHttpRequest.prototype.open;
    XMLHttpRequest.prototype.open = function() {
        lastRequestTime = Date.now();
        return originalOpen.apply(this, arguments);
    };
});
}]
Capabilities {acceptInsecureCerts: false, browserName: chrome, browserVersion: 138.0.7204.184, chrome: {chromedriverVersion: 138.0.7204.183 (e90faf484dd..., userDataDir: C:\Users\kavci\AppData\Loca...}, fedcm:accounts: true, goog:chromeOptions: {debuggerAddress: localhost:62363}, networkConnectionEnabled: false, pageLoadStrategy: normal, platformName: windows, proxy: Proxy(), se:cdp: ws://localhost:62363/devtoo..., se:cdpVersion: 138.0.7204.184, setWindowRect: true, strictFileInteractability: false, timeouts: {implicit: 0, pageLoad: 300000, script: 30000}, unhandledPromptBehavior: dismiss and notify, webauthn:extension:credBlob: true, webauthn:extension:largeBlob: true, webauthn:extension:minPinLength: true, webauthn:extension:prf: true, webauthn:virtualAuthenticators: true}
Session ID: 2a2362f3e99cc1b93c7798e0c3ed2152
2025-08-05 00:45:54.607 [main] DEBUG p.com.saucedemo.utils.ZipkinTracer - Span sent successfully to Zipkin
2025-08-05 00:45:54.609 [main] INFO  p.com.saucedemo.utils.ZipkinTracer - Tracked test step: Network Idle - Failed to wait for network idle (1754343954579ms, FAIL)
2025-08-05 00:45:54.619 [main] DEBUG p.com.saucedemo.utils.ZipkinTracer - Span sent successfully to Zipkin
2025-08-05 00:45:54.619 [main] INFO  p.com.saucedemo.utils.ZipkinTracer - Ended span: wait-for-network-idle - Duration: 60193ms, Success: false
2025-08-05 00:45:54.649 [main] INFO  p.c.saucedemo.pages.SignupLoginPage - Account created successfully
2025-08-05 00:45:54.649 [main] INFO  p.c.s.v.VerificationHelper - Account created successfully
2025-08-05 00:45:54.658 [main] DEBUG p.com.saucedemo.utils.ZipkinTracer - Span sent successfully to Zipkin
2025-08-05 00:45:54.658 [main] INFO  p.com.saucedemo.utils.ZipkinTracer - Tracked test step: Account Creation Verification - Verify account was created successfully (49153ms, PASS)
2025-08-05 00:45:54.662 [main] DEBUG p.com.saucedemo.utils.ZipkinTracer - Span sent successfully to Zipkin
2025-08-05 00:45:54.663 [main] INFO  p.com.saucedemo.utils.ZipkinTracer - Tracked test step: Create Account - Successfully created user account (49162ms, PASS)
2025-08-05 00:45:54.667 [main] DEBUG p.com.saucedemo.utils.ZipkinTracer - Span sent successfully to Zipkin
2025-08-05 00:45:54.667 [main] INFO  p.com.saucedemo.utils.ZipkinTracer - Ended span: test.create.account - Duration: 62610ms, Success: true
2025-08-05 00:45:54.667 [main] INFO  p.c.s.AutomationExerciseCompleteTest - === Step 1 completed: Account created successfully ===
2025-08-05 00:45:54.671 [main] INFO  p.c.s.AutomationExerciseCompleteTest - === Step 2: Adding products to cart ===
2025-08-05 00:45:54.677 [main] DEBUG p.com.saucedemo.utils.ZipkinTracer - Span sent successfully to Zipkin
2025-08-05 00:45:54.678 [main] INFO  p.com.saucedemo.utils.ZipkinTracer - Started span: test.add.products - Add random products to cart
2025-08-05 00:45:54.678 [main] INFO  p.com.saucedemo.pages.ProductsPage - Navigating to products page
2025-08-05 00:45:57.241 [main] INFO  p.com.saucedemo.pages.ProductsPage - Successfully navigated to products page
2025-08-05 00:45:57.248 [main] DEBUG p.com.saucedemo.utils.ZipkinTracer - Span sent successfully to Zipkin
2025-08-05 00:45:57.249 [main] INFO  p.com.saucedemo.utils.ZipkinTracer - Tracked page navigation: Products - https://www.automationexercise.com/products (2570ms)
2025-08-05 00:45:57.301 [main] INFO  p.c.s.v.VerificationHelper - Products page loaded successfully
2025-08-05 00:45:57.310 [main] DEBUG p.com.saucedemo.utils.ZipkinTracer - Span sent successfully to Zipkin
2025-08-05 00:45:57.310 [main] INFO  p.com.saucedemo.utils.ZipkinTracer - Started span: capture-network-requests - Capture network requests for operation: products-page-load
2025-08-05 00:45:57.322 [main] INFO  p.com.saucedemo.utils.NetworkTracer - Captured 0 network requests via JavaScript
2025-08-05 00:45:57.332 [main] INFO  p.com.saucedemo.utils.ZipkinTracer - ZipkinTracer initialized with traceId: 2702ea23e1844ec0, spanId: 27e29ea5d1e046a1, serviceName: automation-exercise-get
2025-08-05 00:45:57.351 [main] DEBUG p.com.saucedemo.utils.ZipkinTracer - Span sent successfully to Zipkin
2025-08-05 00:45:57.352 [main] INFO  p.com.saucedemo.utils.ZipkinTracer - Tracked element interaction: Page Navigation - GET https://www.automationexercise.com/products (navigation) (1754343957332ms)
2025-08-05 00:45:57.353 [main] INFO  p.com.saucedemo.utils.ZipkinTracer - ZipkinTracer cleanup completed
2025-08-05 00:45:57.353 [main] INFO  p.com.saucedemo.utils.NetworkTracer - Sent page navigation to Zipkin: GET https://www.automationexercise.com/products with service name: automation-exercise-get
2025-08-05 00:45:57.426 [main] DEBUG p.com.saucedemo.utils.ZipkinTracer - Span sent successfully to Zipkin
2025-08-05 00:45:57.426 [main] INFO  p.com.saucedemo.utils.ZipkinTracer - Ended span: capture-network-requests - Duration: 63000ms, Success: true
2025-08-05 00:45:57.427 [main] INFO  p.com.saucedemo.pages.ProductsPage - Adding random product to cart
2025-08-05 00:45:57.427 [main] INFO  p.com.saucedemo.pages.ProductsPage - Getting all add to cart buttons
2025-08-05 00:45:58.362 [main] INFO  p.com.saucedemo.pages.ProductsPage - Product added to cart successfully
2025-08-05 00:45:58.367 [main] DEBUG p.com.saucedemo.utils.ZipkinTracer - Span sent successfully to Zipkin
2025-08-05 00:45:58.368 [main] INFO  p.com.saucedemo.utils.ZipkinTracer - Tracked element interaction: Add to Cart Button - click (150ms)
2025-08-05 00:45:58.377 [main] DEBUG p.com.saucedemo.utils.ZipkinTracer - Span sent successfully to Zipkin
2025-08-05 00:45:58.377 [main] INFO  p.com.saucedemo.utils.ZipkinTracer - Started span: capture-network-requests - Capture network requests for operation: add-product-to-cart
2025-08-05 00:45:58.389 [main] INFO  p.com.saucedemo.utils.NetworkTracer - Captured 0 network requests via JavaScript
2025-08-05 00:45:58.407 [main] INFO  p.com.saucedemo.utils.ZipkinTracer - ZipkinTracer initialized with traceId: b2505e9f3cc44a88, spanId: 225449f065c04624, serviceName: automation-exercise-get
2025-08-05 00:45:58.427 [main] DEBUG p.com.saucedemo.utils.ZipkinTracer - Span sent successfully to Zipkin
2025-08-05 00:45:58.427 [main] INFO  p.com.saucedemo.utils.ZipkinTracer - Tracked element interaction: Page Navigation - GET https://www.automationexercise.com/products (navigation) (1754343958408ms)
2025-08-05 00:45:58.427 [main] INFO  p.com.saucedemo.utils.ZipkinTracer - ZipkinTracer cleanup completed
2025-08-05 00:45:58.428 [main] INFO  p.com.saucedemo.utils.NetworkTracer - Sent page navigation to Zipkin: GET https://www.automationexercise.com/products with service name: automation-exercise-get
2025-08-05 00:45:58.445 [main] DEBUG p.com.saucedemo.utils.ZipkinTracer - Span sent successfully to Zipkin
2025-08-05 00:45:58.445 [main] INFO  p.com.saucedemo.utils.ZipkinTracer - Ended span: capture-network-requests - Duration: 64019ms, Success: true
2025-08-05 00:45:58.445 [main] INFO  p.com.saucedemo.pages.ProductsPage - Clicking on Continue Shopping button
2025-08-05 00:45:58.543 [main] INFO  p.com.saucedemo.pages.ProductsPage - Successfully clicked on Continue Shopping button
2025-08-05 00:45:58.547 [main] DEBUG p.com.saucedemo.utils.ZipkinTracer - Span sent successfully to Zipkin
2025-08-05 00:45:58.547 [main] INFO  p.com.saucedemo.utils.ZipkinTracer - Tracked element interaction: Continue Shopping Button - click (100ms)
2025-08-05 00:45:58.547 [main] INFO  p.com.saucedemo.pages.ProductsPage - Adding random product to cart
2025-08-05 00:45:58.547 [main] INFO  p.com.saucedemo.pages.ProductsPage - Getting all add to cart buttons
2025-08-05 00:46:08.728 [main] ERROR p.c.s.AutomationExerciseCompleteTest - Step 2 failed: Expected condition failed: waiting for element to be clickable: [[ChromeDriver: chrome on windows (2a2362f3e99cc1b93c7798e0c3ed2152)] -> css selector: .add-to-cart] (tried for 10 second(s) with 500 milliseconds interval)
Build info: version: '4.18.1', revision: 'b1d3319b48'
System info: os.name: 'Windows 10', os.arch: 'amd64', os.version: '10.0', java.version: '21'
Driver info: org.openqa.selenium.chrome.ChromeDriver
Capabilities {acceptInsecureCerts: false, browserName: chrome, browserVersion: 138.0.7204.184, chrome: {chromedriverVersion: 138.0.7204.183 (e90faf484dd..., userDataDir: C:\Users\kavci\AppData\Loca...}, fedcm:accounts: true, goog:chromeOptions: {debuggerAddress: localhost:62363}, networkConnectionEnabled: false, pageLoadStrategy: normal, platformName: windows, proxy: Proxy(), se:cdp: ws://localhost:62363/devtoo..., se:cdpVersion: 138.0.7204.184, setWindowRect: true, strictFileInteractability: false, timeouts: {implicit: 0, pageLoad: 300000, script: 30000}, unhandledPromptBehavior: dismiss and notify, webauthn:extension:credBlob: true, webauthn:extension:largeBlob: true, webauthn:extension:minPinLength: true, webauthn:extension:prf: true, webauthn:virtualAuthenticators: true}
Session ID: 2a2362f3e99cc1b93c7798e0c3ed2152
2025-08-05 00:46:08.736 [main] DEBUG p.com.saucedemo.utils.ZipkinTracer - Span sent successfully to Zipkin
2025-08-05 00:46:08.737 [main] INFO  p.com.saucedemo.utils.ZipkinTracer - Tracked test step: Add Products - Failed to add products to cart (14057ms, FAIL)
2025-08-05 00:46:08.742 [main] DEBUG p.com.saucedemo.utils.ZipkinTracer - Span sent successfully to Zipkin
2025-08-05 00:46:08.742 [main] INFO  p.com.saucedemo.utils.ZipkinTracer - Ended span: test.add.products - Duration: 76684ms, Success: false
2025-08-05 00:46:08.773 [main] INFO  p.c.s.AutomationExerciseCompleteTest - === Step 3: Verifying cart products ===
2025-08-05 00:46:08.787 [main] DEBUG p.com.saucedemo.utils.ZipkinTracer - Span sent successfully to Zipkin
2025-08-05 00:46:08.788 [main] INFO  p.com.saucedemo.utils.ZipkinTracer - Started span: test.verify.cart - Verify products in cart
2025-08-05 00:46:08.788 [main] INFO  proje.com.saucedemo.pages.CartPage - Navigating to cart page
2025-08-05 00:46:20.457 [main] ERROR p.c.s.AutomationExerciseCompleteTest - Step 3 failed: Expected condition failed: waiting for visibility of element located by By.cssSelector: .breadcrumbs h2 (tried for 10 second(s) with 500 milliseconds interval)
Build info: version: '4.18.1', revision: 'b1d3319b48'
System info: os.name: 'Windows 10', os.arch: 'amd64', os.version: '10.0', java.version: '21'
Driver info: org.openqa.selenium.chrome.ChromeDriver
Capabilities {acceptInsecureCerts: false, browserName: chrome, browserVersion: 138.0.7204.184, chrome: {chromedriverVersion: 138.0.7204.183 (e90faf484dd..., userDataDir: C:\Users\kavci\AppData\Loca...}, fedcm:accounts: true, goog:chromeOptions: {debuggerAddress: localhost:62363}, networkConnectionEnabled: false, pageLoadStrategy: normal, platformName: windows, proxy: Proxy(), se:cdp: ws://localhost:62363/devtoo..., se:cdpVersion: 138.0.7204.184, setWindowRect: true, strictFileInteractability: false, timeouts: {implicit: 0, pageLoad: 300000, script: 30000}, unhandledPromptBehavior: dismiss and notify, webauthn:extension:credBlob: true, webauthn:extension:largeBlob: true, webauthn:extension:minPinLength: true, webauthn:extension:prf: true, webauthn:virtualAuthenticators: true}
Session ID: 2a2362f3e99cc1b93c7798e0c3ed2152
2025-08-05 00:46:20.463 [main] DEBUG p.com.saucedemo.utils.ZipkinTracer - Span sent successfully to Zipkin
2025-08-05 00:46:20.463 [main] INFO  p.com.saucedemo.utils.ZipkinTracer - Tracked test step: Verify Cart - Failed to verify cart products (11684ms, FAIL)
2025-08-05 00:46:20.470 [main] DEBUG p.com.saucedemo.utils.ZipkinTracer - Span sent successfully to Zipkin
2025-08-05 00:46:20.471 [main] INFO  p.com.saucedemo.utils.ZipkinTracer - Ended span: test.verify.cart - Duration: 88410ms, Success: false
2025-08-05 00:46:20.476 [main] INFO  p.c.s.AutomationExerciseCompleteTest - === Step 4: Proceeding to checkout ===
2025-08-05 00:46:20.485 [main] DEBUG p.com.saucedemo.utils.ZipkinTracer - Span sent successfully to Zipkin
2025-08-05 00:46:20.486 [main] INFO  p.com.saucedemo.utils.ZipkinTracer - Started span: test.proceed.checkout - Proceed to checkout
2025-08-05 00:46:20.486 [main] INFO  proje.com.saucedemo.pages.CartPage - Clicking on Proceed to Checkout button
2025-08-05 00:46:22.670 [main] INFO  proje.com.saucedemo.pages.CartPage - Successfully clicked on Proceed to Checkout button
2025-08-05 00:46:22.675 [main] DEBUG p.com.saucedemo.utils.ZipkinTracer - Span sent successfully to Zipkin
2025-08-05 00:46:22.675 [main] INFO  p.com.saucedemo.utils.ZipkinTracer - Tracked element interaction: Proceed to Checkout Button - click (100ms)
2025-08-05 00:46:22.684 [main] DEBUG p.com.saucedemo.utils.ZipkinTracer - Span sent successfully to Zipkin
2025-08-05 00:46:22.684 [main] INFO  p.com.saucedemo.utils.ZipkinTracer - Tracked test step: Proceed Checkout - Successfully proceeded to checkout (2200ms, PASS)
2025-08-05 00:46:22.689 [main] DEBUG p.com.saucedemo.utils.ZipkinTracer - Span sent successfully to Zipkin
2025-08-05 00:46:22.689 [main] INFO  p.com.saucedemo.utils.ZipkinTracer - Ended span: test.proceed.checkout - Duration: 90631ms, Success: true
2025-08-05 00:46:22.689 [main] INFO  p.c.s.AutomationExerciseCompleteTest - === Step 4 completed: Proceeded to checkout ===
2025-08-05 00:46:22.692 [main] INFO  p.c.s.AutomationExerciseCompleteTest - === Step 5: Filling checkout information ===
2025-08-05 00:46:22.703 [main] DEBUG p.com.saucedemo.utils.ZipkinTracer - Span sent successfully to Zipkin
2025-08-05 00:46:22.704 [main] INFO  p.com.saucedemo.utils.ZipkinTracer - Started span: test.fill.checkout - Fill checkout information
2025-08-05 00:46:22.706 [main] INFO  p.c.s.utils.TestDataGenerator - Generated checkout info: CheckoutInfo{firstName='Lowell', lastName='Rutherford', postalCode='83674-8553', address='105 Herschel Drives, Abernathyside, HI 09457-8937', city='O'Haramouth', state='Colorado', phone='528.823.3726', country='Eritrea'}
2025-08-05 00:46:22.713 [main] INFO  p.com.saucedemo.pages.CheckoutPage - Filling delivery address information
2025-08-05 00:46:32.727 [main] ERROR p.c.s.AutomationExerciseCompleteTest - Step 5 failed: Expected condition failed: waiting for visibility of element located by By.id: name (tried for 10 second(s) with 500 milliseconds interval)
Build info: version: '4.18.1', revision: 'b1d3319b48'
System info: os.name: 'Windows 10', os.arch: 'amd64', os.version: '10.0', java.version: '21'
Driver info: org.openqa.selenium.chrome.ChromeDriver
Capabilities {acceptInsecureCerts: false, browserName: chrome, browserVersion: 138.0.7204.184, chrome: {chromedriverVersion: 138.0.7204.183 (e90faf484dd..., userDataDir: C:\Users\kavci\AppData\Loca...}, fedcm:accounts: true, goog:chromeOptions: {debuggerAddress: localhost:62363}, networkConnectionEnabled: false, pageLoadStrategy: normal, platformName: windows, proxy: Proxy(), se:cdp: ws://localhost:62363/devtoo..., se:cdpVersion: 138.0.7204.184, setWindowRect: true, strictFileInteractability: false, timeouts: {implicit: 0, pageLoad: 300000, script: 30000}, unhandledPromptBehavior: dismiss and notify, webauthn:extension:credBlob: true, webauthn:extension:largeBlob: true, webauthn:extension:minPinLength: true, webauthn:extension:prf: true, webauthn:virtualAuthenticators: true}
Session ID: 2a2362f3e99cc1b93c7798e0c3ed2152
2025-08-05 00:46:32.734 [main] DEBUG p.com.saucedemo.utils.ZipkinTracer - Span sent successfully to Zipkin
2025-08-05 00:46:32.734 [main] INFO  p.com.saucedemo.utils.ZipkinTracer - Tracked test step: Fill Checkout - Failed to fill checkout information (10035ms, FAIL)
2025-08-05 00:46:32.740 [main] DEBUG p.com.saucedemo.utils.ZipkinTracer - Span sent successfully to Zipkin
2025-08-05 00:46:32.740 [main] INFO  p.com.saucedemo.utils.ZipkinTracer - Ended span: test.fill.checkout - Duration: 100681ms, Success: false
2025-08-05 00:46:32.745 [main] INFO  p.c.s.AutomationExerciseCompleteTest - === Step 6: Completing payment ===
2025-08-05 00:46:32.751 [main] DEBUG p.com.saucedemo.utils.ZipkinTracer - Span sent successfully to Zipkin
2025-08-05 00:46:32.752 [main] INFO  p.com.saucedemo.utils.ZipkinTracer - Started span: test.complete.payment - Complete payment process
2025-08-05 00:46:32.752 [main] INFO  p.com.saucedemo.pages.PaymentPage - Completing payment with random card data
2025-08-05 00:46:32.752 [main] INFO  p.com.saucedemo.pages.PaymentPage - Filling card information
2025-08-05 00:46:42.763 [main] ERROR p.c.s.AutomationExerciseCompleteTest - Step 6 failed: Expected condition failed: waiting for visibility of element located by By.id: name_on_card (tried for 10 second(s) with 500 milliseconds interval)
Build info: version: '4.18.1', revision: 'b1d3319b48'
System info: os.name: 'Windows 10', os.arch: 'amd64', os.version: '10.0', java.version: '21'
Driver info: org.openqa.selenium.chrome.ChromeDriver
Capabilities {acceptInsecureCerts: false, browserName: chrome, browserVersion: 138.0.7204.184, chrome: {chromedriverVersion: 138.0.7204.183 (e90faf484dd..., userDataDir: C:\Users\kavci\AppData\Loca...}, fedcm:accounts: true, goog:chromeOptions: {debuggerAddress: localhost:62363}, networkConnectionEnabled: false, pageLoadStrategy: normal, platformName: windows, proxy: Proxy(), se:cdp: ws://localhost:62363/devtoo..., se:cdpVersion: 138.0.7204.184, setWindowRect: true, strictFileInteractability: false, timeouts: {implicit: 0, pageLoad: 300000, script: 30000}, unhandledPromptBehavior: dismiss and notify, webauthn:extension:credBlob: true, webauthn:extension:largeBlob: true, webauthn:extension:minPinLength: true, webauthn:extension:prf: true, webauthn:virtualAuthenticators: true}
Session ID: 2a2362f3e99cc1b93c7798e0c3ed2152
2025-08-05 00:46:42.770 [main] DEBUG p.com.saucedemo.utils.ZipkinTracer - Span sent successfully to Zipkin
2025-08-05 00:46:42.770 [main] INFO  p.com.saucedemo.utils.ZipkinTracer - Tracked test step: Complete Payment - Failed to complete payment (10018ms, FAIL)
2025-08-05 00:46:42.776 [main] DEBUG p.com.saucedemo.utils.ZipkinTracer - Span sent successfully to Zipkin
2025-08-05 00:46:42.777 [main] INFO  p.com.saucedemo.utils.ZipkinTracer - Ended span: test.complete.payment - Duration: 110717ms, Success: false
2025-08-05 00:46:42.780 [main] INFO  p.c.s.AutomationExerciseCompleteTest - === Step 7: Verifying order completion ===
2025-08-05 00:46:42.786 [main] DEBUG p.com.saucedemo.utils.ZipkinTracer - Span sent successfully to Zipkin
2025-08-05 00:46:42.786 [main] INFO  p.com.saucedemo.utils.ZipkinTracer - Started span: test.verify.completion - Verify order completion
2025-08-05 00:46:42.786 [main] INFO  proje.com.saucedemo.pages.HomePage - Navigating to AutomationExercise home page
2025-08-05 00:46:45.033 [main] INFO  proje.com.saucedemo.pages.HomePage - Successfully navigated to home page
2025-08-05 00:46:45.043 [main] DEBUG p.com.saucedemo.utils.ZipkinTracer - Span sent successfully to Zipkin
2025-08-05 00:46:45.043 [main] INFO  p.com.saucedemo.utils.ZipkinTracer - Tracked page navigation: Home - https://www.automationexercise.com (2253ms)
2025-08-05 00:46:45.075 [main] INFO  p.c.s.v.VerificationHelper - Home page loaded successfully
2025-08-05 00:46:45.085 [main] INFO  p.c.s.v.VerificationHelper - URL verification successful: https://www.automationexercise.com/
2025-08-05 00:46:45.099 [main] DEBUG p.com.saucedemo.utils.ZipkinTracer - Span sent successfully to Zipkin
2025-08-05 00:46:45.099 [main] INFO  p.com.saucedemo.utils.ZipkinTracer - Tracked test step: Verify Completion - Successfully verified order completion (2305ms, PASS)
2025-08-05 00:46:45.125 [main] DEBUG p.com.saucedemo.utils.ZipkinTracer - Span sent successfully to Zipkin
2025-08-05 00:46:45.127 [main] INFO  p.com.saucedemo.utils.ZipkinTracer - Ended span: test.verify.completion - Duration: 113046ms, Success: true
2025-08-05 00:46:45.128 [main] INFO  p.c.s.AutomationExerciseCompleteTest - === Step 7 completed: Order completion verified ===
2025-08-05 00:46:45.133 [main] INFO  p.c.s.AutomationExerciseCompleteTest - === Complete End-to-End Test Flow ===
2025-08-05 00:46:45.154 [main] DEBUG p.com.saucedemo.utils.ZipkinTracer - Span sent successfully to Zipkin
2025-08-05 00:46:45.154 [main] INFO  p.com.saucedemo.utils.ZipkinTracer - Started span: test.complete.flow - Complete end-to-end test flow
2025-08-05 00:46:45.161 [main] DEBUG p.com.saucedemo.utils.ZipkinTracer - Span sent successfully to Zipkin
2025-08-05 00:46:45.162 [main] INFO  p.com.saucedemo.utils.ZipkinTracer - Tracked test step: Complete Flow - All test steps completed successfully (21ms, PASS)
2025-08-05 00:46:45.169 [main] DEBUG p.com.saucedemo.utils.ZipkinTracer - Span sent successfully to Zipkin
2025-08-05 00:46:45.170 [main] INFO  p.com.saucedemo.utils.ZipkinTracer - Ended span: test.complete.flow - Duration: 113109ms, Success: true
2025-08-05 00:46:45.171 [main] INFO  p.c.s.AutomationExerciseCompleteTest - All test steps completed successfully!
2025-08-05 00:46:45.171 [main] INFO  p.c.s.AutomationExerciseCompleteTest - User created: jackelyn.volkman@hotmail.com
2025-08-05 00:46:45.171 [main] INFO  p.c.s.AutomationExerciseCompleteTest - Products added to cart and order completed
2025-08-05 00:46:45.171 [main] INFO  p.c.s.AutomationExerciseCompleteTest - Trace ID: e24f209c0ad64810
2025-08-05 00:46:45.171 [main] INFO  p.c.s.AutomationExerciseCompleteTest - === Complete End-to-End Test Flow completed ===
2025-08-05 00:46:45.177 [main] INFO  p.c.s.AutomationExerciseCompleteTest - === Cleaning up test resources ===
2025-08-05 00:46:45.185 [main] INFO  p.com.saucedemo.utils.NetworkTracer - DevTools session closed
2025-08-05 00:46:46.172 [main] INFO  p.c.saucedemo.config.WebDriverConfig - WebDriver quit successfully
2025-08-05 00:46:46.172 [main] INFO  p.c.s.AutomationExerciseCompleteTest - WebDriver quit successfully
2025-08-05 00:46:46.172 [main] INFO  p.com.saucedemo.utils.ZipkinTracer - ZipkinTracer cleanup completed
2025-08-05 00:46:46.172 [main] INFO  p.c.s.AutomationExerciseCompleteTest - === Test suite cleanup completed ===
2025-08-05 01:04:52.280 [main] INFO  p.c.s.AutomationExerciseCompleteTest - === Setting up test suite ===
2025-08-05 01:04:52.869 [main] INFO  p.com.saucedemo.utils.ZipkinTracer - ZipkinTracer initialized with traceId: 87eba8bf30b84ae6, spanId: af2abd48a71a443d, serviceName: automation-exercise-test
2025-08-05 01:04:53.050 [main] DEBUG p.com.saucedemo.utils.ZipkinTracer - Span sent successfully to Zipkin
2025-08-05 01:04:53.051 [main] INFO  p.com.saucedemo.utils.ZipkinTracer - Started span: test.suite.setup - Initialize test suite
2025-08-05 01:04:53.979 [main] INFO  i.g.bonigarcia.wdm.WebDriverManager - Using chromedriver 138.0.7204.183 (resolved driver for Chrome 138)
2025-08-05 01:04:54.011 [main] INFO  i.g.bonigarcia.wdm.WebDriverManager - Exporting webdriver.chrome.driver as C:\Users\kavci\.cache\selenium\chromedriver\win64\138.0.7204.183\chromedriver.exe
2025-08-05 01:04:55.851 [main] INFO  p.c.saucedemo.config.WebDriverConfig - WebDriver initialized successfully for browser: chrome
2025-08-05 01:04:55.856 [main] INFO  p.com.saucedemo.utils.ZipkinTracer - ZipkinTracer initialized with traceId: 737562e6eb744ae2, spanId: f710e36309e34268, serviceName: automation-exercise-test
2025-08-05 01:04:55.858 [main] INFO  p.com.saucedemo.utils.ZipkinTracer - ZipkinTracer initialized with traceId: e7f6372746814109, spanId: dc131c6707ed437e, serviceName: automation-exercise-test
2025-08-05 01:04:55.874 [main] DEBUG p.com.saucedemo.utils.ZipkinTracer - Span sent successfully to Zipkin
2025-08-05 01:04:55.874 [main] INFO  p.com.saucedemo.utils.ZipkinTracer - Started span: enable-network-logging - Enable DevTools network monitoring
2025-08-05 01:04:55.876 [main] WARN  p.com.saucedemo.utils.NetworkTracer - DevTools failed to initialize: You are using a no-op implementation of the CDP. The most likely reason for this is that Selenium was unable to find an implementation of the CDP protocol that matches your browser. Please be sure to include an implementation on the classpath, possibly by adding a new (maven) dependency of `org.seleniumhq.selenium:selenium-devtools-vNN:4.18.1` where `NN` matches the major version of the browser you're using.
Build info: version: '4.18.1', revision: 'b1d3319b48'
System info: os.name: 'Windows 10', os.arch: 'amd64', os.version: '10.0', java.version: '21'
Driver info: DevTools Connection
2025-08-05 01:04:55.890 [main] DEBUG p.com.saucedemo.utils.ZipkinTracer - Span sent successfully to Zipkin
2025-08-05 01:04:55.891 [main] INFO  p.com.saucedemo.utils.ZipkinTracer - Ended span: enable-network-logging - Duration: 19ms, Success: true
2025-08-05 01:04:56.182 [main] INFO  p.c.s.utils.TestDataGenerator - Generated user info: UserInfo{firstName='Katherin', lastName='Tromp', email='alberta.corkery@hotmail.com', password='KVxHmhRj57x'}
2025-08-05 01:04:56.193 [main] DEBUG p.com.saucedemo.utils.ZipkinTracer - Span sent successfully to Zipkin
2025-08-05 01:04:56.193 [main] INFO  p.com.saucedemo.utils.ZipkinTracer - Ended span: test.suite.setup - Duration: 3319ms, Success: true
2025-08-05 01:04:56.193 [main] INFO  p.c.s.AutomationExerciseCompleteTest - Test setup completed successfully with Zipkin tracing
2025-08-05 01:04:56.211 [main] INFO  p.c.s.AutomationExerciseCompleteTest - === Step 1: Creating new account ===
2025-08-05 01:04:56.221 [main] DEBUG p.com.saucedemo.utils.ZipkinTracer - Span sent successfully to Zipkin
2025-08-05 01:04:56.222 [main] INFO  p.com.saucedemo.utils.ZipkinTracer - Started span: test.create.account - Create new user account
2025-08-05 01:04:56.222 [main] INFO  proje.com.saucedemo.pages.HomePage - Navigating to AutomationExercise home page
2025-08-05 01:05:00.516 [main] INFO  proje.com.saucedemo.pages.HomePage - Successfully navigated to home page
2025-08-05 01:05:00.526 [main] DEBUG p.com.saucedemo.utils.ZipkinTracer - Span sent successfully to Zipkin
2025-08-05 01:05:00.527 [main] INFO  p.com.saucedemo.utils.ZipkinTracer - Tracked page navigation: Home - https://www.automationexercise.com (4305ms)
2025-08-05 01:05:00.529 [main] INFO  proje.com.saucedemo.pages.HomePage - Clicking on Signup/Login link
2025-08-05 01:05:01.718 [main] INFO  proje.com.saucedemo.pages.HomePage - Successfully clicked on Signup/Login link
2025-08-05 01:05:01.725 [main] DEBUG p.com.saucedemo.utils.ZipkinTracer - Span sent successfully to Zipkin
2025-08-05 01:05:01.727 [main] INFO  p.com.saucedemo.utils.ZipkinTracer - Tracked element interaction: SignupLogin Link - click (5507ms)
2025-08-05 01:05:01.729 [main] INFO  p.c.saucedemo.pages.SignupLoginPage - Starting signup process with name: Katherin Tromp and email: alberta.corkery@hotmail.com
2025-08-05 01:05:02.558 [main] INFO  p.c.saucedemo.pages.SignupLoginPage - Signup form submitted
2025-08-05 01:05:02.566 [main] DEBUG p.com.saucedemo.utils.ZipkinTracer - Span sent successfully to Zipkin
2025-08-05 01:05:02.566 [main] INFO  p.com.saucedemo.utils.ZipkinTracer - Tracked element interaction: Signup Form - submit (6347ms)
2025-08-05 01:05:13.644 [main] INFO  p.c.s.utils.TestDataGenerator - Generated account info: AccountInfo{title='Mr', firstName='Particia', lastName='Volkman', company='Wisoky-Tromp', address1='Apt. 316 4472 Cummings Prairie, Kulastown, AZ 99892-0676', address2='Apt. 480 9473 Denesik Stream, North Saulchester, CO 39461', country='Ecuador', state='West Virginia', city='East Rossville', zipcode='77474', mobileNumber='056-931-0421 x15246', day='1', month='11', year='2016'}
2025-08-05 01:05:13.663 [main] INFO  p.c.saucedemo.pages.SignupLoginPage - Filling account information form
2025-08-05 01:05:16.450 [main] INFO  p.c.saucedemo.pages.SignupLoginPage - Account information form filled successfully
2025-08-05 01:05:16.455 [main] DEBUG p.com.saucedemo.utils.ZipkinTracer - Span sent successfully to Zipkin
2025-08-05 01:05:16.455 [main] INFO  p.com.saucedemo.utils.ZipkinTracer - Tracked element interaction: Account Details - fill (20239ms)
2025-08-05 01:05:16.455 [main] INFO  p.c.saucedemo.pages.SignupLoginPage - Creating account
2025-08-05 01:05:18.421 [main] INFO  p.c.saucedemo.pages.SignupLoginPage - Account creation initiated
2025-08-05 01:05:18.444 [main] DEBUG p.com.saucedemo.utils.ZipkinTracer - Span sent successfully to Zipkin
2025-08-05 01:05:18.444 [main] INFO  p.com.saucedemo.utils.ZipkinTracer - Tracked element interaction: Create Account Button - click (22213ms)
2025-08-05 01:05:18.477 [main] INFO  p.c.saucedemo.pages.SignupLoginPage - Account created successfully
2025-08-05 01:05:18.477 [main] INFO  p.c.s.v.VerificationHelper - Account created successfully
2025-08-05 01:05:18.482 [main] DEBUG p.com.saucedemo.utils.ZipkinTracer - Span sent successfully to Zipkin
2025-08-05 01:05:18.482 [main] INFO  p.com.saucedemo.utils.ZipkinTracer - Tracked test step: Account Creation Verification - Verify account was created successfully (22266ms, PASS)
2025-08-05 01:05:18.486 [main] DEBUG p.com.saucedemo.utils.ZipkinTracer - Span sent successfully to Zipkin
2025-08-05 01:05:18.486 [main] INFO  p.com.saucedemo.utils.ZipkinTracer - Tracked test step: Create Account - Successfully created user account (22271ms, PASS)
2025-08-05 01:05:18.496 [main] DEBUG p.com.saucedemo.utils.ZipkinTracer - Span sent successfully to Zipkin
2025-08-05 01:05:18.496 [main] INFO  p.com.saucedemo.utils.ZipkinTracer - Ended span: test.create.account - Duration: 25618ms, Success: true
2025-08-05 01:05:18.497 [main] INFO  p.c.s.AutomationExerciseCompleteTest - === Step 1 completed: Account created successfully ===
2025-08-05 01:05:18.534 [main] INFO  p.c.s.AutomationExerciseCompleteTest - === Cleaning up test resources ===
2025-08-05 01:05:18.545 [main] INFO  p.com.saucedemo.utils.NetworkTracer - DevTools session closed
2025-08-05 01:05:19.565 [main] INFO  p.c.saucedemo.config.WebDriverConfig - WebDriver quit successfully
2025-08-05 01:05:19.565 [main] INFO  p.c.s.AutomationExerciseCompleteTest - WebDriver quit successfully
2025-08-05 01:05:19.565 [main] INFO  p.com.saucedemo.utils.ZipkinTracer - ZipkinTracer cleanup completed
2025-08-05 01:05:19.565 [main] INFO  p.c.s.AutomationExerciseCompleteTest - === Test suite cleanup completed ===
2025-08-05 01:08:48.519 [main] INFO  p.c.s.AutomationExerciseCompleteTest - === Setting up test suite ===
2025-08-05 01:08:49.044 [main] INFO  p.com.saucedemo.utils.ZipkinTracer - ZipkinTracer initialized with traceId: 39296d00cc714ff2, spanId: 1a8abcbd1fa54acb, serviceName: automation-exercise-test
2025-08-05 01:08:49.243 [main] DEBUG p.com.saucedemo.utils.ZipkinTracer - Span sent successfully to Zipkin
2025-08-05 01:08:49.243 [main] INFO  p.com.saucedemo.utils.ZipkinTracer - Started span: test.suite.setup - Initialize test suite
2025-08-05 01:08:49.592 [main] INFO  i.g.bonigarcia.wdm.WebDriverManager - Using chromedriver 138.0.7204.183 (resolved driver for Chrome 138)
2025-08-05 01:08:49.623 [main] INFO  i.g.bonigarcia.wdm.WebDriverManager - Exporting webdriver.chrome.driver as C:\Users\kavci\.cache\selenium\chromedriver\win64\138.0.7204.183\chromedriver.exe
2025-08-05 01:08:51.409 [main] INFO  p.c.saucedemo.config.WebDriverConfig - WebDriver initialized successfully for browser: chrome
2025-08-05 01:08:51.413 [main] INFO  p.com.saucedemo.utils.ZipkinTracer - ZipkinTracer initialized with traceId: 6219acfb34004d0b, spanId: 95ec9b5544a24e6a, serviceName: automation-exercise-test
2025-08-05 01:08:51.431 [main] INFO  p.com.saucedemo.utils.ZipkinTracer - ZipkinTracer initialized with traceId: fc4fe89192504978, spanId: 3776c60879644a48, serviceName: automation-exercise-test
2025-08-05 01:08:51.457 [main] DEBUG p.com.saucedemo.utils.ZipkinTracer - Span sent successfully to Zipkin
2025-08-05 01:08:51.457 [main] INFO  p.com.saucedemo.utils.ZipkinTracer - Started span: enable-network-logging - Enable DevTools network monitoring
2025-08-05 01:08:51.457 [main] INFO  p.com.saucedemo.utils.NetworkTracer - Chrome driver detected, initializing DevTools...
2025-08-05 01:08:51.462 [main] ERROR p.com.saucedemo.utils.NetworkTracer -  DevTools failed to initialize: You are using a no-op implementation of the CDP. The most likely reason for this is that Selenium was unable to find an implementation of the CDP protocol that matches your browser. Please be sure to include an implementation on the classpath, possibly by adding a new (maven) dependency of `org.seleniumhq.selenium:selenium-devtools-vNN:4.18.1` where `NN` matches the major version of the browser you're using.
Build info: version: '4.18.1', revision: 'b1d3319b48'
System info: os.name: 'Windows 10', os.arch: 'amd64', os.version: '10.0', java.version: '21'
Driver info: DevTools Connection
2025-08-05 01:08:51.462 [main] ERROR p.com.saucedemo.utils.NetworkTracer - Stack trace:
org.openqa.selenium.devtools.DevToolsException: You are using a no-op implementation of the CDP. The most likely reason for this is that Selenium was unable to find an implementation of the CDP protocol that matches your browser. Please be sure to include an implementation on the classpath, possibly by adding a new (maven) dependency of `org.seleniumhq.selenium:selenium-devtools-vNN:4.18.1` where `NN` matches the major version of the browser you're using.
Build info: version: '4.18.1', revision: 'b1d3319b48'
System info: os.name: 'Windows 10', os.arch: 'amd64', os.version: '10.0', java.version: '21'
Driver info: DevTools Connection
	at org.openqa.selenium.devtools.noop.NoOpDomains.target(NoOpDomains.java:60)
	at org.openqa.selenium.devtools.DevTools.findTarget(DevTools.java:171)
	at org.openqa.selenium.devtools.DevTools.createSession(DevTools.java:131)
	at org.openqa.selenium.devtools.DevTools.createSession(DevTools.java:117)
	at proje.com.saucedemo.utils.NetworkTracer.enableNetworkLogging(NetworkTracer.java:44)
	at proje.com.saucedemo.AutomationExerciseCompleteTest.setUp(AutomationExerciseCompleteTest.java:70)
	at java.base/jdk.internal.reflect.DirectMethodHandleAccessor.invoke(DirectMethodHandleAccessor.java:103)
	at java.base/java.lang.reflect.Method.invoke(Method.java:580)
	at org.junit.platform.commons.util.ReflectionUtils.invokeMethod(ReflectionUtils.java:728)
	at org.junit.jupiter.engine.execution.MethodInvocation.proceed(MethodInvocation.java:60)
	at org.junit.jupiter.engine.execution.InvocationInterceptorChain$ValidatingInvocation.proceed(InvocationInterceptorChain.java:131)
	at org.junit.jupiter.engine.extension.TimeoutExtension.intercept(TimeoutExtension.java:156)
	at org.junit.jupiter.engine.extension.TimeoutExtension.interceptLifecycleMethod(TimeoutExtension.java:128)
	at org.junit.jupiter.engine.extension.TimeoutExtension.interceptBeforeAllMethod(TimeoutExtension.java:70)
	at org.junit.jupiter.engine.execution.InterceptingExecutableInvoker$ReflectiveInterceptorCall.lambda$ofVoidMethod$0(InterceptingExecutableInvoker.java:103)
	at org.junit.jupiter.engine.execution.InterceptingExecutableInvoker.lambda$invoke$0(InterceptingExecutableInvoker.java:93)
	at org.junit.jupiter.engine.execution.InvocationInterceptorChain$InterceptedInvocation.proceed(InvocationInterceptorChain.java:106)
	at org.junit.jupiter.engine.execution.InvocationInterceptorChain.proceed(InvocationInterceptorChain.java:64)
	at org.junit.jupiter.engine.execution.InvocationInterceptorChain.chainAndInvoke(InvocationInterceptorChain.java:45)
	at org.junit.jupiter.engine.execution.InvocationInterceptorChain.invoke(InvocationInterceptorChain.java:37)
	at org.junit.jupiter.engine.execution.InterceptingExecutableInvoker.invoke(InterceptingExecutableInvoker.java:92)
	at org.junit.jupiter.engine.execution.InterceptingExecutableInvoker.invoke(InterceptingExecutableInvoker.java:86)
	at org.junit.jupiter.engine.descriptor.ClassBasedTestDescriptor.lambda$invokeBeforeAllMethods$13(ClassBasedTestDescriptor.java:412)
	at org.junit.platform.engine.support.hierarchical.ThrowableCollector.execute(ThrowableCollector.java:73)
	at org.junit.jupiter.engine.descriptor.ClassBasedTestDescriptor.invokeBeforeAllMethods(ClassBasedTestDescriptor.java:410)
	at org.junit.jupiter.engine.descriptor.ClassBasedTestDescriptor.before(ClassBasedTestDescriptor.java:216)
	at org.junit.jupiter.engine.descriptor.ClassBasedTestDescriptor.before(ClassBasedTestDescriptor.java:85)
	at org.junit.platform.engine.support.hierarchical.NodeTestTask.lambda$executeRecursively$6(NodeTestTask.java:148)
	at org.junit.platform.engine.support.hierarchical.ThrowableCollector.execute(ThrowableCollector.java:73)
	at org.junit.platform.engine.support.hierarchical.NodeTestTask.lambda$executeRecursively$8(NodeTestTask.java:141)
	at org.junit.platform.engine.support.hierarchical.Node.around(Node.java:137)
	at org.junit.platform.engine.support.hierarchical.NodeTestTask.lambda$executeRecursively$9(NodeTestTask.java:139)
	at org.junit.platform.engine.support.hierarchical.ThrowableCollector.execute(ThrowableCollector.java:73)
	at org.junit.platform.engine.support.hierarchical.NodeTestTask.executeRecursively(NodeTestTask.java:138)
	at org.junit.platform.engine.support.hierarchical.NodeTestTask.execute(NodeTestTask.java:95)
	at java.base/java.util.ArrayList.forEach(ArrayList.java:1596)
	at org.junit.platform.engine.support.hierarchical.SameThreadHierarchicalTestExecutorService.invokeAll(SameThreadHierarchicalTestExecutorService.java:41)
	at org.junit.platform.engine.support.hierarchical.NodeTestTask.lambda$executeRecursively$6(NodeTestTask.java:155)
	at org.junit.platform.engine.support.hierarchical.ThrowableCollector.execute(ThrowableCollector.java:73)
	at org.junit.platform.engine.support.hierarchical.NodeTestTask.lambda$executeRecursively$8(NodeTestTask.java:141)
	at org.junit.platform.engine.support.hierarchical.Node.around(Node.java:137)
	at org.junit.platform.engine.support.hierarchical.NodeTestTask.lambda$executeRecursively$9(NodeTestTask.java:139)
	at org.junit.platform.engine.support.hierarchical.ThrowableCollector.execute(ThrowableCollector.java:73)
	at org.junit.platform.engine.support.hierarchical.NodeTestTask.executeRecursively(NodeTestTask.java:138)
	at org.junit.platform.engine.support.hierarchical.NodeTestTask.execute(NodeTestTask.java:95)
	at org.junit.platform.engine.support.hierarchical.SameThreadHierarchicalTestExecutorService.submit(SameThreadHierarchicalTestExecutorService.java:35)
	at org.junit.platform.engine.support.hierarchical.HierarchicalTestExecutor.execute(HierarchicalTestExecutor.java:57)
	at org.junit.platform.engine.support.hierarchical.HierarchicalTestEngine.execute(HierarchicalTestEngine.java:54)
	at org.junit.platform.launcher.core.EngineExecutionOrchestrator.execute(EngineExecutionOrchestrator.java:198)
	at org.junit.platform.launcher.core.EngineExecutionOrchestrator.execute(EngineExecutionOrchestrator.java:169)
	at org.junit.platform.launcher.core.EngineExecutionOrchestrator.execute(EngineExecutionOrchestrator.java:93)
	at org.junit.platform.launcher.core.EngineExecutionOrchestrator.lambda$execute$0(EngineExecutionOrchestrator.java:58)
	at org.junit.platform.launcher.core.EngineExecutionOrchestrator.withInterceptedStreams(EngineExecutionOrchestrator.java:141)
	at org.junit.platform.launcher.core.EngineExecutionOrchestrator.execute(EngineExecutionOrchestrator.java:57)
	at org.junit.platform.launcher.core.DefaultLauncher.execute(DefaultLauncher.java:103)
	at org.junit.platform.launcher.core.DefaultLauncher.execute(DefaultLauncher.java:85)
	at org.junit.platform.launcher.core.DelegatingLauncher.execute(DelegatingLauncher.java:47)
	at org.junit.platform.launcher.core.SessionPerRequestLauncher.execute(SessionPerRequestLauncher.java:63)
	at com.intellij.junit5.JUnit5IdeaTestRunner.startRunnerWithArgs(JUnit5IdeaTestRunner.java:57)
	at com.intellij.rt.junit.IdeaTestRunner$Repeater$1.execute(IdeaTestRunner.java:38)
	at com.intellij.rt.execution.junit.TestsRepeater.repeat(TestsRepeater.java:11)
	at com.intellij.rt.junit.IdeaTestRunner$Repeater.startRunnerWithArgs(IdeaTestRunner.java:35)
	at com.intellij.rt.junit.JUnitStarter.prepareStreamsAndStart(JUnitStarter.java:231)
	at com.intellij.rt.junit.JUnitStarter.main(JUnitStarter.java:55)
2025-08-05 01:08:51.501 [main] DEBUG p.com.saucedemo.utils.ZipkinTracer - Span sent successfully to Zipkin
2025-08-05 01:08:51.503 [main] INFO  p.com.saucedemo.utils.ZipkinTracer - Ended span: enable-network-logging - Duration: 42ms, Success: true
2025-08-05 01:08:51.870 [main] INFO  p.c.s.utils.TestDataGenerator - Generated user info: UserInfo{firstName='Timmy', lastName='Herman', email='modesta.yost@gmail.com', password='^1!3*W7&N#L'}
2025-08-05 01:08:51.884 [main] DEBUG p.com.saucedemo.utils.ZipkinTracer - Span sent successfully to Zipkin
2025-08-05 01:08:51.885 [main] INFO  p.com.saucedemo.utils.ZipkinTracer - Ended span: test.suite.setup - Duration: 2833ms, Success: true
2025-08-05 01:08:51.885 [main] INFO  p.c.s.AutomationExerciseCompleteTest - Test setup completed successfully with Zipkin tracing
2025-08-05 01:08:51.908 [main] INFO  p.c.s.AutomationExerciseCompleteTest - === Step 1: Creating new account ===
2025-08-05 01:08:51.917 [main] DEBUG p.com.saucedemo.utils.ZipkinTracer - Span sent successfully to Zipkin
2025-08-05 01:08:51.917 [main] INFO  p.com.saucedemo.utils.ZipkinTracer - Started span: test.create.account - Create new user account
2025-08-05 01:08:51.917 [main] INFO  proje.com.saucedemo.pages.HomePage - Navigating to AutomationExercise home page
2025-08-05 01:08:55.790 [main] INFO  proje.com.saucedemo.pages.HomePage - Successfully navigated to home page
2025-08-05 01:08:55.802 [main] DEBUG p.com.saucedemo.utils.ZipkinTracer - Span sent successfully to Zipkin
2025-08-05 01:08:55.803 [main] INFO  p.com.saucedemo.utils.ZipkinTracer - Tracked page navigation: Home - https://www.automationexercise.com (3882ms)
2025-08-05 01:08:55.803 [main] INFO  proje.com.saucedemo.pages.HomePage - Clicking on Signup/Login link
2025-08-05 01:08:58.128 [main] INFO  proje.com.saucedemo.pages.HomePage - Successfully clicked on Signup/Login link
2025-08-05 01:08:58.140 [main] DEBUG p.com.saucedemo.utils.ZipkinTracer - Span sent successfully to Zipkin
2025-08-05 01:08:58.141 [main] INFO  p.com.saucedemo.utils.ZipkinTracer - Tracked element interaction: SignupLogin Link - click (6221ms)
2025-08-05 01:08:58.141 [main] INFO  p.c.saucedemo.pages.SignupLoginPage - Starting signup process with name: Timmy Herman and email: modesta.yost@gmail.com
2025-08-05 01:08:58.958 [main] INFO  p.c.saucedemo.pages.SignupLoginPage - Signup form submitted
2025-08-05 01:08:58.968 [main] DEBUG p.com.saucedemo.utils.ZipkinTracer - Span sent successfully to Zipkin
2025-08-05 01:08:58.968 [main] INFO  p.com.saucedemo.utils.ZipkinTracer - Tracked element interaction: Signup Form - submit (7050ms)
2025-08-05 01:09:12.094 [main] INFO  p.c.s.utils.TestDataGenerator - Generated account info: AccountInfo{title='Mr', firstName='Octavio', lastName='McKenzie', company='Koepp Inc', address1='81724 Baumbach Forest, Sangbury, KY 03858', address2='Apt. 539 942 Grady Avenue, South Buster, ME 89281', country='Samoa', state='Connecticut', city='Jenchester', zipcode='14508', mobileNumber='(350) 103-9459', day='3', month='6', year='2005'}
2025-08-05 01:09:12.107 [main] INFO  p.c.saucedemo.pages.SignupLoginPage - Filling account information form
2025-08-05 01:09:14.290 [main] INFO  p.c.saucedemo.pages.SignupLoginPage - Account information form filled successfully
2025-08-05 01:09:14.302 [main] DEBUG p.com.saucedemo.utils.ZipkinTracer - Span sent successfully to Zipkin
2025-08-05 01:09:14.302 [main] INFO  p.com.saucedemo.utils.ZipkinTracer - Tracked element interaction: Account Details - fill (22382ms)
2025-08-05 01:09:14.302 [main] INFO  p.c.saucedemo.pages.SignupLoginPage - Creating account
2025-08-05 01:09:16.220 [main] INFO  p.c.saucedemo.pages.SignupLoginPage - Account creation initiated
2025-08-05 01:09:16.231 [main] DEBUG p.com.saucedemo.utils.ZipkinTracer - Span sent successfully to Zipkin
2025-08-05 01:09:16.231 [main] INFO  p.com.saucedemo.utils.ZipkinTracer - Tracked element interaction: Create Account Button - click (24312ms)
2025-08-05 01:09:16.262 [main] INFO  p.c.saucedemo.pages.SignupLoginPage - Account created successfully
2025-08-05 01:09:16.262 [main] INFO  p.c.s.v.VerificationHelper - Account created successfully
2025-08-05 01:09:16.267 [main] DEBUG p.com.saucedemo.utils.ZipkinTracer - Span sent successfully to Zipkin
2025-08-05 01:09:16.267 [main] INFO  p.com.saucedemo.utils.ZipkinTracer - Tracked test step: Account Creation Verification - Verify account was created successfully (24354ms, PASS)
2025-08-05 01:09:16.272 [main] DEBUG p.com.saucedemo.utils.ZipkinTracer - Span sent successfully to Zipkin
2025-08-05 01:09:16.272 [main] INFO  p.com.saucedemo.utils.ZipkinTracer - Tracked test step: Create Account - Successfully created user account (24360ms, PASS)
2025-08-05 01:09:16.280 [main] DEBUG p.com.saucedemo.utils.ZipkinTracer - Span sent successfully to Zipkin
2025-08-05 01:09:16.280 [main] INFO  p.com.saucedemo.utils.ZipkinTracer - Ended span: test.create.account - Duration: 27230ms, Success: true
2025-08-05 01:09:16.280 [main] INFO  p.c.s.AutomationExerciseCompleteTest - === Step 1 completed: Account created successfully ===
2025-08-05 01:09:16.295 [main] INFO  p.c.s.AutomationExerciseCompleteTest - === Cleaning up test resources ===
2025-08-05 01:09:16.295 [main] INFO  p.c.s.AutomationExerciseCompleteTest - DevTools enabled: false
2025-08-05 01:09:16.295 [main] INFO  p.c.s.AutomationExerciseCompleteTest - Total HTTP requests captured: 0
2025-08-05 01:09:16.302 [main] INFO  p.com.saucedemo.utils.NetworkTracer - DevTools session closed
2025-08-05 01:09:17.767 [main] INFO  p.c.saucedemo.config.WebDriverConfig - WebDriver quit successfully
2025-08-05 01:09:17.767 [main] INFO  p.c.s.AutomationExerciseCompleteTest - WebDriver quit successfully
2025-08-05 01:09:17.767 [main] INFO  p.com.saucedemo.utils.ZipkinTracer - ZipkinTracer cleanup completed
2025-08-05 01:09:17.767 [main] INFO  p.c.s.AutomationExerciseCompleteTest - === Test suite cleanup completed ===
2025-08-05 01:19:16.527 [main] INFO  p.c.s.AutomationExerciseCompleteTest - === Setting up test suite ===
2025-08-05 01:19:17.184 [main] INFO  p.com.saucedemo.utils.ZipkinTracer - ZipkinTracer initialized with traceId: 34d9dcf25d124167, spanId: c7bfc167144e49ad, serviceName: automation-exercise-test
2025-08-05 01:19:17.377 [main] DEBUG p.com.saucedemo.utils.ZipkinTracer - Span sent successfully to Zipkin
2025-08-05 01:19:17.377 [main] INFO  p.com.saucedemo.utils.ZipkinTracer - Started span: test.suite.setup - Initialize test suite
2025-08-05 01:19:17.702 [main] INFO  i.g.bonigarcia.wdm.WebDriverManager - Using chromedriver 138.0.7204.183 (resolved driver for Chrome 138)
2025-08-05 01:19:17.730 [main] INFO  i.g.bonigarcia.wdm.WebDriverManager - Exporting webdriver.chrome.driver as C:\Users\kavci\.cache\selenium\chromedriver\win64\138.0.7204.183\chromedriver.exe
2025-08-05 01:19:19.441 [main] INFO  p.c.saucedemo.config.WebDriverConfig - WebDriver initialized successfully for browser: chrome
2025-08-05 01:19:19.447 [main] INFO  p.com.saucedemo.utils.ZipkinTracer - ZipkinTracer initialized with traceId: 9c6db2de77d74d68, spanId: c63d0359c9f3469d, serviceName: automation-exercise-test
2025-08-05 01:19:19.449 [main] INFO  p.com.saucedemo.utils.ZipkinTracer - ZipkinTracer initialized with traceId: 0fb05a4d13704b9c, spanId: ad3a27e6172c41ef, serviceName: automation-exercise-test
2025-08-05 01:19:19.469 [main] DEBUG p.com.saucedemo.utils.ZipkinTracer - Span sent successfully to Zipkin
2025-08-05 01:19:19.473 [main] INFO  p.com.saucedemo.utils.ZipkinTracer - Started span: enable-network-logging - Enable DevTools network monitoring
2025-08-05 01:19:19.474 [main] INFO  p.com.saucedemo.utils.NetworkTracer - Chrome driver detected, initializing DevTools...
2025-08-05 01:19:19.477 [main] ERROR p.com.saucedemo.utils.NetworkTracer -  DevTools failed to initialize: You are using a no-op implementation of the CDP. The most likely reason for this is that Selenium was unable to find an implementation of the CDP protocol that matches your browser. Please be sure to include an implementation on the classpath, possibly by adding a new (maven) dependency of `org.seleniumhq.selenium:selenium-devtools-vNN:4.18.1` where `NN` matches the major version of the browser you're using.
Build info: version: '4.18.1', revision: 'b1d3319b48'
System info: os.name: 'Windows 10', os.arch: 'amd64', os.version: '10.0', java.version: '21'
Driver info: DevTools Connection
2025-08-05 01:19:19.477 [main] ERROR p.com.saucedemo.utils.NetworkTracer - Stack trace:
org.openqa.selenium.devtools.DevToolsException: You are using a no-op implementation of the CDP. The most likely reason for this is that Selenium was unable to find an implementation of the CDP protocol that matches your browser. Please be sure to include an implementation on the classpath, possibly by adding a new (maven) dependency of `org.seleniumhq.selenium:selenium-devtools-vNN:4.18.1` where `NN` matches the major version of the browser you're using.
Build info: version: '4.18.1', revision: 'b1d3319b48'
System info: os.name: 'Windows 10', os.arch: 'amd64', os.version: '10.0', java.version: '21'
Driver info: DevTools Connection
	at org.openqa.selenium.devtools.noop.NoOpDomains.target(NoOpDomains.java:60)
	at org.openqa.selenium.devtools.DevTools.findTarget(DevTools.java:171)
	at org.openqa.selenium.devtools.DevTools.createSession(DevTools.java:131)
	at org.openqa.selenium.devtools.DevTools.createSession(DevTools.java:117)
	at proje.com.saucedemo.utils.NetworkTracer.enableNetworkLogging(NetworkTracer.java:44)
	at proje.com.saucedemo.AutomationExerciseCompleteTest.setUp(AutomationExerciseCompleteTest.java:70)
	at java.base/jdk.internal.reflect.DirectMethodHandleAccessor.invoke(DirectMethodHandleAccessor.java:103)
	at java.base/java.lang.reflect.Method.invoke(Method.java:580)
	at org.junit.platform.commons.util.ReflectionUtils.invokeMethod(ReflectionUtils.java:728)
	at org.junit.jupiter.engine.execution.MethodInvocation.proceed(MethodInvocation.java:60)
	at org.junit.jupiter.engine.execution.InvocationInterceptorChain$ValidatingInvocation.proceed(InvocationInterceptorChain.java:131)
	at org.junit.jupiter.engine.extension.TimeoutExtension.intercept(TimeoutExtension.java:156)
	at org.junit.jupiter.engine.extension.TimeoutExtension.interceptLifecycleMethod(TimeoutExtension.java:128)
	at org.junit.jupiter.engine.extension.TimeoutExtension.interceptBeforeAllMethod(TimeoutExtension.java:70)
	at org.junit.jupiter.engine.execution.InterceptingExecutableInvoker$ReflectiveInterceptorCall.lambda$ofVoidMethod$0(InterceptingExecutableInvoker.java:103)
	at org.junit.jupiter.engine.execution.InterceptingExecutableInvoker.lambda$invoke$0(InterceptingExecutableInvoker.java:93)
	at org.junit.jupiter.engine.execution.InvocationInterceptorChain$InterceptedInvocation.proceed(InvocationInterceptorChain.java:106)
	at org.junit.jupiter.engine.execution.InvocationInterceptorChain.proceed(InvocationInterceptorChain.java:64)
	at org.junit.jupiter.engine.execution.InvocationInterceptorChain.chainAndInvoke(InvocationInterceptorChain.java:45)
	at org.junit.jupiter.engine.execution.InvocationInterceptorChain.invoke(InvocationInterceptorChain.java:37)
	at org.junit.jupiter.engine.execution.InterceptingExecutableInvoker.invoke(InterceptingExecutableInvoker.java:92)
	at org.junit.jupiter.engine.execution.InterceptingExecutableInvoker.invoke(InterceptingExecutableInvoker.java:86)
	at org.junit.jupiter.engine.descriptor.ClassBasedTestDescriptor.lambda$invokeBeforeAllMethods$13(ClassBasedTestDescriptor.java:412)
	at org.junit.platform.engine.support.hierarchical.ThrowableCollector.execute(ThrowableCollector.java:73)
	at org.junit.jupiter.engine.descriptor.ClassBasedTestDescriptor.invokeBeforeAllMethods(ClassBasedTestDescriptor.java:410)
	at org.junit.jupiter.engine.descriptor.ClassBasedTestDescriptor.before(ClassBasedTestDescriptor.java:216)
	at org.junit.jupiter.engine.descriptor.ClassBasedTestDescriptor.before(ClassBasedTestDescriptor.java:85)
	at org.junit.platform.engine.support.hierarchical.NodeTestTask.lambda$executeRecursively$6(NodeTestTask.java:148)
	at org.junit.platform.engine.support.hierarchical.ThrowableCollector.execute(ThrowableCollector.java:73)
	at org.junit.platform.engine.support.hierarchical.NodeTestTask.lambda$executeRecursively$8(NodeTestTask.java:141)
	at org.junit.platform.engine.support.hierarchical.Node.around(Node.java:137)
	at org.junit.platform.engine.support.hierarchical.NodeTestTask.lambda$executeRecursively$9(NodeTestTask.java:139)
	at org.junit.platform.engine.support.hierarchical.ThrowableCollector.execute(ThrowableCollector.java:73)
	at org.junit.platform.engine.support.hierarchical.NodeTestTask.executeRecursively(NodeTestTask.java:138)
	at org.junit.platform.engine.support.hierarchical.NodeTestTask.execute(NodeTestTask.java:95)
	at java.base/java.util.ArrayList.forEach(ArrayList.java:1596)
	at org.junit.platform.engine.support.hierarchical.SameThreadHierarchicalTestExecutorService.invokeAll(SameThreadHierarchicalTestExecutorService.java:41)
	at org.junit.platform.engine.support.hierarchical.NodeTestTask.lambda$executeRecursively$6(NodeTestTask.java:155)
	at org.junit.platform.engine.support.hierarchical.ThrowableCollector.execute(ThrowableCollector.java:73)
	at org.junit.platform.engine.support.hierarchical.NodeTestTask.lambda$executeRecursively$8(NodeTestTask.java:141)
	at org.junit.platform.engine.support.hierarchical.Node.around(Node.java:137)
	at org.junit.platform.engine.support.hierarchical.NodeTestTask.lambda$executeRecursively$9(NodeTestTask.java:139)
	at org.junit.platform.engine.support.hierarchical.ThrowableCollector.execute(ThrowableCollector.java:73)
	at org.junit.platform.engine.support.hierarchical.NodeTestTask.executeRecursively(NodeTestTask.java:138)
	at org.junit.platform.engine.support.hierarchical.NodeTestTask.execute(NodeTestTask.java:95)
	at org.junit.platform.engine.support.hierarchical.SameThreadHierarchicalTestExecutorService.submit(SameThreadHierarchicalTestExecutorService.java:35)
	at org.junit.platform.engine.support.hierarchical.HierarchicalTestExecutor.execute(HierarchicalTestExecutor.java:57)
	at org.junit.platform.engine.support.hierarchical.HierarchicalTestEngine.execute(HierarchicalTestEngine.java:54)
	at org.junit.platform.launcher.core.EngineExecutionOrchestrator.execute(EngineExecutionOrchestrator.java:198)
	at org.junit.platform.launcher.core.EngineExecutionOrchestrator.execute(EngineExecutionOrchestrator.java:169)
	at org.junit.platform.launcher.core.EngineExecutionOrchestrator.execute(EngineExecutionOrchestrator.java:93)
	at org.junit.platform.launcher.core.EngineExecutionOrchestrator.lambda$execute$0(EngineExecutionOrchestrator.java:58)
	at org.junit.platform.launcher.core.EngineExecutionOrchestrator.withInterceptedStreams(EngineExecutionOrchestrator.java:141)
	at org.junit.platform.launcher.core.EngineExecutionOrchestrator.execute(EngineExecutionOrchestrator.java:57)
	at org.junit.platform.launcher.core.DefaultLauncher.execute(DefaultLauncher.java:103)
	at org.junit.platform.launcher.core.DefaultLauncher.execute(DefaultLauncher.java:85)
	at org.junit.platform.launcher.core.DelegatingLauncher.execute(DelegatingLauncher.java:47)
	at org.junit.platform.launcher.core.SessionPerRequestLauncher.execute(SessionPerRequestLauncher.java:63)
	at com.intellij.junit5.JUnit5IdeaTestRunner.startRunnerWithArgs(JUnit5IdeaTestRunner.java:57)
	at com.intellij.rt.junit.IdeaTestRunner$Repeater$1.execute(IdeaTestRunner.java:38)
	at com.intellij.rt.execution.junit.TestsRepeater.repeat(TestsRepeater.java:11)
	at com.intellij.rt.junit.IdeaTestRunner$Repeater.startRunnerWithArgs(IdeaTestRunner.java:35)
	at com.intellij.rt.junit.JUnitStarter.prepareStreamsAndStart(JUnitStarter.java:231)
	at com.intellij.rt.junit.JUnitStarter.main(JUnitStarter.java:55)
2025-08-05 01:19:19.499 [main] DEBUG p.com.saucedemo.utils.ZipkinTracer - Span sent successfully to Zipkin
2025-08-05 01:19:19.500 [main] INFO  p.com.saucedemo.utils.ZipkinTracer - Ended span: enable-network-logging - Duration: 33ms, Success: true
2025-08-05 01:19:19.911 [main] INFO  p.c.s.utils.TestDataGenerator - Generated user info: UserInfo{firstName='Brant', lastName='Yundt', email='cori.okon@yahoo.com', password='0Eu@%Rej'}
2025-08-05 01:19:19.928 [main] DEBUG p.com.saucedemo.utils.ZipkinTracer - Span sent successfully to Zipkin
2025-08-05 01:19:19.928 [main] INFO  p.com.saucedemo.utils.ZipkinTracer - Ended span: test.suite.setup - Duration: 2734ms, Success: true
2025-08-05 01:19:19.929 [main] INFO  p.c.s.AutomationExerciseCompleteTest - Test setup completed successfully with Zipkin tracing
2025-08-05 01:19:19.952 [main] INFO  p.c.s.AutomationExerciseCompleteTest - === Step 1: Creating new account ===
2025-08-05 01:19:19.961 [main] DEBUG p.com.saucedemo.utils.ZipkinTracer - Span sent successfully to Zipkin
2025-08-05 01:19:19.962 [main] INFO  p.com.saucedemo.utils.ZipkinTracer - Started span: test.create.account - Create new user account
2025-08-05 01:19:19.962 [main] INFO  proje.com.saucedemo.pages.HomePage - Navigating to AutomationExercise home page
2025-08-05 01:19:22.758 [main] INFO  proje.com.saucedemo.pages.HomePage - Successfully navigated to home page
2025-08-05 01:19:22.769 [main] DEBUG p.com.saucedemo.utils.ZipkinTracer - Span sent successfully to Zipkin
2025-08-05 01:19:22.770 [main] INFO  p.com.saucedemo.utils.ZipkinTracer - Tracked page navigation: Home - https://www.automationexercise.com (2806ms)
2025-08-05 01:19:22.770 [main] INFO  proje.com.saucedemo.pages.HomePage - Clicking on Signup/Login link
2025-08-05 01:19:24.373 [main] INFO  proje.com.saucedemo.pages.HomePage - Successfully clicked on Signup/Login link
2025-08-05 01:19:24.380 [main] DEBUG p.com.saucedemo.utils.ZipkinTracer - Span sent successfully to Zipkin
2025-08-05 01:19:24.381 [main] INFO  p.com.saucedemo.utils.ZipkinTracer - Tracked element interaction: SignupLogin Link - click (4422ms)
2025-08-05 01:19:24.381 [main] INFO  p.c.saucedemo.pages.SignupLoginPage - Starting signup process with name: Brant Yundt and email: cori.okon@yahoo.com
2025-08-05 01:19:24.845 [main] INFO  p.c.saucedemo.pages.SignupLoginPage - Signup form submitted
2025-08-05 01:19:24.849 [main] DEBUG p.com.saucedemo.utils.ZipkinTracer - Span sent successfully to Zipkin
2025-08-05 01:19:24.850 [main] INFO  p.com.saucedemo.utils.ZipkinTracer - Tracked element interaction: Signup Form - submit (4893ms)
2025-08-05 01:19:36.778 [main] INFO  p.c.s.utils.TestDataGenerator - Generated account info: AccountInfo{title='Mrs', firstName='Dudley', lastName='Mante', company='Block, Stamm and Balistreri', address1='263 Schamberger Cove, Devonton, NV 49881', address2='Suite 778 8645 Sydney Locks, Mikaelaside, SD 01926', country='Uzbekistan', state='Maine', city='Gleasonmouth', zipcode='18123-1488', mobileNumber='(183) 791-9825', day='6', month='6', year='2016'}
2025-08-05 01:19:36.797 [main] INFO  p.c.saucedemo.pages.SignupLoginPage - Filling account information form
2025-08-05 01:19:38.972 [main] INFO  p.c.saucedemo.pages.SignupLoginPage - Account information form filled successfully
2025-08-05 01:19:38.977 [main] DEBUG p.com.saucedemo.utils.ZipkinTracer - Span sent successfully to Zipkin
2025-08-05 01:19:38.977 [main] INFO  p.com.saucedemo.utils.ZipkinTracer - Tracked element interaction: Account Details - fill (19020ms)
2025-08-05 01:19:38.977 [main] INFO  p.c.saucedemo.pages.SignupLoginPage - Creating account
2025-08-05 01:19:40.899 [main] INFO  p.c.saucedemo.pages.SignupLoginPage - Account creation initiated
2025-08-05 01:19:40.908 [main] DEBUG p.com.saucedemo.utils.ZipkinTracer - Span sent successfully to Zipkin
2025-08-05 01:19:40.908 [main] INFO  p.com.saucedemo.utils.ZipkinTracer - Tracked element interaction: Create Account Button - click (20947ms)
2025-08-05 01:19:40.941 [main] INFO  p.c.saucedemo.pages.SignupLoginPage - Account created successfully
2025-08-05 01:19:40.942 [main] INFO  p.c.s.v.VerificationHelper - Account created successfully
2025-08-05 01:19:40.948 [main] DEBUG p.com.saucedemo.utils.ZipkinTracer - Span sent successfully to Zipkin
2025-08-05 01:19:40.948 [main] INFO  p.com.saucedemo.utils.ZipkinTracer - Tracked test step: Account Creation Verification - Verify account was created successfully (20990ms, PASS)
2025-08-05 01:19:40.953 [main] DEBUG p.com.saucedemo.utils.ZipkinTracer - Span sent successfully to Zipkin
2025-08-05 01:19:40.953 [main] INFO  p.com.saucedemo.utils.ZipkinTracer - Tracked test step: Create Account - Successfully created user account (20997ms, PASS)
2025-08-05 01:19:40.957 [main] DEBUG p.com.saucedemo.utils.ZipkinTracer - Span sent successfully to Zipkin
2025-08-05 01:19:40.957 [main] INFO  p.com.saucedemo.utils.ZipkinTracer - Ended span: test.create.account - Duration: 23771ms, Success: true
2025-08-05 01:19:40.957 [main] INFO  p.c.s.AutomationExerciseCompleteTest - === Step 1 completed: Account created successfully ===
2025-08-05 01:19:40.972 [main] INFO  p.c.s.AutomationExerciseCompleteTest - === Step 2: Adding products to cart ===
2025-08-05 01:19:40.978 [main] DEBUG p.com.saucedemo.utils.ZipkinTracer - Span sent successfully to Zipkin
2025-08-05 01:19:40.979 [main] INFO  p.com.saucedemo.utils.ZipkinTracer - Started span: test.add.products - Add random products to cart
2025-08-05 01:19:40.979 [main] INFO  p.com.saucedemo.pages.ProductsPage - Navigating to products page
2025-08-05 01:19:42.641 [main] INFO  p.com.saucedemo.pages.ProductsPage - Successfully navigated to products page
2025-08-05 01:19:42.648 [main] DEBUG p.com.saucedemo.utils.ZipkinTracer - Span sent successfully to Zipkin
2025-08-05 01:19:42.648 [main] INFO  p.com.saucedemo.utils.ZipkinTracer - Tracked page navigation: Products - https://www.automationexercise.com/products (1669ms)
2025-08-05 01:19:42.669 [main] INFO  p.c.s.v.VerificationHelper - Products page loaded successfully
2025-08-05 01:19:42.669 [main] INFO  p.com.saucedemo.pages.ProductsPage - Adding random product to cart
2025-08-05 01:19:42.669 [main] INFO  p.com.saucedemo.pages.ProductsPage - Getting all add to cart buttons
2025-08-05 01:19:43.576 [main] INFO  p.com.saucedemo.pages.ProductsPage - Product added to cart successfully
2025-08-05 01:19:43.587 [main] DEBUG p.com.saucedemo.utils.ZipkinTracer - Span sent successfully to Zipkin
2025-08-05 01:19:43.588 [main] INFO  p.com.saucedemo.utils.ZipkinTracer - Tracked element interaction: Add to Cart Button - click (150ms)
2025-08-05 01:19:43.588 [main] INFO  p.com.saucedemo.pages.ProductsPage - Clicking on Continue Shopping button
2025-08-05 01:19:43.705 [main] INFO  p.com.saucedemo.pages.ProductsPage - Successfully clicked on Continue Shopping button
2025-08-05 01:19:43.711 [main] DEBUG p.com.saucedemo.utils.ZipkinTracer - Span sent successfully to Zipkin
2025-08-05 01:19:43.712 [main] INFO  p.com.saucedemo.utils.ZipkinTracer - Tracked element interaction: Continue Shopping Button - click (100ms)
2025-08-05 01:19:43.712 [main] INFO  p.com.saucedemo.pages.ProductsPage - Adding random product to cart
2025-08-05 01:19:43.712 [main] INFO  p.com.saucedemo.pages.ProductsPage - Getting all add to cart buttons
2025-08-05 01:19:53.787 [main] ERROR p.c.s.AutomationExerciseCompleteTest - Step 2 failed: Expected condition failed: waiting for element to be clickable: [[ChromeDriver: chrome on windows (09fcd1871af358f14fff60090531d9df)] -> css selector: .add-to-cart] (tried for 10 second(s) with 500 milliseconds interval)
Build info: version: '4.18.1', revision: 'b1d3319b48'
System info: os.name: 'Windows 10', os.arch: 'amd64', os.version: '10.0', java.version: '21'
Driver info: org.openqa.selenium.chrome.ChromeDriver
Capabilities {acceptInsecureCerts: false, browserName: chrome, browserVersion: 138.0.7204.184, chrome: {chromedriverVersion: 138.0.7204.183 (e90faf484dd..., userDataDir: C:\Users\kavci\AppData\Loca...}, fedcm:accounts: true, goog:chromeOptions: {debuggerAddress: localhost:64571}, networkConnectionEnabled: false, pageLoadStrategy: normal, platformName: windows, proxy: Proxy(), se:cdp: ws://localhost:64571/devtoo..., se:cdpVersion: 138.0.7204.184, setWindowRect: true, strictFileInteractability: false, timeouts: {implicit: 0, pageLoad: 300000, script: 30000}, unhandledPromptBehavior: dismiss and notify, webauthn:extension:credBlob: true, webauthn:extension:largeBlob: true, webauthn:extension:minPinLength: true, webauthn:extension:prf: true, webauthn:virtualAuthenticators: true}
Session ID: 09fcd1871af358f14fff60090531d9df
2025-08-05 01:19:53.793 [main] DEBUG p.com.saucedemo.utils.ZipkinTracer - Span sent successfully to Zipkin
2025-08-05 01:19:53.793 [main] INFO  p.com.saucedemo.utils.ZipkinTracer - Tracked test step: Add Products - Failed to add products to cart (12815ms, FAIL)
2025-08-05 01:19:53.798 [main] DEBUG p.com.saucedemo.utils.ZipkinTracer - Span sent successfully to Zipkin
2025-08-05 01:19:53.798 [main] INFO  p.com.saucedemo.utils.ZipkinTracer - Ended span: test.add.products - Duration: 36610ms, Success: false
2025-08-05 01:19:53.813 [main] INFO  p.c.s.AutomationExerciseCompleteTest - === Step 3: Verifying cart products ===
2025-08-05 01:19:53.819 [main] DEBUG p.com.saucedemo.utils.ZipkinTracer - Span sent successfully to Zipkin
2025-08-05 01:19:53.820 [main] INFO  p.com.saucedemo.utils.ZipkinTracer - Started span: test.verify.cart - Verify products in cart
2025-08-05 01:19:53.820 [main] INFO  proje.com.saucedemo.pages.CartPage - Navigating to cart page
2025-08-05 01:20:05.274 [main] ERROR p.c.s.AutomationExerciseCompleteTest - Step 3 failed: Expected condition failed: waiting for visibility of element located by By.cssSelector: .breadcrumbs h2 (tried for 10 second(s) with 500 milliseconds interval)
Build info: version: '4.18.1', revision: 'b1d3319b48'
System info: os.name: 'Windows 10', os.arch: 'amd64', os.version: '10.0', java.version: '21'
Driver info: org.openqa.selenium.chrome.ChromeDriver
Capabilities {acceptInsecureCerts: false, browserName: chrome, browserVersion: 138.0.7204.184, chrome: {chromedriverVersion: 138.0.7204.183 (e90faf484dd..., userDataDir: C:\Users\kavci\AppData\Loca...}, fedcm:accounts: true, goog:chromeOptions: {debuggerAddress: localhost:64571}, networkConnectionEnabled: false, pageLoadStrategy: normal, platformName: windows, proxy: Proxy(), se:cdp: ws://localhost:64571/devtoo..., se:cdpVersion: 138.0.7204.184, setWindowRect: true, strictFileInteractability: false, timeouts: {implicit: 0, pageLoad: 300000, script: 30000}, unhandledPromptBehavior: dismiss and notify, webauthn:extension:credBlob: true, webauthn:extension:largeBlob: true, webauthn:extension:minPinLength: true, webauthn:extension:prf: true, webauthn:virtualAuthenticators: true}
Session ID: 09fcd1871af358f14fff60090531d9df
2025-08-05 01:20:05.279 [main] DEBUG p.com.saucedemo.utils.ZipkinTracer - Span sent successfully to Zipkin
2025-08-05 01:20:05.280 [main] INFO  p.com.saucedemo.utils.ZipkinTracer - Tracked test step: Verify Cart - Failed to verify cart products (11461ms, FAIL)
2025-08-05 01:20:05.285 [main] DEBUG p.com.saucedemo.utils.ZipkinTracer - Span sent successfully to Zipkin
2025-08-05 01:20:05.286 [main] INFO  p.com.saucedemo.utils.ZipkinTracer - Ended span: test.verify.cart - Duration: 48097ms, Success: false
2025-08-05 01:20:05.293 [main] INFO  p.c.s.AutomationExerciseCompleteTest - === Step 4: Proceeding to checkout ===
2025-08-05 01:20:05.301 [main] DEBUG p.com.saucedemo.utils.ZipkinTracer - Span sent successfully to Zipkin
2025-08-05 01:20:05.302 [main] INFO  p.com.saucedemo.utils.ZipkinTracer - Started span: test.proceed.checkout - Proceed to checkout
2025-08-05 01:20:05.303 [main] INFO  proje.com.saucedemo.pages.CartPage - Clicking on Proceed to Checkout button
2025-08-05 01:20:07.490 [main] INFO  proje.com.saucedemo.pages.CartPage - Successfully clicked on Proceed to Checkout button
2025-08-05 01:20:07.498 [main] DEBUG p.com.saucedemo.utils.ZipkinTracer - Span sent successfully to Zipkin
2025-08-05 01:20:07.498 [main] INFO  p.com.saucedemo.utils.ZipkinTracer - Tracked element interaction: Proceed to Checkout Button - click (100ms)
2025-08-05 01:20:07.506 [main] DEBUG p.com.saucedemo.utils.ZipkinTracer - Span sent successfully to Zipkin
2025-08-05 01:20:07.507 [main] INFO  p.com.saucedemo.utils.ZipkinTracer - Tracked test step: Proceed Checkout - Successfully proceeded to checkout (2206ms, PASS)
2025-08-05 01:20:07.512 [main] DEBUG p.com.saucedemo.utils.ZipkinTracer - Span sent successfully to Zipkin
2025-08-05 01:20:07.512 [main] INFO  p.com.saucedemo.utils.ZipkinTracer - Ended span: test.proceed.checkout - Duration: 50324ms, Success: true
2025-08-05 01:20:07.512 [main] INFO  p.c.s.AutomationExerciseCompleteTest - === Step 4 completed: Proceeded to checkout ===
2025-08-05 01:20:07.514 [main] INFO  p.c.s.AutomationExerciseCompleteTest - === Step 5: Filling checkout information ===
2025-08-05 01:20:07.524 [main] DEBUG p.com.saucedemo.utils.ZipkinTracer - Span sent successfully to Zipkin
2025-08-05 01:20:07.524 [main] INFO  p.com.saucedemo.utils.ZipkinTracer - Started span: test.fill.checkout - Fill checkout information
2025-08-05 01:20:07.528 [main] INFO  p.c.s.utils.TestDataGenerator - Generated checkout info: CheckoutInfo{firstName='Florencio', lastName='Stokes', postalCode='57606-2892', address='5786 Spencer Island, Albertinaport, IL 58981', city='Hicklehaven', state='Idaho', phone='1-583-420-6134 x199', country='Azerbaijan'}
2025-08-05 01:20:07.532 [main] INFO  p.com.saucedemo.pages.CheckoutPage - Filling delivery address information
2025-08-05 01:20:17.546 [main] ERROR p.c.s.AutomationExerciseCompleteTest - Step 5 failed: Expected condition failed: waiting for visibility of element located by By.id: name (tried for 10 second(s) with 500 milliseconds interval)
Build info: version: '4.18.1', revision: 'b1d3319b48'
System info: os.name: 'Windows 10', os.arch: 'amd64', os.version: '10.0', java.version: '21'
Driver info: org.openqa.selenium.chrome.ChromeDriver
Capabilities {acceptInsecureCerts: false, browserName: chrome, browserVersion: 138.0.7204.184, chrome: {chromedriverVersion: 138.0.7204.183 (e90faf484dd..., userDataDir: C:\Users\kavci\AppData\Loca...}, fedcm:accounts: true, goog:chromeOptions: {debuggerAddress: localhost:64571}, networkConnectionEnabled: false, pageLoadStrategy: normal, platformName: windows, proxy: Proxy(), se:cdp: ws://localhost:64571/devtoo..., se:cdpVersion: 138.0.7204.184, setWindowRect: true, strictFileInteractability: false, timeouts: {implicit: 0, pageLoad: 300000, script: 30000}, unhandledPromptBehavior: dismiss and notify, webauthn:extension:credBlob: true, webauthn:extension:largeBlob: true, webauthn:extension:minPinLength: true, webauthn:extension:prf: true, webauthn:virtualAuthenticators: true}
Session ID: 09fcd1871af358f14fff60090531d9df
2025-08-05 01:20:17.553 [main] DEBUG p.com.saucedemo.utils.ZipkinTracer - Span sent successfully to Zipkin
2025-08-05 01:20:17.553 [main] INFO  p.com.saucedemo.utils.ZipkinTracer - Tracked test step: Fill Checkout - Failed to fill checkout information (10033ms, FAIL)
2025-08-05 01:20:17.559 [main] DEBUG p.com.saucedemo.utils.ZipkinTracer - Span sent successfully to Zipkin
2025-08-05 01:20:17.559 [main] INFO  p.com.saucedemo.utils.ZipkinTracer - Ended span: test.fill.checkout - Duration: 60370ms, Success: false
2025-08-05 01:20:17.562 [main] INFO  p.c.s.AutomationExerciseCompleteTest - === Step 6: Completing payment ===
2025-08-05 01:20:17.568 [main] DEBUG p.com.saucedemo.utils.ZipkinTracer - Span sent successfully to Zipkin
2025-08-05 01:20:17.569 [main] INFO  p.com.saucedemo.utils.ZipkinTracer - Started span: test.complete.payment - Complete payment process
2025-08-05 01:20:17.569 [main] INFO  p.com.saucedemo.pages.PaymentPage - Completing payment with random card data
2025-08-05 01:20:17.569 [main] INFO  p.com.saucedemo.pages.PaymentPage - Filling card information
2025-08-05 01:20:27.599 [main] ERROR p.c.s.AutomationExerciseCompleteTest - Step 6 failed: Expected condition failed: waiting for visibility of element located by By.id: name_on_card (tried for 10 second(s) with 500 milliseconds interval)
Build info: version: '4.18.1', revision: 'b1d3319b48'
System info: os.name: 'Windows 10', os.arch: 'amd64', os.version: '10.0', java.version: '21'
Driver info: org.openqa.selenium.chrome.ChromeDriver
Capabilities {acceptInsecureCerts: false, browserName: chrome, browserVersion: 138.0.7204.184, chrome: {chromedriverVersion: 138.0.7204.183 (e90faf484dd..., userDataDir: C:\Users\kavci\AppData\Loca...}, fedcm:accounts: true, goog:chromeOptions: {debuggerAddress: localhost:64571}, networkConnectionEnabled: false, pageLoadStrategy: normal, platformName: windows, proxy: Proxy(), se:cdp: ws://localhost:64571/devtoo..., se:cdpVersion: 138.0.7204.184, setWindowRect: true, strictFileInteractability: false, timeouts: {implicit: 0, pageLoad: 300000, script: 30000}, unhandledPromptBehavior: dismiss and notify, webauthn:extension:credBlob: true, webauthn:extension:largeBlob: true, webauthn:extension:minPinLength: true, webauthn:extension:prf: true, webauthn:virtualAuthenticators: true}
Session ID: 09fcd1871af358f14fff60090531d9df
2025-08-05 01:20:27.604 [main] DEBUG p.com.saucedemo.utils.ZipkinTracer - Span sent successfully to Zipkin
2025-08-05 01:20:27.604 [main] INFO  p.com.saucedemo.utils.ZipkinTracer - Tracked test step: Complete Payment - Failed to complete payment (10037ms, FAIL)
2025-08-05 01:20:27.609 [main] DEBUG p.com.saucedemo.utils.ZipkinTracer - Span sent successfully to Zipkin
2025-08-05 01:20:27.609 [main] INFO  p.com.saucedemo.utils.ZipkinTracer - Ended span: test.complete.payment - Duration: 70422ms, Success: false
2025-08-05 01:20:27.615 [main] INFO  p.c.s.AutomationExerciseCompleteTest - === Step 7: Verifying order completion ===
2025-08-05 01:20:27.622 [main] DEBUG p.com.saucedemo.utils.ZipkinTracer - Span sent successfully to Zipkin
2025-08-05 01:20:27.623 [main] INFO  p.com.saucedemo.utils.ZipkinTracer - Started span: test.verify.completion - Verify order completion
2025-08-05 01:20:27.623 [main] INFO  proje.com.saucedemo.pages.HomePage - Navigating to AutomationExercise home page
2025-08-05 01:20:29.831 [main] INFO  proje.com.saucedemo.pages.HomePage - Successfully navigated to home page
2025-08-05 01:20:29.837 [main] DEBUG p.com.saucedemo.utils.ZipkinTracer - Span sent successfully to Zipkin
2025-08-05 01:20:29.837 [main] INFO  p.com.saucedemo.utils.ZipkinTracer - Tracked page navigation: Home - https://www.automationexercise.com (2216ms)
2025-08-05 01:20:29.858 [main] INFO  p.c.s.v.VerificationHelper - Home page loaded successfully
2025-08-05 01:20:29.867 [main] INFO  p.c.s.v.VerificationHelper - URL verification successful: https://www.automationexercise.com/
2025-08-05 01:20:29.872 [main] DEBUG p.com.saucedemo.utils.ZipkinTracer - Span sent successfully to Zipkin
2025-08-05 01:20:29.872 [main] INFO  p.com.saucedemo.utils.ZipkinTracer - Tracked test step: Verify Completion - Successfully verified order completion (2252ms, PASS)
2025-08-05 01:20:29.877 [main] DEBUG p.com.saucedemo.utils.ZipkinTracer - Span sent successfully to Zipkin
2025-08-05 01:20:29.877 [main] INFO  p.com.saucedemo.utils.ZipkinTracer - Ended span: test.verify.completion - Duration: 72689ms, Success: true
2025-08-05 01:20:29.878 [main] INFO  p.c.s.AutomationExerciseCompleteTest - === Step 7 completed: Order completion verified ===
2025-08-05 01:20:29.880 [main] INFO  p.c.s.AutomationExerciseCompleteTest - === Complete End-to-End Test Flow ===
2025-08-05 01:20:29.886 [main] DEBUG p.com.saucedemo.utils.ZipkinTracer - Span sent successfully to Zipkin
2025-08-05 01:20:29.886 [main] INFO  p.com.saucedemo.utils.ZipkinTracer - Started span: test.complete.flow - Complete end-to-end test flow
2025-08-05 01:20:29.890 [main] DEBUG p.com.saucedemo.utils.ZipkinTracer - Span sent successfully to Zipkin
2025-08-05 01:20:29.890 [main] INFO  p.com.saucedemo.utils.ZipkinTracer - Tracked test step: Complete Flow - All test steps completed successfully (6ms, PASS)
2025-08-05 01:20:29.895 [main] DEBUG p.com.saucedemo.utils.ZipkinTracer - Span sent successfully to Zipkin
2025-08-05 01:20:29.895 [main] INFO  p.com.saucedemo.utils.ZipkinTracer - Ended span: test.complete.flow - Duration: 72707ms, Success: true
2025-08-05 01:20:29.895 [main] INFO  p.c.s.AutomationExerciseCompleteTest - All test steps completed successfully!
2025-08-05 01:20:29.895 [main] INFO  p.c.s.AutomationExerciseCompleteTest - User created: cori.okon@yahoo.com
2025-08-05 01:20:29.895 [main] INFO  p.c.s.AutomationExerciseCompleteTest - Products added to cart and order completed
2025-08-05 01:20:29.895 [main] INFO  p.c.s.AutomationExerciseCompleteTest - Trace ID: 34d9dcf25d124167
2025-08-05 01:20:29.895 [main] INFO  p.c.s.AutomationExerciseCompleteTest - === Complete End-to-End Test Flow completed ===
2025-08-05 01:20:29.899 [main] INFO  p.c.s.AutomationExerciseCompleteTest - === Cleaning up test resources ===
2025-08-05 01:20:29.899 [main] INFO  p.c.s.AutomationExerciseCompleteTest - DevTools enabled: false
2025-08-05 01:20:29.899 [main] INFO  p.c.s.AutomationExerciseCompleteTest - Total HTTP requests captured: 0
2025-08-05 01:20:29.906 [main] INFO  p.com.saucedemo.utils.NetworkTracer - DevTools session closed
2025-08-05 01:20:30.898 [main] INFO  p.c.saucedemo.config.WebDriverConfig - WebDriver quit successfully
2025-08-05 01:20:30.898 [main] INFO  p.c.s.AutomationExerciseCompleteTest - WebDriver quit successfully
2025-08-05 01:20:30.899 [main] INFO  p.com.saucedemo.utils.ZipkinTracer - ZipkinTracer cleanup completed
2025-08-05 01:20:30.899 [main] INFO  p.c.s.AutomationExerciseCompleteTest - === Test suite cleanup completed ===
2025-08-05 01:25:29.315 [main] INFO  p.c.s.AutomationExerciseCompleteTest - === Setting up test suite ===
2025-08-05 01:25:30.526 [main] INFO  p.com.saucedemo.utils.ZipkinTracer - ZipkinTracer initialized with traceId: a7e5da1b8f544ec5, spanId: 35ec846b3ad74daf, serviceName: automation-exercise-test
2025-08-05 01:25:31.219 [main] DEBUG p.com.saucedemo.utils.ZipkinTracer - Span sent successfully to Zipkin
2025-08-05 01:25:31.219 [main] INFO  p.com.saucedemo.utils.ZipkinTracer - Started span: test.suite.setup - Initialize test suite
2025-08-05 01:25:31.955 [main] INFO  i.g.bonigarcia.wdm.WebDriverManager - Using chromedriver 138.0.7204.183 (resolved driver for Chrome 138)
2025-08-05 01:25:32.006 [main] INFO  i.g.bonigarcia.wdm.WebDriverManager - Exporting webdriver.chrome.driver as C:\Users\kavci\.cache\selenium\chromedriver\win64\138.0.7204.183\chromedriver.exe
2025-08-05 01:25:34.450 [main] INFO  p.c.saucedemo.config.WebDriverConfig - WebDriver initialized successfully for browser: chrome
2025-08-05 01:25:34.457 [main] INFO  p.com.saucedemo.utils.ZipkinTracer - ZipkinTracer initialized with traceId: 79dc597d3b6a4e18, spanId: 880cb6db50254838, serviceName: automation-exercise-test
2025-08-05 01:25:34.470 [main] INFO  p.com.saucedemo.utils.ZipkinTracer - ZipkinTracer initialized with traceId: b1086e345d8349ec, spanId: 131560c2a088445b, serviceName: automation-exercise-test
2025-08-05 01:25:34.938 [main] INFO  p.c.s.utils.TestDataGenerator - Generated user info: UserInfo{firstName='Carlton', lastName='Lakin', email='myron.davis@hotmail.com', password='q45j6j3$Bj#9Csg'}
2025-08-05 01:25:35.008 [main] DEBUG p.com.saucedemo.utils.ZipkinTracer - Span sent successfully to Zipkin
2025-08-05 01:25:35.008 [main] INFO  p.com.saucedemo.utils.ZipkinTracer - Ended span: test.suite.setup - Duration: 4442ms, Success: true
2025-08-05 01:25:35.008 [main] INFO  p.c.s.AutomationExerciseCompleteTest - Test setup completed successfully with Zipkin tracing
2025-08-05 01:25:35.089 [main] INFO  p.c.s.AutomationExerciseCompleteTest - === Step 1: Creating new account ===
2025-08-05 01:25:35.113 [main] DEBUG p.com.saucedemo.utils.ZipkinTracer - Span sent successfully to Zipkin
2025-08-05 01:25:35.113 [main] INFO  p.com.saucedemo.utils.ZipkinTracer - Started span: test.create.account - Create new user account
2025-08-05 01:25:35.113 [main] INFO  proje.com.saucedemo.pages.HomePage - Navigating to AutomationExercise home page
2025-08-05 01:25:38.878 [main] INFO  proje.com.saucedemo.pages.HomePage - Successfully navigated to home page
2025-08-05 01:25:38.885 [main] DEBUG p.com.saucedemo.utils.ZipkinTracer - Span sent successfully to Zipkin
2025-08-05 01:25:38.886 [main] INFO  p.com.saucedemo.utils.ZipkinTracer - Tracked page navigation: Home - https://www.automationexercise.com (3789ms)
2025-08-05 01:25:38.886 [main] INFO  p.c.s.AutomationExerciseCompleteTest - Enabling DevTools network monitoring...
2025-08-05 01:25:38.902 [main] DEBUG p.com.saucedemo.utils.ZipkinTracer - Span sent successfully to Zipkin
2025-08-05 01:25:38.902 [main] INFO  p.com.saucedemo.utils.ZipkinTracer - Started span: enable-network-logging - Enable DevTools network monitoring
2025-08-05 01:25:38.902 [main] INFO  p.com.saucedemo.utils.NetworkTracer - Chrome driver detected, initializing DevTools...
2025-08-05 01:25:38.904 [main] ERROR p.com.saucedemo.utils.NetworkTracer -  DevTools failed to initialize: You are using a no-op implementation of the CDP. The most likely reason for this is that Selenium was unable to find an implementation of the CDP protocol that matches your browser. Please be sure to include an implementation on the classpath, possibly by adding a new (maven) dependency of `org.seleniumhq.selenium:selenium-devtools-vNN:4.18.1` where `NN` matches the major version of the browser you're using.
Build info: version: '4.18.1', revision: 'b1d3319b48'
System info: os.name: 'Windows 10', os.arch: 'amd64', os.version: '10.0', java.version: '21'
Driver info: DevTools Connection
2025-08-05 01:25:38.904 [main] ERROR p.com.saucedemo.utils.NetworkTracer - Stack trace:
org.openqa.selenium.devtools.DevToolsException: You are using a no-op implementation of the CDP. The most likely reason for this is that Selenium was unable to find an implementation of the CDP protocol that matches your browser. Please be sure to include an implementation on the classpath, possibly by adding a new (maven) dependency of `org.seleniumhq.selenium:selenium-devtools-vNN:4.18.1` where `NN` matches the major version of the browser you're using.
Build info: version: '4.18.1', revision: 'b1d3319b48'
System info: os.name: 'Windows 10', os.arch: 'amd64', os.version: '10.0', java.version: '21'
Driver info: DevTools Connection
	at org.openqa.selenium.devtools.noop.NoOpDomains.target(NoOpDomains.java:60)
	at org.openqa.selenium.devtools.DevTools.findTarget(DevTools.java:171)
	at org.openqa.selenium.devtools.DevTools.createSession(DevTools.java:131)
	at org.openqa.selenium.devtools.DevTools.createSession(DevTools.java:117)
	at proje.com.saucedemo.utils.NetworkTracer.enableNetworkLogging(NetworkTracer.java:48)
	at proje.com.saucedemo.AutomationExerciseCompleteTest.testCreateAccount(AutomationExerciseCompleteTest.java:148)
	at java.base/jdk.internal.reflect.DirectMethodHandleAccessor.invoke(DirectMethodHandleAccessor.java:103)
	at java.base/java.lang.reflect.Method.invoke(Method.java:580)
	at org.junit.platform.commons.util.ReflectionUtils.invokeMethod(ReflectionUtils.java:728)
	at org.junit.jupiter.engine.execution.MethodInvocation.proceed(MethodInvocation.java:60)
	at org.junit.jupiter.engine.execution.InvocationInterceptorChain$ValidatingInvocation.proceed(InvocationInterceptorChain.java:131)
	at org.junit.jupiter.engine.extension.TimeoutExtension.intercept(TimeoutExtension.java:156)
	at org.junit.jupiter.engine.extension.TimeoutExtension.interceptTestableMethod(TimeoutExtension.java:147)
	at org.junit.jupiter.engine.extension.TimeoutExtension.interceptTestMethod(TimeoutExtension.java:86)
	at org.junit.jupiter.engine.execution.InterceptingExecutableInvoker$ReflectiveInterceptorCall.lambda$ofVoidMethod$0(InterceptingExecutableInvoker.java:103)
	at org.junit.jupiter.engine.execution.InterceptingExecutableInvoker.lambda$invoke$0(InterceptingExecutableInvoker.java:93)
	at org.junit.jupiter.engine.execution.InvocationInterceptorChain$InterceptedInvocation.proceed(InvocationInterceptorChain.java:106)
	at org.junit.jupiter.engine.execution.InvocationInterceptorChain.proceed(InvocationInterceptorChain.java:64)
	at org.junit.jupiter.engine.execution.InvocationInterceptorChain.chainAndInvoke(InvocationInterceptorChain.java:45)
	at org.junit.jupiter.engine.execution.InvocationInterceptorChain.invoke(InvocationInterceptorChain.java:37)
	at org.junit.jupiter.engine.execution.InterceptingExecutableInvoker.invoke(InterceptingExecutableInvoker.java:92)
	at org.junit.jupiter.engine.execution.InterceptingExecutableInvoker.invoke(InterceptingExecutableInvoker.java:86)
	at org.junit.jupiter.engine.descriptor.TestMethodTestDescriptor.lambda$invokeTestMethod$7(TestMethodTestDescriptor.java:218)
	at org.junit.platform.engine.support.hierarchical.ThrowableCollector.execute(ThrowableCollector.java:73)
	at org.junit.jupiter.engine.descriptor.TestMethodTestDescriptor.invokeTestMethod(TestMethodTestDescriptor.java:214)
	at org.junit.jupiter.engine.descriptor.TestMethodTestDescriptor.execute(TestMethodTestDescriptor.java:139)
	at org.junit.jupiter.engine.descriptor.TestMethodTestDescriptor.execute(TestMethodTestDescriptor.java:69)
	at org.junit.platform.engine.support.hierarchical.NodeTestTask.lambda$executeRecursively$6(NodeTestTask.java:151)
	at org.junit.platform.engine.support.hierarchical.ThrowableCollector.execute(ThrowableCollector.java:73)
	at org.junit.platform.engine.support.hierarchical.NodeTestTask.lambda$executeRecursively$8(NodeTestTask.java:141)
	at org.junit.platform.engine.support.hierarchical.Node.around(Node.java:137)
	at org.junit.platform.engine.support.hierarchical.NodeTestTask.lambda$executeRecursively$9(NodeTestTask.java:139)
	at org.junit.platform.engine.support.hierarchical.ThrowableCollector.execute(ThrowableCollector.java:73)
	at org.junit.platform.engine.support.hierarchical.NodeTestTask.executeRecursively(NodeTestTask.java:138)
	at org.junit.platform.engine.support.hierarchical.NodeTestTask.execute(NodeTestTask.java:95)
	at java.base/java.util.ArrayList.forEach(ArrayList.java:1596)
	at org.junit.platform.engine.support.hierarchical.SameThreadHierarchicalTestExecutorService.invokeAll(SameThreadHierarchicalTestExecutorService.java:41)
	at org.junit.platform.engine.support.hierarchical.NodeTestTask.lambda$executeRecursively$6(NodeTestTask.java:155)
	at org.junit.platform.engine.support.hierarchical.ThrowableCollector.execute(ThrowableCollector.java:73)
	at org.junit.platform.engine.support.hierarchical.NodeTestTask.lambda$executeRecursively$8(NodeTestTask.java:141)
	at org.junit.platform.engine.support.hierarchical.Node.around(Node.java:137)
	at org.junit.platform.engine.support.hierarchical.NodeTestTask.lambda$executeRecursively$9(NodeTestTask.java:139)
	at org.junit.platform.engine.support.hierarchical.ThrowableCollector.execute(ThrowableCollector.java:73)
	at org.junit.platform.engine.support.hierarchical.NodeTestTask.executeRecursively(NodeTestTask.java:138)
	at org.junit.platform.engine.support.hierarchical.NodeTestTask.execute(NodeTestTask.java:95)
	at java.base/java.util.ArrayList.forEach(ArrayList.java:1596)
	at org.junit.platform.engine.support.hierarchical.SameThreadHierarchicalTestExecutorService.invokeAll(SameThreadHierarchicalTestExecutorService.java:41)
	at org.junit.platform.engine.support.hierarchical.NodeTestTask.lambda$executeRecursively$6(NodeTestTask.java:155)
	at org.junit.platform.engine.support.hierarchical.ThrowableCollector.execute(ThrowableCollector.java:73)
	at org.junit.platform.engine.support.hierarchical.NodeTestTask.lambda$executeRecursively$8(NodeTestTask.java:141)
	at org.junit.platform.engine.support.hierarchical.Node.around(Node.java:137)
	at org.junit.platform.engine.support.hierarchical.NodeTestTask.lambda$executeRecursively$9(NodeTestTask.java:139)
	at org.junit.platform.engine.support.hierarchical.ThrowableCollector.execute(ThrowableCollector.java:73)
	at org.junit.platform.engine.support.hierarchical.NodeTestTask.executeRecursively(NodeTestTask.java:138)
	at org.junit.platform.engine.support.hierarchical.NodeTestTask.execute(NodeTestTask.java:95)
	at org.junit.platform.engine.support.hierarchical.SameThreadHierarchicalTestExecutorService.submit(SameThreadHierarchicalTestExecutorService.java:35)
	at org.junit.platform.engine.support.hierarchical.HierarchicalTestExecutor.execute(HierarchicalTestExecutor.java:57)
	at org.junit.platform.engine.support.hierarchical.HierarchicalTestEngine.execute(HierarchicalTestEngine.java:54)
	at org.junit.platform.launcher.core.EngineExecutionOrchestrator.execute(EngineExecutionOrchestrator.java:198)
	at org.junit.platform.launcher.core.EngineExecutionOrchestrator.execute(EngineExecutionOrchestrator.java:169)
	at org.junit.platform.launcher.core.EngineExecutionOrchestrator.execute(EngineExecutionOrchestrator.java:93)
	at org.junit.platform.launcher.core.EngineExecutionOrchestrator.lambda$execute$0(EngineExecutionOrchestrator.java:58)
	at org.junit.platform.launcher.core.EngineExecutionOrchestrator.withInterceptedStreams(EngineExecutionOrchestrator.java:141)
	at org.junit.platform.launcher.core.EngineExecutionOrchestrator.execute(EngineExecutionOrchestrator.java:57)
	at org.junit.platform.launcher.core.DefaultLauncher.execute(DefaultLauncher.java:103)
	at org.junit.platform.launcher.core.DefaultLauncher.execute(DefaultLauncher.java:85)
	at org.junit.platform.launcher.core.DelegatingLauncher.execute(DelegatingLauncher.java:47)
	at org.junit.platform.launcher.core.SessionPerRequestLauncher.execute(SessionPerRequestLauncher.java:63)
	at com.intellij.junit5.JUnit5IdeaTestRunner.startRunnerWithArgs(JUnit5IdeaTestRunner.java:57)
	at com.intellij.rt.junit.IdeaTestRunner$Repeater$1.execute(IdeaTestRunner.java:38)
	at com.intellij.rt.execution.junit.TestsRepeater.repeat(TestsRepeater.java:11)
	at com.intellij.rt.junit.IdeaTestRunner$Repeater.startRunnerWithArgs(IdeaTestRunner.java:35)
	at com.intellij.rt.junit.JUnitStarter.prepareStreamsAndStart(JUnitStarter.java:231)
	at com.intellij.rt.junit.JUnitStarter.main(JUnitStarter.java:55)
2025-08-05 01:25:38.917 [main] DEBUG p.com.saucedemo.utils.ZipkinTracer - Span sent successfully to Zipkin
2025-08-05 01:25:38.917 [main] INFO  p.com.saucedemo.utils.ZipkinTracer - Ended span: enable-network-logging - Duration: 4440ms, Success: true
2025-08-05 01:25:38.917 [main] INFO  p.c.s.AutomationExerciseCompleteTest - DevTools network monitoring enabled successfully
2025-08-05 01:25:38.917 [main] INFO  proje.com.saucedemo.pages.HomePage - Clicking on Signup/Login link
2025-08-05 01:25:40.650 [main] INFO  proje.com.saucedemo.pages.HomePage - Successfully clicked on Signup/Login link
2025-08-05 01:25:40.664 [main] DEBUG p.com.saucedemo.utils.ZipkinTracer - Span sent successfully to Zipkin
2025-08-05 01:25:40.665 [main] INFO  p.com.saucedemo.utils.ZipkinTracer - Tracked element interaction: SignupLogin Link - click (5562ms)
2025-08-05 01:25:40.665 [main] INFO  p.c.saucedemo.pages.SignupLoginPage - Starting signup process with name: Carlton Lakin and email: myron.davis@hotmail.com
2025-08-05 01:25:43.897 [main] INFO  p.c.saucedemo.pages.SignupLoginPage - Signup form submitted
2025-08-05 01:25:43.913 [main] DEBUG p.com.saucedemo.utils.ZipkinTracer - Span sent successfully to Zipkin
2025-08-05 01:25:43.914 [main] INFO  p.com.saucedemo.utils.ZipkinTracer - Tracked element interaction: Signup Form - submit (8809ms)
2025-08-05 01:25:54.080 [main] INFO  p.c.s.utils.TestDataGenerator - Generated account info: AccountInfo{title='Mr', firstName='Evita', lastName='Paucek', company='Johnson-Stanton', address1='74803 Greenholt Plains, Romagueramouth, FL 78646', address2='Apt. 861 505 Sherrell Forks, North Celestehaven, MN 01313', country='Haiti', state='Indiana', city='Rhettbury', zipcode='14368-3540', mobileNumber='597.630.2842 x71453', day='21', month='5', year='1985'}
2025-08-05 01:25:54.102 [main] INFO  p.c.saucedemo.pages.SignupLoginPage - Filling account information form
2025-08-05 01:25:56.171 [main] INFO  p.c.saucedemo.pages.SignupLoginPage - Account information form filled successfully
2025-08-05 01:25:56.177 [main] DEBUG p.com.saucedemo.utils.ZipkinTracer - Span sent successfully to Zipkin
2025-08-05 01:25:56.177 [main] INFO  p.com.saucedemo.utils.ZipkinTracer - Tracked element interaction: Account Details - fill (21083ms)
2025-08-05 01:25:56.177 [main] INFO  p.c.saucedemo.pages.SignupLoginPage - Creating account
2025-08-05 01:25:58.441 [main] INFO  p.c.saucedemo.pages.SignupLoginPage - Account creation initiated
2025-08-05 01:25:58.447 [main] DEBUG p.com.saucedemo.utils.ZipkinTracer - Span sent successfully to Zipkin
2025-08-05 01:25:58.447 [main] INFO  p.com.saucedemo.utils.ZipkinTracer - Tracked element interaction: Create Account Button - click (23352ms)
2025-08-05 01:25:58.496 [main] INFO  p.c.saucedemo.pages.SignupLoginPage - Account created successfully
2025-08-05 01:25:58.496 [main] INFO  p.c.s.v.VerificationHelper - Account created successfully
2025-08-05 01:25:58.505 [main] DEBUG p.com.saucedemo.utils.ZipkinTracer - Span sent successfully to Zipkin
2025-08-05 01:25:58.506 [main] INFO  p.com.saucedemo.utils.ZipkinTracer - Tracked test step: Account Creation Verification - Verify account was created successfully (23407ms, PASS)
2025-08-05 01:25:58.511 [main] DEBUG p.com.saucedemo.utils.ZipkinTracer - Span sent successfully to Zipkin
2025-08-05 01:25:58.511 [main] INFO  p.com.saucedemo.utils.ZipkinTracer - Tracked test step: Create Account - Successfully created user account (23417ms, PASS)
2025-08-05 01:25:58.515 [main] DEBUG p.com.saucedemo.utils.ZipkinTracer - Span sent successfully to Zipkin
2025-08-05 01:25:58.516 [main] INFO  p.com.saucedemo.utils.ZipkinTracer - Ended span: test.create.account - Duration: 27987ms, Success: true
2025-08-05 01:25:58.517 [main] INFO  p.c.s.AutomationExerciseCompleteTest - === Step 1 completed: Account created successfully ===
2025-08-05 01:25:58.539 [main] INFO  p.c.s.AutomationExerciseCompleteTest - === Step 2: Adding products to cart ===
2025-08-05 01:25:58.547 [main] DEBUG p.com.saucedemo.utils.ZipkinTracer - Span sent successfully to Zipkin
2025-08-05 01:25:58.547 [main] INFO  p.com.saucedemo.utils.ZipkinTracer - Started span: test.add.products - Add random products to cart
2025-08-05 01:25:58.549 [main] INFO  p.com.saucedemo.pages.ProductsPage - Navigating to products page
2025-08-05 01:26:00.767 [main] INFO  p.com.saucedemo.pages.ProductsPage - Successfully navigated to products page
2025-08-05 01:26:00.777 [main] DEBUG p.com.saucedemo.utils.ZipkinTracer - Span sent successfully to Zipkin
2025-08-05 01:26:00.778 [main] INFO  p.com.saucedemo.utils.ZipkinTracer - Tracked page navigation: Products - https://www.automationexercise.com/products (2229ms)
2025-08-05 01:26:00.940 [main] INFO  p.c.s.v.VerificationHelper - Products page loaded successfully
2025-08-05 01:26:00.940 [main] INFO  p.com.saucedemo.pages.ProductsPage - Adding random product to cart
2025-08-05 01:26:00.940 [main] INFO  p.com.saucedemo.pages.ProductsPage - Getting all add to cart buttons
2025-08-05 01:26:11.424 [main] ERROR p.c.s.AutomationExerciseCompleteTest - Step 2 failed: Expected condition failed: waiting for element to be clickable: [[ChromeDriver: chrome on windows (4605a0799f69c3554889338a83bf81fd)] -> css selector: .add-to-cart] (tried for 10 second(s) with 500 milliseconds interval)
Build info: version: '4.18.1', revision: 'b1d3319b48'
System info: os.name: 'Windows 10', os.arch: 'amd64', os.version: '10.0', java.version: '21'
Driver info: org.openqa.selenium.chrome.ChromeDriver
Capabilities {acceptInsecureCerts: false, browserName: chrome, browserVersion: 138.0.7204.184, chrome: {chromedriverVersion: 138.0.7204.183 (e90faf484dd..., userDataDir: C:\Users\kavci\AppData\Loca...}, fedcm:accounts: true, goog:chromeOptions: {debuggerAddress: localhost:65107}, networkConnectionEnabled: false, pageLoadStrategy: normal, platformName: windows, proxy: Proxy(), se:cdp: ws://localhost:65107/devtoo..., se:cdpVersion: 138.0.7204.184, setWindowRect: true, strictFileInteractability: false, timeouts: {implicit: 0, pageLoad: 300000, script: 30000}, unhandledPromptBehavior: dismiss and notify, webauthn:extension:credBlob: true, webauthn:extension:largeBlob: true, webauthn:extension:minPinLength: true, webauthn:extension:prf: true, webauthn:virtualAuthenticators: true}
Session ID: 4605a0799f69c3554889338a83bf81fd
2025-08-05 01:26:11.439 [main] DEBUG p.com.saucedemo.utils.ZipkinTracer - Span sent successfully to Zipkin
2025-08-05 01:26:11.439 [main] INFO  p.com.saucedemo.utils.ZipkinTracer - Tracked test step: Add Products - Failed to add products to cart (12885ms, FAIL)
2025-08-05 01:26:11.452 [main] DEBUG p.com.saucedemo.utils.ZipkinTracer - Span sent successfully to Zipkin
2025-08-05 01:26:11.453 [main] INFO  p.com.saucedemo.utils.ZipkinTracer - Ended span: test.add.products - Duration: 40915ms, Success: false
2025-08-05 01:26:11.472 [main] INFO  p.c.s.AutomationExerciseCompleteTest - === Step 3: Verifying cart products ===
2025-08-05 01:26:11.480 [main] DEBUG p.com.saucedemo.utils.ZipkinTracer - Span sent successfully to Zipkin
2025-08-05 01:26:11.480 [main] INFO  p.com.saucedemo.utils.ZipkinTracer - Started span: test.verify.cart - Verify products in cart
2025-08-05 01:26:11.481 [main] INFO  proje.com.saucedemo.pages.CartPage - Navigating to cart page
2025-08-05 01:26:23.196 [main] ERROR p.c.s.AutomationExerciseCompleteTest - Step 3 failed: Expected condition failed: waiting for visibility of element located by By.cssSelector: .breadcrumbs h2 (tried for 10 second(s) with 500 milliseconds interval)
Build info: version: '4.18.1', revision: 'b1d3319b48'
System info: os.name: 'Windows 10', os.arch: 'amd64', os.version: '10.0', java.version: '21'
Driver info: org.openqa.selenium.chrome.ChromeDriver
Capabilities {acceptInsecureCerts: false, browserName: chrome, browserVersion: 138.0.7204.184, chrome: {chromedriverVersion: 138.0.7204.183 (e90faf484dd..., userDataDir: C:\Users\kavci\AppData\Loca...}, fedcm:accounts: true, goog:chromeOptions: {debuggerAddress: localhost:65107}, networkConnectionEnabled: false, pageLoadStrategy: normal, platformName: windows, proxy: Proxy(), se:cdp: ws://localhost:65107/devtoo..., se:cdpVersion: 138.0.7204.184, setWindowRect: true, strictFileInteractability: false, timeouts: {implicit: 0, pageLoad: 300000, script: 30000}, unhandledPromptBehavior: dismiss and notify, webauthn:extension:credBlob: true, webauthn:extension:largeBlob: true, webauthn:extension:minPinLength: true, webauthn:extension:prf: true, webauthn:virtualAuthenticators: true}
Session ID: 4605a0799f69c3554889338a83bf81fd
2025-08-05 01:26:23.201 [main] DEBUG p.com.saucedemo.utils.ZipkinTracer - Span sent successfully to Zipkin
2025-08-05 01:26:23.201 [main] INFO  p.com.saucedemo.utils.ZipkinTracer - Tracked test step: Verify Cart - Failed to verify cart products (11725ms, FAIL)
2025-08-05 01:26:23.206 [main] DEBUG p.com.saucedemo.utils.ZipkinTracer - Span sent successfully to Zipkin
2025-08-05 01:26:23.206 [main] INFO  p.com.saucedemo.utils.ZipkinTracer - Ended span: test.verify.cart - Duration: 52678ms, Success: false
2025-08-05 01:26:23.210 [main] INFO  p.c.s.AutomationExerciseCompleteTest - === Step 4: Proceeding to checkout ===
2025-08-05 01:26:23.217 [main] DEBUG p.com.saucedemo.utils.ZipkinTracer - Span sent successfully to Zipkin
2025-08-05 01:26:23.217 [main] INFO  p.com.saucedemo.utils.ZipkinTracer - Started span: test.proceed.checkout - Proceed to checkout
2025-08-05 01:26:23.217 [main] INFO  proje.com.saucedemo.pages.CartPage - Clicking on Proceed to Checkout button
2025-08-05 01:26:33.245 [main] ERROR p.c.s.AutomationExerciseCompleteTest - Step 4 failed: Expected condition failed: waiting for element to be clickable: By.cssSelector: .btn.check_out (tried for 10 second(s) with 500 milliseconds interval)
Build info: version: '4.18.1', revision: 'b1d3319b48'
System info: os.name: 'Windows 10', os.arch: 'amd64', os.version: '10.0', java.version: '21'
Driver info: org.openqa.selenium.chrome.ChromeDriver
Capabilities {acceptInsecureCerts: false, browserName: chrome, browserVersion: 138.0.7204.184, chrome: {chromedriverVersion: 138.0.7204.183 (e90faf484dd..., userDataDir: C:\Users\kavci\AppData\Loca...}, fedcm:accounts: true, goog:chromeOptions: {debuggerAddress: localhost:65107}, networkConnectionEnabled: false, pageLoadStrategy: normal, platformName: windows, proxy: Proxy(), se:cdp: ws://localhost:65107/devtoo..., se:cdpVersion: 138.0.7204.184, setWindowRect: true, strictFileInteractability: false, timeouts: {implicit: 0, pageLoad: 300000, script: 30000}, unhandledPromptBehavior: dismiss and notify, webauthn:extension:credBlob: true, webauthn:extension:largeBlob: true, webauthn:extension:minPinLength: true, webauthn:extension:prf: true, webauthn:virtualAuthenticators: true}
Session ID: 4605a0799f69c3554889338a83bf81fd
2025-08-05 01:26:33.251 [main] DEBUG p.com.saucedemo.utils.ZipkinTracer - Span sent successfully to Zipkin
2025-08-05 01:26:33.251 [main] INFO  p.com.saucedemo.utils.ZipkinTracer - Tracked test step: Proceed Checkout - Failed to proceed to checkout (10035ms, FAIL)
2025-08-05 01:26:33.256 [main] DEBUG p.com.saucedemo.utils.ZipkinTracer - Span sent successfully to Zipkin
2025-08-05 01:26:33.256 [main] INFO  p.com.saucedemo.utils.ZipkinTracer - Ended span: test.proceed.checkout - Duration: 62727ms, Success: false
2025-08-05 01:26:33.260 [main] INFO  p.c.s.AutomationExerciseCompleteTest - === Step 5: Filling checkout information ===
2025-08-05 01:26:33.266 [main] DEBUG p.com.saucedemo.utils.ZipkinTracer - Span sent successfully to Zipkin
2025-08-05 01:26:33.266 [main] INFO  p.com.saucedemo.utils.ZipkinTracer - Started span: test.fill.checkout - Fill checkout information
2025-08-05 01:26:33.268 [main] INFO  p.c.s.utils.TestDataGenerator - Generated checkout info: CheckoutInfo{firstName='Amado', lastName='Greenfelder', postalCode='00041', address='Suite 042 06631 Boyer Mission, New Jewel, ND 39102', city='Schroedermouth', state='Connecticut', phone='1-352-037-4154 x168', country='Spain'}
2025-08-05 01:26:33.273 [main] INFO  p.com.saucedemo.pages.CheckoutPage - Filling delivery address information
2025-08-05 01:26:43.291 [main] ERROR p.c.s.AutomationExerciseCompleteTest - Step 5 failed: Expected condition failed: waiting for visibility of element located by By.id: name (tried for 10 second(s) with 500 milliseconds interval)
Build info: version: '4.18.1', revision: 'b1d3319b48'
System info: os.name: 'Windows 10', os.arch: 'amd64', os.version: '10.0', java.version: '21'
Driver info: org.openqa.selenium.chrome.ChromeDriver
Capabilities {acceptInsecureCerts: false, browserName: chrome, browserVersion: 138.0.7204.184, chrome: {chromedriverVersion: 138.0.7204.183 (e90faf484dd..., userDataDir: C:\Users\kavci\AppData\Loca...}, fedcm:accounts: true, goog:chromeOptions: {debuggerAddress: localhost:65107}, networkConnectionEnabled: false, pageLoadStrategy: normal, platformName: windows, proxy: Proxy(), se:cdp: ws://localhost:65107/devtoo..., se:cdpVersion: 138.0.7204.184, setWindowRect: true, strictFileInteractability: false, timeouts: {implicit: 0, pageLoad: 300000, script: 30000}, unhandledPromptBehavior: dismiss and notify, webauthn:extension:credBlob: true, webauthn:extension:largeBlob: true, webauthn:extension:minPinLength: true, webauthn:extension:prf: true, webauthn:virtualAuthenticators: true}
Session ID: 4605a0799f69c3554889338a83bf81fd
2025-08-05 01:26:43.307 [main] DEBUG p.com.saucedemo.utils.ZipkinTracer - Span sent successfully to Zipkin
2025-08-05 01:26:43.308 [main] INFO  p.com.saucedemo.utils.ZipkinTracer - Tracked test step: Fill Checkout - Failed to fill checkout information (10031ms, FAIL)
2025-08-05 01:26:43.320 [main] DEBUG p.com.saucedemo.utils.ZipkinTracer - Span sent successfully to Zipkin
2025-08-05 01:26:43.321 [main] INFO  p.com.saucedemo.utils.ZipkinTracer - Ended span: test.fill.checkout - Duration: 72784ms, Success: false
2025-08-05 01:26:43.330 [main] INFO  p.c.s.AutomationExerciseCompleteTest - === Step 6: Completing payment ===
2025-08-05 01:26:43.336 [main] DEBUG p.com.saucedemo.utils.ZipkinTracer - Span sent successfully to Zipkin
2025-08-05 01:26:43.336 [main] INFO  p.com.saucedemo.utils.ZipkinTracer - Started span: test.complete.payment - Complete payment process
2025-08-05 01:26:43.336 [main] INFO  p.com.saucedemo.pages.PaymentPage - Completing payment with random card data
2025-08-05 01:26:43.337 [main] INFO  p.com.saucedemo.pages.PaymentPage - Filling card information
2025-08-05 01:26:53.358 [main] ERROR p.c.s.AutomationExerciseCompleteTest - Step 6 failed: Expected condition failed: waiting for visibility of element located by By.id: name_on_card (tried for 10 second(s) with 500 milliseconds interval)
Build info: version: '4.18.1', revision: 'b1d3319b48'
System info: os.name: 'Windows 10', os.arch: 'amd64', os.version: '10.0', java.version: '21'
Driver info: org.openqa.selenium.chrome.ChromeDriver
Capabilities {acceptInsecureCerts: false, browserName: chrome, browserVersion: 138.0.7204.184, chrome: {chromedriverVersion: 138.0.7204.183 (e90faf484dd..., userDataDir: C:\Users\kavci\AppData\Loca...}, fedcm:accounts: true, goog:chromeOptions: {debuggerAddress: localhost:65107}, networkConnectionEnabled: false, pageLoadStrategy: normal, platformName: windows, proxy: Proxy(), se:cdp: ws://localhost:65107/devtoo..., se:cdpVersion: 138.0.7204.184, setWindowRect: true, strictFileInteractability: false, timeouts: {implicit: 0, pageLoad: 300000, script: 30000}, unhandledPromptBehavior: dismiss and notify, webauthn:extension:credBlob: true, webauthn:extension:largeBlob: true, webauthn:extension:minPinLength: true, webauthn:extension:prf: true, webauthn:virtualAuthenticators: true}
Session ID: 4605a0799f69c3554889338a83bf81fd
2025-08-05 01:26:53.365 [main] DEBUG p.com.saucedemo.utils.ZipkinTracer - Span sent successfully to Zipkin
2025-08-05 01:26:53.366 [main] INFO  p.com.saucedemo.utils.ZipkinTracer - Tracked test step: Complete Payment - Failed to complete payment (10029ms, FAIL)
2025-08-05 01:26:53.371 [main] DEBUG p.com.saucedemo.utils.ZipkinTracer - Span sent successfully to Zipkin
2025-08-05 01:26:53.371 [main] INFO  p.com.saucedemo.utils.ZipkinTracer - Ended span: test.complete.payment - Duration: 82842ms, Success: false
2025-08-05 01:26:53.376 [main] INFO  p.c.s.AutomationExerciseCompleteTest - === Step 7: Verifying order completion ===
2025-08-05 01:26:53.386 [main] DEBUG p.com.saucedemo.utils.ZipkinTracer - Span sent successfully to Zipkin
2025-08-05 01:26:53.386 [main] INFO  p.com.saucedemo.utils.ZipkinTracer - Started span: test.verify.completion - Verify order completion
2025-08-05 01:26:53.386 [main] INFO  proje.com.saucedemo.pages.HomePage - Navigating to AutomationExercise home page
2025-08-05 01:26:55.795 [main] INFO  proje.com.saucedemo.pages.HomePage - Successfully navigated to home page
2025-08-05 01:26:55.828 [main] DEBUG p.com.saucedemo.utils.ZipkinTracer - Span sent successfully to Zipkin
2025-08-05 01:26:55.828 [main] INFO  p.com.saucedemo.utils.ZipkinTracer - Tracked page navigation: Home - https://www.automationexercise.com (2421ms)
2025-08-05 01:26:56.045 [main] INFO  p.c.s.v.VerificationHelper - Home page loaded successfully
2025-08-05 01:26:56.090 [main] INFO  p.c.s.v.VerificationHelper - URL verification successful: https://www.automationexercise.com/
2025-08-05 01:26:56.112 [main] DEBUG p.com.saucedemo.utils.ZipkinTracer - Span sent successfully to Zipkin
2025-08-05 01:26:56.114 [main] INFO  p.com.saucedemo.utils.ZipkinTracer - Tracked test step: Verify Completion - Successfully verified order completion (2714ms, PASS)
2025-08-05 01:26:56.137 [main] DEBUG p.com.saucedemo.utils.ZipkinTracer - Span sent successfully to Zipkin
2025-08-05 01:26:56.137 [main] INFO  p.com.saucedemo.utils.ZipkinTracer - Ended span: test.verify.completion - Duration: 85590ms, Success: true
2025-08-05 01:26:56.137 [main] INFO  p.c.s.AutomationExerciseCompleteTest - === Step 7 completed: Order completion verified ===
2025-08-05 01:26:56.141 [main] INFO  p.c.s.AutomationExerciseCompleteTest - === Complete End-to-End Test Flow ===
2025-08-05 01:26:56.157 [main] DEBUG p.com.saucedemo.utils.ZipkinTracer - Span sent successfully to Zipkin
2025-08-05 01:26:56.157 [main] INFO  p.com.saucedemo.utils.ZipkinTracer - Started span: test.complete.flow - Complete end-to-end test flow
2025-08-05 01:26:56.174 [main] DEBUG p.com.saucedemo.utils.ZipkinTracer - Span sent successfully to Zipkin
2025-08-05 01:26:56.174 [main] INFO  p.com.saucedemo.utils.ZipkinTracer - Tracked test step: Complete Flow - All test steps completed successfully (16ms, PASS)
2025-08-05 01:26:56.208 [main] DEBUG p.com.saucedemo.utils.ZipkinTracer - Span sent successfully to Zipkin
2025-08-05 01:26:56.209 [main] INFO  p.com.saucedemo.utils.ZipkinTracer - Ended span: test.complete.flow - Duration: 85653ms, Success: true
2025-08-05 01:26:56.209 [main] INFO  p.c.s.AutomationExerciseCompleteTest - All test steps completed successfully!
2025-08-05 01:26:56.209 [main] INFO  p.c.s.AutomationExerciseCompleteTest - User created: myron.davis@hotmail.com
2025-08-05 01:26:56.209 [main] INFO  p.c.s.AutomationExerciseCompleteTest - Products added to cart and order completed
2025-08-05 01:26:56.209 [main] INFO  p.c.s.AutomationExerciseCompleteTest - Trace ID: a7e5da1b8f544ec5
2025-08-05 01:26:56.209 [main] INFO  p.c.s.AutomationExerciseCompleteTest - === Complete End-to-End Test Flow completed ===
2025-08-05 01:26:56.220 [main] INFO  p.c.s.AutomationExerciseCompleteTest - === Cleaning up test resources ===
2025-08-05 01:26:56.220 [main] INFO  p.c.s.AutomationExerciseCompleteTest - DevTools enabled: false
2025-08-05 01:26:56.222 [main] INFO  p.c.s.AutomationExerciseCompleteTest - Total HTTP requests captured: 0
2025-08-05 01:26:56.236 [main] INFO  p.com.saucedemo.utils.NetworkTracer - DevTools session closed
2025-08-05 01:26:57.165 [main] INFO  p.c.saucedemo.config.WebDriverConfig - WebDriver quit successfully
2025-08-05 01:26:57.166 [main] INFO  p.c.s.AutomationExerciseCompleteTest - WebDriver quit successfully
2025-08-05 01:26:57.166 [main] INFO  p.com.saucedemo.utils.ZipkinTracer - ZipkinTracer cleanup completed
2025-08-05 01:26:57.166 [main] INFO  p.c.s.AutomationExerciseCompleteTest - === Test suite cleanup completed ===
